ARM GAS  C:\Users\franf\AppData\Local\Temp\cc4XKwOb.s 			page 1


   1              		.syntax unified
   2              		.cpu cortex-m3
   3              		.fpu softvfp
   4              		.eabi_attribute 20, 1
   5              		.eabi_attribute 21, 1
   6              		.eabi_attribute 23, 3
   7              		.eabi_attribute 24, 1
   8              		.eabi_attribute 25, 1
   9              		.eabi_attribute 26, 1
  10              		.eabi_attribute 30, 1
  11              		.eabi_attribute 34, 1
  12              		.eabi_attribute 18, 4
  13              		.thumb
  14              		.syntax unified
  15              		.file	"cymetadata.c"
  16              		.text
  17              	.Ltext0:
  18              		.cfi_sections	.debug_frame
  19              		.global	cy_metadata
  20              		.global	cy_meta_flashprotect
  21              		.global	cy_meta_wonvl
  22              		.global	cy_meta_custnvl
  23              		.global	cy_meta_configecc
  24              		.section	.cyconfigecc,"a",%progbits
  25              		.align	2
  26              		.type	cy_meta_configecc, %object
  27              		.size	cy_meta_configecc, 908
  28              	cy_meta_configecc:
  29 0000 03       		.byte	3
  30 0001 65       		.byte	101
  31 0002 00       		.byte	0
  32 0003 40       		.byte	64
  33 0004 03       		.byte	3
  34 0005 15       		.byte	21
  35 0006 01       		.byte	1
  36 0007 40       		.byte	64
  37 0008 02       		.byte	2
  38 0009 17       		.byte	23
  39 000a 01       		.byte	1
  40 000b 40       		.byte	64
  41 000c 14       		.byte	20
  42 000d 18       		.byte	24
  43 000e 01       		.byte	1
  44 000f 40       		.byte	64
  45 0010 41       		.byte	65
  46 0011 19       		.byte	25
  47 0012 01       		.byte	1
  48 0013 40       		.byte	64
  49 0014 71       		.byte	113
  50 0015 1A       		.byte	26
  51 0016 01       		.byte	1
  52 0017 40       		.byte	64
  53 0018 52       		.byte	82
  54 0019 1B       		.byte	27
  55 001a 01       		.byte	1
  56 001b 40       		.byte	64
  57 001c 02       		.byte	2
ARM GAS  C:\Users\franf\AppData\Local\Temp\cc4XKwOb.s 			page 2


  58 001d 40       		.byte	64
  59 001e 01       		.byte	1
  60 001f 40       		.byte	64
  61 0020 01       		.byte	1
  62 0021 41       		.byte	65
  63 0022 01       		.byte	1
  64 0023 40       		.byte	64
  65 0024 03       		.byte	3
  66 0025 42       		.byte	66
  67 0026 01       		.byte	1
  68 0027 40       		.byte	64
  69 0028 01       		.byte	1
  70 0029 43       		.byte	67
  71 002a 01       		.byte	1
  72 002b 40       		.byte	64
  73 002c 04       		.byte	4
  74 002d 48       		.byte	72
  75 002e 01       		.byte	1
  76 002f 40       		.byte	64
  77 0030 10       		.byte	16
  78 0031 49       		.byte	73
  79 0032 01       		.byte	1
  80 0033 40       		.byte	64
  81 0034 09       		.byte	9
  82 0035 4C       		.byte	76
  83 0036 01       		.byte	1
  84 0037 40       		.byte	64
  85 0038 0D       		.byte	13
  86 0039 4D       		.byte	77
  87 003a 01       		.byte	1
  88 003b 40       		.byte	64
  89 003c 02       		.byte	2
  90 003d 50       		.byte	80
  91 003e 01       		.byte	1
  92 003f 40       		.byte	64
  93 0040 02       		.byte	2
  94 0041 51       		.byte	81
  95 0042 01       		.byte	1
  96 0043 40       		.byte	64
  97 0044 88       		.byte	-120
  98 0045 72       		.byte	114
  99 0046 89       		.byte	-119
 100 0047 38       		.byte	56
 101 0048 8B       		.byte	-117
 102 0049 0F       		.byte	15
 103 004a E0       		.byte	-32
 104 004b 08       		.byte	8
 105 004c E4       		.byte	-28
 106 004d 01       		.byte	1
 107 004e EA       		.byte	-22
 108 004f 05       		.byte	5
 109 0050 E2       		.byte	-30
 110 0051 04       		.byte	4
 111 0052 E6       		.byte	-26
 112 0053 01       		.byte	1
 113 0054 83       		.byte	-125
 114 0055 01       		.byte	1
ARM GAS  C:\Users\franf\AppData\Local\Temp\cc4XKwOb.s 			page 3


 115 0056 84       		.byte	-124
 116 0057 08       		.byte	8
 117 0058 88       		.byte	-120
 118 0059 04       		.byte	4
 119 005a 8C       		.byte	-116
 120 005b 01       		.byte	1
 121 005c 9A       		.byte	-102
 122 005d 02       		.byte	2
 123 005e A2       		.byte	-94
 124 005f 02       		.byte	2
 125 0060 A4       		.byte	-92
 126 0061 01       		.byte	1
 127 0062 A8       		.byte	-88
 128 0063 01       		.byte	1
 129 0064 B0       		.byte	-80
 130 0065 02       		.byte	2
 131 0066 B2       		.byte	-78
 132 0067 04       		.byte	4
 133 0068 B4       		.byte	-76
 134 0069 01       		.byte	1
 135 006a B5       		.byte	-75
 136 006b 01       		.byte	1
 137 006c B6       		.byte	-74
 138 006d 08       		.byte	8
 139 006e BE       		.byte	-66
 140 006f 45       		.byte	69
 141 0070 D4       		.byte	-44
 142 0071 18       		.byte	24
 143 0072 D6       		.byte	-42
 144 0073 04       		.byte	4
 145 0074 D8       		.byte	-40
 146 0075 04       		.byte	4
 147 0076 D9       		.byte	-39
 148 0077 04       		.byte	4
 149 0078 DB       		.byte	-37
 150 0079 04       		.byte	4
 151 007a DF       		.byte	-33
 152 007b 01       		.byte	1
 153 007c 00       		.byte	0
 154 007d 20       		.byte	32
 155 007e 01       		.byte	1
 156 007f 40       		.byte	64
 157 0080 03       		.byte	3
 158 0081 20       		.byte	32
 159 0082 04       		.byte	4
 160 0083 10       		.byte	16
 161 0084 05       		.byte	5
 162 0085 01       		.byte	1
 163 0086 07       		.byte	7
 164 0087 10       		.byte	16
 165 0088 09       		.byte	9
 166 0089 10       		.byte	16
 167 008a 0C       		.byte	12
 168 008b 40       		.byte	64
 169 008c 0D       		.byte	13
 170 008d 08       		.byte	8
 171 008e 0E       		.byte	14
ARM GAS  C:\Users\franf\AppData\Local\Temp\cc4XKwOb.s 			page 4


 172 008f 88       		.byte	-120
 173 0090 0F       		.byte	15
 174 0091 40       		.byte	64
 175 0092 10       		.byte	16
 176 0093 A0       		.byte	-96
 177 0094 11       		.byte	17
 178 0095 10       		.byte	16
 179 0096 15       		.byte	21
 180 0097 01       		.byte	1
 181 0098 16       		.byte	22
 182 0099 02       		.byte	2
 183 009a 17       		.byte	23
 184 009b 2A       		.byte	42
 185 009c 19       		.byte	25
 186 009d 08       		.byte	8
 187 009e 1A       		.byte	26
 188 009f 09       		.byte	9
 189 00a0 1B       		.byte	27
 190 00a1 01       		.byte	1
 191 00a2 1D       		.byte	29
 192 00a3 0D       		.byte	13
 193 00a4 1E       		.byte	30
 194 00a5 0E       		.byte	14
 195 00a6 22       		.byte	34
 196 00a7 20       		.byte	32
 197 00a8 25       		.byte	37
 198 00a9 10       		.byte	16
 199 00aa 27       		.byte	39
 200 00ab 11       		.byte	17
 201 00ac 2E       		.byte	46
 202 00ad 46       		.byte	70
 203 00ae 2F       		.byte	47
 204 00af 04       		.byte	4
 205 00b0 34       		.byte	52
 206 00b1 40       		.byte	64
 207 00b2 35       		.byte	53
 208 00b3 05       		.byte	5
 209 00b4 36       		.byte	54
 210 00b5 20       		.byte	32
 211 00b6 3A       		.byte	58
 212 00b7 02       		.byte	2
 213 00b8 3D       		.byte	61
 214 00b9 01       		.byte	1
 215 00ba 3E       		.byte	62
 216 00bb 28       		.byte	40
 217 00bc 3F       		.byte	63
 218 00bd 40       		.byte	64
 219 00be 45       		.byte	69
 220 00bf 18       		.byte	24
 221 00c0 46       		.byte	70
 222 00c1 80       		.byte	-128
 223 00c2 47       		.byte	71
 224 00c3 40       		.byte	64
 225 00c4 4C       		.byte	76
 226 00c5 80       		.byte	-128
 227 00c6 4E       		.byte	78
 228 00c7 04       		.byte	4
ARM GAS  C:\Users\franf\AppData\Local\Temp\cc4XKwOb.s 			page 5


 229 00c8 57       		.byte	87
 230 00c9 02       		.byte	2
 231 00ca 5B       		.byte	91
 232 00cb 01       		.byte	1
 233 00cc 5E       		.byte	94
 234 00cd 02       		.byte	2
 235 00ce 60       		.byte	96
 236 00cf 84       		.byte	-124
 237 00d0 63       		.byte	99
 238 00d1 02       		.byte	2
 239 00d2 6C       		.byte	108
 240 00d3 20       		.byte	32
 241 00d4 6D       		.byte	109
 242 00d5 50       		.byte	80
 243 00d6 76       		.byte	118
 244 00d7 28       		.byte	40
 245 00d8 77       		.byte	119
 246 00d9 2A       		.byte	42
 247 00da 80       		.byte	-128
 248 00db 80       		.byte	-128
 249 00dc 86       		.byte	-122
 250 00dd 01       		.byte	1
 251 00de 88       		.byte	-120
 252 00df 40       		.byte	64
 253 00e0 8A       		.byte	-118
 254 00e1 04       		.byte	4
 255 00e2 8E       		.byte	-114
 256 00e3 40       		.byte	64
 257 00e4 8F       		.byte	-113
 258 00e5 10       		.byte	16
 259 00e6 C0       		.byte	-64
 260 00e7 77       		.byte	119
 261 00e8 C2       		.byte	-62
 262 00e9 F2       		.byte	-14
 263 00ea C4       		.byte	-60
 264 00eb FE       		.byte	-2
 265 00ec CA       		.byte	-54
 266 00ed F0       		.byte	-16
 267 00ee CC       		.byte	-52
 268 00ef F0       		.byte	-16
 269 00f0 CE       		.byte	-50
 270 00f1 F1       		.byte	-15
 271 00f2 D0       		.byte	-48
 272 00f3 F0       		.byte	-16
 273 00f4 D2       		.byte	-46
 274 00f5 20       		.byte	32
 275 00f6 D6       		.byte	-42
 276 00f7 81       		.byte	-127
 277 00f8 D8       		.byte	-40
 278 00f9 0D       		.byte	13
 279 00fa E0       		.byte	-32
 280 00fb 08       		.byte	8
 281 00fc E2       		.byte	-30
 282 00fd 04       		.byte	4
 283 00fe 00       		.byte	0
 284 00ff 0C       		.byte	12
 285 0100 02       		.byte	2
ARM GAS  C:\Users\franf\AppData\Local\Temp\cc4XKwOb.s 			page 6


 286 0101 71       		.byte	113
 287 0102 04       		.byte	4
 288 0103 10       		.byte	16
 289 0104 05       		.byte	5
 290 0105 80       		.byte	-128
 291 0106 06       		.byte	6
 292 0107 AC       		.byte	-84
 293 0108 07       		.byte	7
 294 0109 13       		.byte	19
 295 010a 0F       		.byte	15
 296 010b 0C       		.byte	12
 297 010c 10       		.byte	16
 298 010d 09       		.byte	9
 299 010e 12       		.byte	18
 300 010f D0       		.byte	-48
 301 0110 14       		.byte	20
 302 0111 14       		.byte	20
 303 0112 15       		.byte	21
 304 0113 2C       		.byte	44
 305 0114 17       		.byte	23
 306 0115 43       		.byte	67
 307 0116 19       		.byte	25
 308 0117 71       		.byte	113
 309 0118 1A       		.byte	26
 310 0119 03       		.byte	3
 311 011a 1B       		.byte	27
 312 011b 06       		.byte	6
 313 011c 1F       		.byte	31
 314 011d 08       		.byte	8
 315 011e 20       		.byte	32
 316 011f 10       		.byte	16
 317 0120 21       		.byte	33
 318 0121 71       		.byte	113
 319 0122 22       		.byte	34
 320 0123 40       		.byte	64
 321 0124 23       		.byte	35
 322 0125 0E       		.byte	14
 323 0126 26       		.byte	38
 324 0127 20       		.byte	32
 325 0128 28       		.byte	40
 326 0129 DC       		.byte	-36
 327 012a 2A       		.byte	42
 328 012b 22       		.byte	34
 329 012c 30       		.byte	48
 330 012d E0       		.byte	-32
 331 012e 31       		.byte	49
 332 012f C0       		.byte	-64
 333 0130 33       		.byte	51
 334 0131 0F       		.byte	15
 335 0132 34       		.byte	52
 336 0133 1F       		.byte	31
 337 0134 35       		.byte	53
 338 0135 30       		.byte	48
 339 0136 39       		.byte	57
 340 0137 22       		.byte	34
 341 0138 3A       		.byte	58
 342 0139 02       		.byte	2
ARM GAS  C:\Users\franf\AppData\Local\Temp\cc4XKwOb.s 			page 7


 343 013a 3B       		.byte	59
 344 013b 08       		.byte	8
 345 013c 3F       		.byte	63
 346 013d 10       		.byte	16
 347 013e 40       		.byte	64
 348 013f 02       		.byte	2
 349 0140 46       		.byte	70
 350 0141 04       		.byte	4
 351 0142 49       		.byte	73
 352 0143 FF       		.byte	-1
 353 0144 4A       		.byte	74
 354 0145 07       		.byte	7
 355 0146 4B       		.byte	75
 356 0147 FF       		.byte	-1
 357 0148 4C       		.byte	76
 358 0149 40       		.byte	64
 359 014a 4D       		.byte	77
 360 014b 20       		.byte	32
 361 014c 4E       		.byte	78
 362 014d F0       		.byte	-16
 363 014e 4F       		.byte	79
 364 014f 05       		.byte	5
 365 0150 50       		.byte	80
 366 0151 08       		.byte	8
 367 0152 58       		.byte	88
 368 0153 04       		.byte	4
 369 0154 59       		.byte	89
 370 0155 04       		.byte	4
 371 0156 5A       		.byte	90
 372 0157 04       		.byte	4
 373 0158 5F       		.byte	95
 374 0159 01       		.byte	1
 375 015a 60       		.byte	96
 376 015b 40       		.byte	64
 377 015c 61       		.byte	97
 378 015d A8       		.byte	-88
 379 015e 62       		.byte	98
 380 015f 40       		.byte	64
 381 0160 63       		.byte	99
 382 0161 20       		.byte	32
 383 0162 80       		.byte	-128
 384 0163 13       		.byte	19
 385 0164 81       		.byte	-127
 386 0165 08       		.byte	8
 387 0166 82       		.byte	-126
 388 0167 04       		.byte	4
 389 0168 83       		.byte	-125
 390 0169 14       		.byte	20
 391 016a 84       		.byte	-124
 392 016b 0A       		.byte	10
 393 016c 86       		.byte	-122
 394 016d 14       		.byte	20
 395 016e 87       		.byte	-121
 396 016f 20       		.byte	32
 397 0170 88       		.byte	-120
 398 0171 20       		.byte	32
 399 0172 89       		.byte	-119
ARM GAS  C:\Users\franf\AppData\Local\Temp\cc4XKwOb.s 			page 8


 400 0173 18       		.byte	24
 401 0174 8A       		.byte	-118
 402 0175 C0       		.byte	-64
 403 0176 8C       		.byte	-116
 404 0177 80       		.byte	-128
 405 0178 8D       		.byte	-115
 406 0179 01       		.byte	1
 407 017a 8E       		.byte	-114
 408 017b 20       		.byte	32
 409 017c 92       		.byte	-110
 410 017d 08       		.byte	8
 411 017e 93       		.byte	-109
 412 017f 01       		.byte	1
 413 0180 94       		.byte	-108
 414 0181 13       		.byte	19
 415 0182 95       		.byte	-107
 416 0183 01       		.byte	1
 417 0184 96       		.byte	-106
 418 0185 0C       		.byte	12
 419 0186 98       		.byte	-104
 420 0187 E0       		.byte	-32
 421 0188 9B       		.byte	-101
 422 0189 01       		.byte	1
 423 018a 9C       		.byte	-100
 424 018b 03       		.byte	3
 425 018c 9D       		.byte	-99
 426 018d 10       		.byte	16
 427 018e 9E       		.byte	-98
 428 018f 14       		.byte	20
 429 0190 9F       		.byte	-97
 430 0191 0C       		.byte	12
 431 0192 A5       		.byte	-91
 432 0193 18       		.byte	24
 433 0194 A6       		.byte	-90
 434 0195 15       		.byte	21
 435 0196 A8       		.byte	-88
 436 0197 E0       		.byte	-32
 437 0198 AB       		.byte	-85
 438 0199 02       		.byte	2
 439 019a AC       		.byte	-84
 440 019b 40       		.byte	64
 441 019c AE       		.byte	-82
 442 019d 20       		.byte	32
 443 019e AF       		.byte	-81
 444 019f 20       		.byte	32
 445 01a0 B0       		.byte	-80
 446 01a1 10       		.byte	16
 447 01a2 B1       		.byte	-79
 448 01a3 06       		.byte	6
 449 01a4 B2       		.byte	-78
 450 01a5 E0       		.byte	-32
 451 01a6 B3       		.byte	-77
 452 01a7 01       		.byte	1
 453 01a8 B4       		.byte	-76
 454 01a9 0F       		.byte	15
 455 01aa B5       		.byte	-75
 456 01ab 20       		.byte	32
ARM GAS  C:\Users\franf\AppData\Local\Temp\cc4XKwOb.s 			page 9


 457 01ac B7       		.byte	-73
 458 01ad 18       		.byte	24
 459 01ae B9       		.byte	-71
 460 01af 08       		.byte	8
 461 01b0 BA       		.byte	-70
 462 01b1 20       		.byte	32
 463 01b2 BE       		.byte	-66
 464 01b3 01       		.byte	1
 465 01b4 BF       		.byte	-65
 466 01b5 11       		.byte	17
 467 01b6 C0       		.byte	-64
 468 01b7 26       		.byte	38
 469 01b8 C1       		.byte	-63
 470 01b9 04       		.byte	4
 471 01ba C5       		.byte	-59
 472 01bb 0B       		.byte	11
 473 01bc C6       		.byte	-58
 474 01bd E0       		.byte	-32
 475 01be C7       		.byte	-57
 476 01bf C0       		.byte	-64
 477 01c0 C8       		.byte	-56
 478 01c1 29       		.byte	41
 479 01c2 C9       		.byte	-55
 480 01c3 FF       		.byte	-1
 481 01c4 CA       		.byte	-54
 482 01c5 FF       		.byte	-1
 483 01c6 CB       		.byte	-53
 484 01c7 FF       		.byte	-1
 485 01c8 CE       		.byte	-50
 486 01c9 F0       		.byte	-16
 487 01ca CF       		.byte	-49
 488 01cb 44       		.byte	68
 489 01cc D0       		.byte	-48
 490 01cd 0C       		.byte	12
 491 01ce D4       		.byte	-44
 492 01cf 01       		.byte	1
 493 01d0 D8       		.byte	-40
 494 01d1 04       		.byte	4
 495 01d2 D9       		.byte	-39
 496 01d3 04       		.byte	4
 497 01d4 DA       		.byte	-38
 498 01d5 04       		.byte	4
 499 01d6 DB       		.byte	-37
 500 01d7 04       		.byte	4
 501 01d8 DF       		.byte	-33
 502 01d9 01       		.byte	1
 503 01da E6       		.byte	-26
 504 01db C0       		.byte	-64
 505 01dc EA       		.byte	-22
 506 01dd 40       		.byte	64
 507 01de EB       		.byte	-21
 508 01df 02       		.byte	2
 509 01e0 00       		.byte	0
 510 01e1 08       		.byte	8
 511 01e2 01       		.byte	1
 512 01e3 02       		.byte	2
 513 01e4 04       		.byte	4
ARM GAS  C:\Users\franf\AppData\Local\Temp\cc4XKwOb.s 			page 10


 514 01e5 10       		.byte	16
 515 01e6 05       		.byte	5
 516 01e7 02       		.byte	2
 517 01e8 07       		.byte	7
 518 01e9 21       		.byte	33
 519 01ea 0A       		.byte	10
 520 01eb 28       		.byte	40
 521 01ec 0B       		.byte	11
 522 01ed 40       		.byte	64
 523 01ee 0C       		.byte	12
 524 01ef 24       		.byte	36
 525 01f0 0F       		.byte	15
 526 01f1 42       		.byte	66
 527 01f2 11       		.byte	17
 528 01f3 04       		.byte	4
 529 01f4 12       		.byte	18
 530 01f5 88       		.byte	-120
 531 01f6 15       		.byte	21
 532 01f7 14       		.byte	20
 533 01f8 16       		.byte	22
 534 01f9 02       		.byte	2
 535 01fa 19       		.byte	25
 536 01fb 02       		.byte	2
 537 01fc 1A       		.byte	26
 538 01fd 08       		.byte	8
 539 01fe 1B       		.byte	27
 540 01ff 20       		.byte	32
 541 0200 1C       		.byte	28
 542 0201 18       		.byte	24
 543 0202 1D       		.byte	29
 544 0203 30       		.byte	48
 545 0204 1E       		.byte	30
 546 0205 40       		.byte	64
 547 0206 1F       		.byte	31
 548 0207 04       		.byte	4
 549 0208 21       		.byte	33
 550 0209 10       		.byte	16
 551 020a 22       		.byte	34
 552 020b 08       		.byte	8
 553 020c 23       		.byte	35
 554 020d 60       		.byte	96
 555 020e 24       		.byte	36
 556 020f 04       		.byte	4
 557 0210 25       		.byte	37
 558 0211 04       		.byte	4
 559 0212 26       		.byte	38
 560 0213 40       		.byte	64
 561 0214 27       		.byte	39
 562 0215 41       		.byte	65
 563 0216 28       		.byte	40
 564 0217 40       		.byte	64
 565 0218 29       		.byte	41
 566 0219 02       		.byte	2
 567 021a 2C       		.byte	44
 568 021b 20       		.byte	32
 569 021c 2F       		.byte	47
 570 021d 06       		.byte	6
ARM GAS  C:\Users\franf\AppData\Local\Temp\cc4XKwOb.s 			page 11


 571 021e 31       		.byte	49
 572 021f 10       		.byte	16
 573 0220 32       		.byte	50
 574 0221 88       		.byte	-120
 575 0222 35       		.byte	53
 576 0223 05       		.byte	5
 577 0224 36       		.byte	54
 578 0225 40       		.byte	64
 579 0226 37       		.byte	55
 580 0227 10       		.byte	16
 581 0228 38       		.byte	56
 582 0229 08       		.byte	8
 583 022a 39       		.byte	57
 584 022b 04       		.byte	4
 585 022c 3B       		.byte	59
 586 022d 40       		.byte	64
 587 022e 3D       		.byte	61
 588 022f 18       		.byte	24
 589 0230 3E       		.byte	62
 590 0231 82       		.byte	-126
 591 0232 41       		.byte	65
 592 0233 10       		.byte	16
 593 0234 44       		.byte	68
 594 0235 44       		.byte	68
 595 0236 45       		.byte	69
 596 0237 20       		.byte	32
 597 0238 4C       		.byte	76
 598 0239 04       		.byte	4
 599 023a 4E       		.byte	78
 600 023b 10       		.byte	16
 601 023c 50       		.byte	80
 602 023d 04       		.byte	4
 603 023e 52       		.byte	82
 604 023f 80       		.byte	-128
 605 0240 54       		.byte	84
 606 0241 10       		.byte	16
 607 0242 55       		.byte	85
 608 0243 01       		.byte	1
 609 0244 57       		.byte	87
 610 0245 01       		.byte	1
 611 0246 5D       		.byte	93
 612 0247 28       		.byte	40
 613 0248 5E       		.byte	94
 614 0249 41       		.byte	65
 615 024a 88       		.byte	-120
 616 024b 10       		.byte	16
 617 024c 8A       		.byte	-118
 618 024d 03       		.byte	3
 619 024e 8D       		.byte	-115
 620 024f 21       		.byte	33
 621 0250 91       		.byte	-111
 622 0251 10       		.byte	16
 623 0252 94       		.byte	-108
 624 0253 14       		.byte	20
 625 0254 97       		.byte	-105
 626 0255 08       		.byte	8
 627 0256 99       		.byte	-103
ARM GAS  C:\Users\franf\AppData\Local\Temp\cc4XKwOb.s 			page 12


 628 0257 0D       		.byte	13
 629 0258 9A       		.byte	-102
 630 0259 80       		.byte	-128
 631 025a 9B       		.byte	-101
 632 025b 10       		.byte	16
 633 025c 9E       		.byte	-98
 634 025d 02       		.byte	2
 635 025e 9F       		.byte	-97
 636 025f 40       		.byte	64
 637 0260 A0       		.byte	-96
 638 0261 20       		.byte	32
 639 0262 A3       		.byte	-93
 640 0263 02       		.byte	2
 641 0264 A4       		.byte	-92
 642 0265 10       		.byte	16
 643 0266 A6       		.byte	-90
 644 0267 40       		.byte	64
 645 0268 A7       		.byte	-89
 646 0269 20       		.byte	32
 647 026a B2       		.byte	-78
 648 026b 84       		.byte	-124
 649 026c C0       		.byte	-64
 650 026d FC       		.byte	-4
 651 026e C2       		.byte	-62
 652 026f FE       		.byte	-2
 653 0270 C4       		.byte	-60
 654 0271 EE       		.byte	-18
 655 0272 CA       		.byte	-54
 656 0273 71       		.byte	113
 657 0274 CC       		.byte	-52
 658 0275 FE       		.byte	-2
 659 0276 CE       		.byte	-50
 660 0277 FA       		.byte	-6
 661 0278 D0       		.byte	-48
 662 0279 A4       		.byte	-92
 663 027a D2       		.byte	-46
 664 027b 20       		.byte	32
 665 027c D6       		.byte	-42
 666 027d F0       		.byte	-16
 667 027e E0       		.byte	-32
 668 027f 08       		.byte	8
 669 0280 E4       		.byte	-28
 670 0281 01       		.byte	1
 671 0282 EA       		.byte	-22
 672 0283 05       		.byte	5
 673 0284 32       		.byte	50
 674 0285 40       		.byte	64
 675 0286 CC       		.byte	-52
 676 0287 10       		.byte	16
 677 0288 96       		.byte	-106
 678 0289 80       		.byte	-128
 679 028a 3E       		.byte	62
 680 028b 10       		.byte	16
 681 028c 96       		.byte	-106
 682 028d 80       		.byte	-128
 683 028e CE       		.byte	-50
 684 028f 20       		.byte	32
ARM GAS  C:\Users\franf\AppData\Local\Temp\cc4XKwOb.s 			page 13


 685 0290 96       		.byte	-106
 686 0291 90       		.byte	-112
 687 0292 82       		.byte	-126
 688 0293 60       		.byte	96
 689 0294 96       		.byte	-106
 690 0295 90       		.byte	-112
 691 0296 E2       		.byte	-30
 692 0297 20       		.byte	32
 693 0298 E6       		.byte	-26
 694 0299 80       		.byte	-128
 695 029a 12       		.byte	18
 696 029b 20       		.byte	32
 697 029c 16       		.byte	22
 698 029d 40       		.byte	64
 699 029e 72       		.byte	114
 700 029f 20       		.byte	32
 701 02a0 77       		.byte	119
 702 02a1 10       		.byte	16
 703 02a2 82       		.byte	-126
 704 02a3 20       		.byte	32
 705 02a4 86       		.byte	-122
 706 02a5 40       		.byte	64
 707 02a6 9A       		.byte	-102
 708 02a7 20       		.byte	32
 709 02a8 9B       		.byte	-101
 710 02a9 10       		.byte	16
 711 02aa AA       		.byte	-86
 712 02ab 10       		.byte	16
 713 02ac AB       		.byte	-85
 714 02ad 10       		.byte	16
 715 02ae C4       		.byte	-60
 716 02af 30       		.byte	48
 717 02b0 DC       		.byte	-36
 718 02b1 80       		.byte	-128
 719 02b2 DE       		.byte	-34
 720 02b3 20       		.byte	32
 721 02b4 E0       		.byte	-32
 722 02b5 10       		.byte	16
 723 02b6 E4       		.byte	-28
 724 02b7 80       		.byte	-128
 725 02b8 EA       		.byte	-22
 726 02b9 A0       		.byte	-96
 727 02ba 10       		.byte	16
 728 02bb 80       		.byte	-128
 729 02bc 13       		.byte	19
 730 02bd 20       		.byte	32
 731 02be 16       		.byte	22
 732 02bf 20       		.byte	32
 733 02c0 7B       		.byte	123
 734 02c1 10       		.byte	16
 735 02c2 7F       		.byte	127
 736 02c3 40       		.byte	64
 737 02c4 80       		.byte	-128
 738 02c5 80       		.byte	-128
 739 02c6 87       		.byte	-121
 740 02c7 10       		.byte	16
 741 02c8 C4       		.byte	-60
ARM GAS  C:\Users\franf\AppData\Local\Temp\cc4XKwOb.s 			page 14


 742 02c9 0E       		.byte	14
 743 02ca DE       		.byte	-34
 744 02cb 03       		.byte	3
 745 02cc 10       		.byte	16
 746 02cd 40       		.byte	64
 747 02ce 73       		.byte	115
 748 02cf 10       		.byte	16
 749 02d0 83       		.byte	-125
 750 02d1 10       		.byte	16
 751 02d2 87       		.byte	-121
 752 02d3 40       		.byte	64
 753 02d4 88       		.byte	-120
 754 02d5 40       		.byte	64
 755 02d6 93       		.byte	-109
 756 02d7 10       		.byte	16
 757 02d8 97       		.byte	-105
 758 02d9 80       		.byte	-128
 759 02da A7       		.byte	-89
 760 02db 10       		.byte	16
 761 02dc AA       		.byte	-86
 762 02dd 20       		.byte	32
 763 02de AB       		.byte	-85
 764 02df 20       		.byte	32
 765 02e0 C4       		.byte	-60
 766 02e1 08       		.byte	8
 767 02e2 DC       		.byte	-36
 768 02e3 01       		.byte	1
 769 02e4 E2       		.byte	-30
 770 02e5 01       		.byte	1
 771 02e6 10       		.byte	16
 772 02e7 01       		.byte	1
 773 02e8 1C       		.byte	28
 774 02e9 01       		.byte	1
 775 02ea 00       		.byte	0
 776 02eb 03       		.byte	3
 777 02ec 03       		.byte	3
 778 02ed C0       		.byte	-64
 779 02ee 00       		.byte	0
 780 02ef 00       		.byte	0
 781 02f0 02       		.byte	2
 782 02f1 80       		.byte	-128
 783 02f2 00       		.byte	0
 784 02f3 00       		.byte	0
 785 02f4 43       		.byte	67
 786 02f5 00       		.byte	0
 787 02f6 00       		.byte	0
 788 02f7 00       		.byte	0
 789 02f8 1F       		.byte	31
 790 02f9 10       		.byte	16
 791 02fa 20       		.byte	32
 792 02fb 00       		.byte	0
 793 02fc 1C       		.byte	28
 794 02fd 08       		.byte	8
 795 02fe 23       		.byte	35
 796 02ff 00       		.byte	0
 797 0300 03       		.byte	3
 798 0301 18       		.byte	24
ARM GAS  C:\Users\franf\AppData\Local\Temp\cc4XKwOb.s 			page 15


 799 0302 00       		.byte	0
 800 0303 00       		.byte	0
 801 0304 00       		.byte	0
 802 0305 80       		.byte	-128
 803 0306 00       		.byte	0
 804 0307 00       		.byte	0
 805 0308 02       		.byte	2
 806 0309 1C       		.byte	28
 807 030a 00       		.byte	0
 808 030b E1       		.byte	-31
 809 030c 3F       		.byte	63
 810 030d FF       		.byte	-1
 811 030e 00       		.byte	0
 812 030f 00       		.byte	0
 813 0310 33       		.byte	51
 814 0311 00       		.byte	0
 815 0312 0C       		.byte	12
 816 0313 04       		.byte	4
 817 0314 00       		.byte	0
 818 0315 00       		.byte	0
 819 0316 23       		.byte	35
 820 0317 E3       		.byte	-29
 821 0318 08       		.byte	8
 822 0319 44       		.byte	68
 823 031a 00       		.byte	0
 824 031b 00       		.byte	0
 825 031c 04       		.byte	4
 826 031d E7       		.byte	-25
 827 031e 00       		.byte	0
 828 031f 18       		.byte	24
 829 0320 0C       		.byte	12
 830 0321 C0       		.byte	-64
 831 0322 00       		.byte	0
 832 0323 00       		.byte	0
 833 0324 01       		.byte	1
 834 0325 3C       		.byte	60
 835 0326 00       		.byte	0
 836 0327 C2       		.byte	-62
 837 0328 2C       		.byte	44
 838 0329 00       		.byte	0
 839 032a 00       		.byte	0
 840 032b 1F       		.byte	31
 841 032c 0F       		.byte	15
 842 032d 38       		.byte	56
 843 032e 10       		.byte	16
 844 032f C0       		.byte	-64
 845 0330 00       		.byte	0
 846 0331 00       		.byte	0
 847 0332 2A       		.byte	42
 848 0333 08       		.byte	8
 849 0334 00       		.byte	0
 850 0335 00       		.byte	0
 851 0336 40       		.byte	64
 852 0337 00       		.byte	0
 853 0338 46       		.byte	70
 854 0339 03       		.byte	3
 855 033a 02       		.byte	2
ARM GAS  C:\Users\franf\AppData\Local\Temp\cc4XKwOb.s 			page 16


 856 033b 00       		.byte	0
 857 033c 01       		.byte	1
 858 033d C0       		.byte	-64
 859 033e 00       		.byte	0
 860 033f E0       		.byte	-32
 861 0340 22       		.byte	34
 862 0341 FF       		.byte	-1
 863 0342 FF       		.byte	-1
 864 0343 FF       		.byte	-1
 865 0344 62       		.byte	98
 866 0345 A0       		.byte	-96
 867 0346 F0       		.byte	-16
 868 0347 41       		.byte	65
 869 0348 0C       		.byte	12
 870 0349 00       		.byte	0
 871 034a 00       		.byte	0
 872 034b 00       		.byte	0
 873 034c 00       		.byte	0
 874 034d 00       		.byte	0
 875 034e 02       		.byte	2
 876 034f 13       		.byte	19
 877 0350 04       		.byte	4
 878 0351 04       		.byte	4
 879 0352 04       		.byte	4
 880 0353 04       		.byte	4
 881 0354 00       		.byte	0
 882 0355 00       		.byte	0
 883 0356 00       		.byte	0
 884 0357 01       		.byte	1
 885 0358 00       		.byte	0
 886 0359 00       		.byte	0
 887 035a 00       		.byte	0
 888 035b 00       		.byte	0
 889 035c 00       		.byte	0
 890 035d 00       		.byte	0
 891 035e 40       		.byte	64
 892 035f 02       		.byte	2
 893 0360 00       		.byte	0
 894 0361 10       		.byte	16
 895 0362 30       		.byte	48
 896 0363 10       		.byte	16
 897 0364 00       		.byte	0
 898 0365 10       		.byte	16
 899 0366 10       		.byte	16
 900 0367 12       		.byte	18
 901 0368 00       		.byte	0
 902 0369 00       		.byte	0
 903 036a 00       		.byte	0
 904 036b 00       		.byte	0
 905 036c 00       		.byte	0
 906 036d 00       		.byte	0
 907 036e 00       		.byte	0
 908 036f 00       		.byte	0
 909 0370 00       		.byte	0
 910 0371 00       		.byte	0
 911 0372 00       		.byte	0
 912 0373 00       		.byte	0
ARM GAS  C:\Users\franf\AppData\Local\Temp\cc4XKwOb.s 			page 17


 913 0374 00       		.byte	0
 914 0375 00       		.byte	0
 915 0376 00       		.byte	0
 916 0377 00       		.byte	0
 917 0378 83       		.byte	-125
 918 0379 00       		.byte	0
 919 037a 40       		.byte	64
 920 037b 80       		.byte	-128
 921 037c 83       		.byte	-125
 922 037d 00       		.byte	0
 923 037e 83       		.byte	-125
 924 037f 00       		.byte	0
 925 0380 00       		.byte	0
 926 0381 00       		.byte	0
 927 0382 00       		.byte	0
 928 0383 00       		.byte	0
 929 0384 00       		.byte	0
 930 0385 0B       		.byte	11
 931 0386 0B       		.byte	11
 932 0387 00       		.byte	0
 933 0388 00       		.byte	0
 934 0389 00       		.byte	0
 935 038a 00       		.byte	0
 936 038b 00       		.byte	0
 937              		.section	.cywolatch,"a",%progbits
 938              		.align	2
 939              		.type	cy_meta_wonvl, %object
 940              		.size	cy_meta_wonvl, 4
 941              	cy_meta_wonvl:
 942 0000 BC       		.byte	-68
 943 0001 90       		.byte	-112
 944 0002 AC       		.byte	-84
 945 0003 AF       		.byte	-81
 946              		.section	.cycustnvl,"a",%progbits
 947              		.align	2
 948              		.type	cy_meta_custnvl, %object
 949              		.size	cy_meta_custnvl, 4
 950              	cy_meta_custnvl:
 951 0000 00       		.byte	0
 952 0001 00       		.byte	0
 953 0002 40       		.byte	64
 954 0003 05       		.byte	5
 955              		.section	.cymeta,"a",%progbits
 956              		.align	2
 957              		.type	cy_metadata, %object
 958              		.size	cy_metadata, 12
 959              	cy_metadata:
 960 0000 00       		.byte	0
 961 0001 01       		.byte	1
 962 0002 2E       		.byte	46
 963 0003 16       		.byte	22
 964 0004 10       		.byte	16
 965 0005 69       		.byte	105
 966 0006 00       		.byte	0
 967 0007 01       		.byte	1
 968 0008 00       		.byte	0
 969 0009 00       		.byte	0
ARM GAS  C:\Users\franf\AppData\Local\Temp\cc4XKwOb.s 			page 18


 970 000a 00       		.byte	0
 971 000b 00       		.byte	0
 972              		.section	.cyflashprotect,"a",%progbits
 973              		.align	2
 974              		.type	cy_meta_flashprotect, %object
 975              		.size	cy_meta_flashprotect, 256
 976              	cy_meta_flashprotect:
 977 0000 00000000 		.space	256
 977      00000000 
 977      00000000 
 977      00000000 
 977      00000000 
 978              		.text
 979              	.Letext0:
 980              		.file 1 "c:\\program files (x86)\\cypress\\psoc creator\\4.4\\psoc creator\\import\\gnu\\arm\\5.4.
 981              		.file 2 "c:\\program files (x86)\\cypress\\psoc creator\\4.4\\psoc creator\\import\\gnu\\arm\\5.4.
 982              		.file 3 "Generated_Source\\PSoC5\\cymetadata.c"
 983              		.section	.debug_info,"",%progbits
 984              	.Ldebug_info0:
 985 0000 31010000 		.4byte	0x131
 986 0004 0400     		.2byte	0x4
 987 0006 00000000 		.4byte	.Ldebug_abbrev0
 988 000a 04       		.byte	0x4
 989 000b 01       		.uleb128 0x1
 990 000c 24000000 		.4byte	.LASF17
 991 0010 0C       		.byte	0xc
 992 0011 B8010000 		.4byte	.LASF18
 993 0015 7E010000 		.4byte	.LASF19
 994 0019 00000000 		.4byte	.Ldebug_line0
 995 001d 02       		.uleb128 0x2
 996 001e 01       		.byte	0x1
 997 001f 06       		.byte	0x6
 998 0020 72010000 		.4byte	.LASF0
 999 0024 03       		.uleb128 0x3
 1000 0025 00000000 		.4byte	.LASF9
 1001 0029 01       		.byte	0x1
 1002 002a 1D       		.byte	0x1d
 1003 002b 2F000000 		.4byte	0x2f
 1004 002f 02       		.uleb128 0x2
 1005 0030 01       		.byte	0x1
 1006 0031 08       		.byte	0x8
 1007 0032 16000000 		.4byte	.LASF1
 1008 0036 02       		.uleb128 0x2
 1009 0037 02       		.byte	0x2
 1010 0038 05       		.byte	0x5
 1011 0039 5F010000 		.4byte	.LASF2
 1012 003d 02       		.uleb128 0x2
 1013 003e 02       		.byte	0x2
 1014 003f 07       		.byte	0x7
 1015 0040 C4000000 		.4byte	.LASF3
 1016 0044 02       		.uleb128 0x2
 1017 0045 04       		.byte	0x4
 1018 0046 05       		.byte	0x5
 1019 0047 69010000 		.4byte	.LASF4
 1020 004b 02       		.uleb128 0x2
 1021 004c 04       		.byte	0x4
 1022 004d 07       		.byte	0x7
ARM GAS  C:\Users\franf\AppData\Local\Temp\cc4XKwOb.s 			page 19


 1023 004e B2000000 		.4byte	.LASF5
 1024 0052 02       		.uleb128 0x2
 1025 0053 08       		.byte	0x8
 1026 0054 05       		.byte	0x5
 1027 0055 51010000 		.4byte	.LASF6
 1028 0059 02       		.uleb128 0x2
 1029 005a 08       		.byte	0x8
 1030 005b 07       		.byte	0x7
 1031 005c 06010000 		.4byte	.LASF7
 1032 0060 04       		.uleb128 0x4
 1033 0061 04       		.byte	0x4
 1034 0062 05       		.byte	0x5
 1035 0063 696E7400 		.ascii	"int\000"
 1036 0067 02       		.uleb128 0x2
 1037 0068 04       		.byte	0x4
 1038 0069 07       		.byte	0x7
 1039 006a F9000000 		.4byte	.LASF8
 1040 006e 03       		.uleb128 0x3
 1041 006f 1D010000 		.4byte	.LASF10
 1042 0073 02       		.byte	0x2
 1043 0074 18       		.byte	0x18
 1044 0075 24000000 		.4byte	0x24
 1045 0079 05       		.uleb128 0x5
 1046 007a 91000000 		.4byte	0x91
 1047 007e 8A000000 		.4byte	0x8a
 1048 0082 06       		.uleb128 0x6
 1049 0083 8A000000 		.4byte	0x8a
 1050 0087 8B03     		.2byte	0x38b
 1051 0089 00       		.byte	0
 1052 008a 02       		.uleb128 0x2
 1053 008b 04       		.byte	0x4
 1054 008c 07       		.byte	0x7
 1055 008d 48010000 		.4byte	.LASF11
 1056 0091 07       		.uleb128 0x7
 1057 0092 6E000000 		.4byte	0x6e
 1058 0096 08       		.uleb128 0x8
 1059 0097 E7000000 		.4byte	.LASF12
 1060 009b 03       		.byte	0x3
 1061 009c 1F       		.byte	0x1f
 1062 009d A7000000 		.4byte	0xa7
 1063 00a1 05       		.uleb128 0x5
 1064 00a2 03       		.byte	0x3
 1065 00a3 00000000 		.4byte	cy_meta_configecc
 1066 00a7 07       		.uleb128 0x7
 1067 00a8 79000000 		.4byte	0x79
 1068 00ac 05       		.uleb128 0x5
 1069 00ad 91000000 		.4byte	0x91
 1070 00b1 BC000000 		.4byte	0xbc
 1071 00b5 09       		.uleb128 0x9
 1072 00b6 8A000000 		.4byte	0x8a
 1073 00ba 03       		.byte	0x3
 1074 00bb 00       		.byte	0
 1075 00bc 08       		.uleb128 0x8
 1076 00bd D7000000 		.4byte	.LASF13
 1077 00c1 03       		.byte	0x3
 1078 00c2 9E       		.byte	0x9e
 1079 00c3 CD000000 		.4byte	0xcd
ARM GAS  C:\Users\franf\AppData\Local\Temp\cc4XKwOb.s 			page 20


 1080 00c7 05       		.uleb128 0x5
 1081 00c8 03       		.byte	0x3
 1082 00c9 00000000 		.4byte	cy_meta_custnvl
 1083 00cd 07       		.uleb128 0x7
 1084 00ce AC000000 		.4byte	0xac
 1085 00d2 08       		.uleb128 0x8
 1086 00d3 3A010000 		.4byte	.LASF14
 1087 00d7 03       		.byte	0x3
 1088 00d8 AC       		.byte	0xac
 1089 00d9 E3000000 		.4byte	0xe3
 1090 00dd 05       		.uleb128 0x5
 1091 00de 03       		.byte	0x3
 1092 00df 00000000 		.4byte	cy_meta_wonvl
 1093 00e3 07       		.uleb128 0x7
 1094 00e4 AC000000 		.4byte	0xac
 1095 00e8 05       		.uleb128 0x5
 1096 00e9 91000000 		.4byte	0x91
 1097 00ed F8000000 		.4byte	0xf8
 1098 00f1 09       		.uleb128 0x9
 1099 00f2 8A000000 		.4byte	0x8a
 1100 00f6 FF       		.byte	0xff
 1101 00f7 00       		.byte	0
 1102 00f8 08       		.uleb128 0x8
 1103 00f9 25010000 		.4byte	.LASF15
 1104 00fd 03       		.byte	0x3
 1105 00fe BA       		.byte	0xba
 1106 00ff 09010000 		.4byte	0x109
 1107 0103 05       		.uleb128 0x5
 1108 0104 03       		.byte	0x3
 1109 0105 00000000 		.4byte	cy_meta_flashprotect
 1110 0109 07       		.uleb128 0x7
 1111 010a E8000000 		.4byte	0xe8
 1112 010e 05       		.uleb128 0x5
 1113 010f 91000000 		.4byte	0x91
 1114 0113 1E010000 		.4byte	0x11e
 1115 0117 09       		.uleb128 0x9
 1116 0118 8A000000 		.4byte	0x8a
 1117 011c 0B       		.byte	0xb
 1118 011d 00       		.byte	0
 1119 011e 08       		.uleb128 0x8
 1120 011f 0A000000 		.4byte	.LASF16
 1121 0123 03       		.byte	0x3
 1122 0124 E7       		.byte	0xe7
 1123 0125 2F010000 		.4byte	0x12f
 1124 0129 05       		.uleb128 0x5
 1125 012a 03       		.byte	0x3
 1126 012b 00000000 		.4byte	cy_metadata
 1127 012f 07       		.uleb128 0x7
 1128 0130 0E010000 		.4byte	0x10e
 1129 0134 00       		.byte	0
 1130              		.section	.debug_abbrev,"",%progbits
 1131              	.Ldebug_abbrev0:
 1132 0000 01       		.uleb128 0x1
 1133 0001 11       		.uleb128 0x11
 1134 0002 01       		.byte	0x1
 1135 0003 25       		.uleb128 0x25
 1136 0004 0E       		.uleb128 0xe
ARM GAS  C:\Users\franf\AppData\Local\Temp\cc4XKwOb.s 			page 21


 1137 0005 13       		.uleb128 0x13
 1138 0006 0B       		.uleb128 0xb
 1139 0007 03       		.uleb128 0x3
 1140 0008 0E       		.uleb128 0xe
 1141 0009 1B       		.uleb128 0x1b
 1142 000a 0E       		.uleb128 0xe
 1143 000b 10       		.uleb128 0x10
 1144 000c 17       		.uleb128 0x17
 1145 000d 00       		.byte	0
 1146 000e 00       		.byte	0
 1147 000f 02       		.uleb128 0x2
 1148 0010 24       		.uleb128 0x24
 1149 0011 00       		.byte	0
 1150 0012 0B       		.uleb128 0xb
 1151 0013 0B       		.uleb128 0xb
 1152 0014 3E       		.uleb128 0x3e
 1153 0015 0B       		.uleb128 0xb
 1154 0016 03       		.uleb128 0x3
 1155 0017 0E       		.uleb128 0xe
 1156 0018 00       		.byte	0
 1157 0019 00       		.byte	0
 1158 001a 03       		.uleb128 0x3
 1159 001b 16       		.uleb128 0x16
 1160 001c 00       		.byte	0
 1161 001d 03       		.uleb128 0x3
 1162 001e 0E       		.uleb128 0xe
 1163 001f 3A       		.uleb128 0x3a
 1164 0020 0B       		.uleb128 0xb
 1165 0021 3B       		.uleb128 0x3b
 1166 0022 0B       		.uleb128 0xb
 1167 0023 49       		.uleb128 0x49
 1168 0024 13       		.uleb128 0x13
 1169 0025 00       		.byte	0
 1170 0026 00       		.byte	0
 1171 0027 04       		.uleb128 0x4
 1172 0028 24       		.uleb128 0x24
 1173 0029 00       		.byte	0
 1174 002a 0B       		.uleb128 0xb
 1175 002b 0B       		.uleb128 0xb
 1176 002c 3E       		.uleb128 0x3e
 1177 002d 0B       		.uleb128 0xb
 1178 002e 03       		.uleb128 0x3
 1179 002f 08       		.uleb128 0x8
 1180 0030 00       		.byte	0
 1181 0031 00       		.byte	0
 1182 0032 05       		.uleb128 0x5
 1183 0033 01       		.uleb128 0x1
 1184 0034 01       		.byte	0x1
 1185 0035 49       		.uleb128 0x49
 1186 0036 13       		.uleb128 0x13
 1187 0037 01       		.uleb128 0x1
 1188 0038 13       		.uleb128 0x13
 1189 0039 00       		.byte	0
 1190 003a 00       		.byte	0
 1191 003b 06       		.uleb128 0x6
 1192 003c 21       		.uleb128 0x21
 1193 003d 00       		.byte	0
ARM GAS  C:\Users\franf\AppData\Local\Temp\cc4XKwOb.s 			page 22


 1194 003e 49       		.uleb128 0x49
 1195 003f 13       		.uleb128 0x13
 1196 0040 2F       		.uleb128 0x2f
 1197 0041 05       		.uleb128 0x5
 1198 0042 00       		.byte	0
 1199 0043 00       		.byte	0
 1200 0044 07       		.uleb128 0x7
 1201 0045 26       		.uleb128 0x26
 1202 0046 00       		.byte	0
 1203 0047 49       		.uleb128 0x49
 1204 0048 13       		.uleb128 0x13
 1205 0049 00       		.byte	0
 1206 004a 00       		.byte	0
 1207 004b 08       		.uleb128 0x8
 1208 004c 34       		.uleb128 0x34
 1209 004d 00       		.byte	0
 1210 004e 03       		.uleb128 0x3
 1211 004f 0E       		.uleb128 0xe
 1212 0050 3A       		.uleb128 0x3a
 1213 0051 0B       		.uleb128 0xb
 1214 0052 3B       		.uleb128 0x3b
 1215 0053 0B       		.uleb128 0xb
 1216 0054 49       		.uleb128 0x49
 1217 0055 13       		.uleb128 0x13
 1218 0056 3F       		.uleb128 0x3f
 1219 0057 19       		.uleb128 0x19
 1220 0058 02       		.uleb128 0x2
 1221 0059 18       		.uleb128 0x18
 1222 005a 00       		.byte	0
 1223 005b 00       		.byte	0
 1224 005c 09       		.uleb128 0x9
 1225 005d 21       		.uleb128 0x21
 1226 005e 00       		.byte	0
 1227 005f 49       		.uleb128 0x49
 1228 0060 13       		.uleb128 0x13
 1229 0061 2F       		.uleb128 0x2f
 1230 0062 0B       		.uleb128 0xb
 1231 0063 00       		.byte	0
 1232 0064 00       		.byte	0
 1233 0065 00       		.byte	0
 1234              		.section	.debug_aranges,"",%progbits
 1235 0000 14000000 		.4byte	0x14
 1236 0004 0200     		.2byte	0x2
 1237 0006 00000000 		.4byte	.Ldebug_info0
 1238 000a 04       		.byte	0x4
 1239 000b 00       		.byte	0
 1240 000c 0000     		.2byte	0
 1241 000e 0000     		.2byte	0
 1242 0010 00000000 		.4byte	0
 1243 0014 00000000 		.4byte	0
 1244              		.section	.debug_line,"",%progbits
 1245              	.Ldebug_line0:
 1246 0000 3D010000 		.section	.debug_str,"MS",%progbits,1
 1246      02003701 
 1246      00000201 
 1246      FB0E0D00 
 1246      01010101 
ARM GAS  C:\Users\franf\AppData\Local\Temp\cc4XKwOb.s 			page 23


 1247              	.LASF9:
 1248 0000 5F5F7569 		.ascii	"__uint8_t\000"
 1248      6E74385F 
 1248      7400
 1249              	.LASF16:
 1250 000a 63795F6D 		.ascii	"cy_metadata\000"
 1250      65746164 
 1250      61746100 
 1251              	.LASF1:
 1252 0016 756E7369 		.ascii	"unsigned char\000"
 1252      676E6564 
 1252      20636861 
 1252      7200
 1253              	.LASF17:
 1254 0024 474E5520 		.ascii	"GNU C11 5.4.1 20160609 (release) [ARM/embedded-5-br"
 1254      43313120 
 1254      352E342E 
 1254      31203230 
 1254      31363036 
 1255 0057 616E6368 		.ascii	"anch revision 237715] -mcpu=cortex-m3 -mthumb -g -O"
 1255      20726576 
 1255      6973696F 
 1255      6E203233 
 1255      37373135 
 1256 008a 67202D66 		.ascii	"g -ffunction-sections -ffat-lto-objects\000"
 1256      66756E63 
 1256      74696F6E 
 1256      2D736563 
 1256      74696F6E 
 1257              	.LASF5:
 1258 00b2 6C6F6E67 		.ascii	"long unsigned int\000"
 1258      20756E73 
 1258      69676E65 
 1258      6420696E 
 1258      7400
 1259              	.LASF3:
 1260 00c4 73686F72 		.ascii	"short unsigned int\000"
 1260      7420756E 
 1260      7369676E 
 1260      65642069 
 1260      6E7400
 1261              	.LASF13:
 1262 00d7 63795F6D 		.ascii	"cy_meta_custnvl\000"
 1262      6574615F 
 1262      63757374 
 1262      6E766C00 
 1263              	.LASF12:
 1264 00e7 63795F6D 		.ascii	"cy_meta_configecc\000"
 1264      6574615F 
 1264      636F6E66 
 1264      69676563 
 1264      6300
 1265              	.LASF8:
 1266 00f9 756E7369 		.ascii	"unsigned int\000"
 1266      676E6564 
 1266      20696E74 
 1266      00
ARM GAS  C:\Users\franf\AppData\Local\Temp\cc4XKwOb.s 			page 24


 1267              	.LASF7:
 1268 0106 6C6F6E67 		.ascii	"long long unsigned int\000"
 1268      206C6F6E 
 1268      6720756E 
 1268      7369676E 
 1268      65642069 
 1269              	.LASF10:
 1270 011d 75696E74 		.ascii	"uint8_t\000"
 1270      385F7400 
 1271              	.LASF15:
 1272 0125 63795F6D 		.ascii	"cy_meta_flashprotect\000"
 1272      6574615F 
 1272      666C6173 
 1272      6870726F 
 1272      74656374 
 1273              	.LASF14:
 1274 013a 63795F6D 		.ascii	"cy_meta_wonvl\000"
 1274      6574615F 
 1274      776F6E76 
 1274      6C00
 1275              	.LASF11:
 1276 0148 73697A65 		.ascii	"sizetype\000"
 1276      74797065 
 1276      00
 1277              	.LASF6:
 1278 0151 6C6F6E67 		.ascii	"long long int\000"
 1278      206C6F6E 
 1278      6720696E 
 1278      7400
 1279              	.LASF2:
 1280 015f 73686F72 		.ascii	"short int\000"
 1280      7420696E 
 1280      7400
 1281              	.LASF4:
 1282 0169 6C6F6E67 		.ascii	"long int\000"
 1282      20696E74 
 1282      00
 1283              	.LASF0:
 1284 0172 7369676E 		.ascii	"signed char\000"
 1284      65642063 
 1284      68617200 
 1285              	.LASF19:
 1286 017e 433A5C55 		.ascii	"C:\\Users\\franf\\Documents\\PSoC Creator\\lcd\\blu"
 1286      73657273 
 1286      5C667261 
 1286      6E665C44 
 1286      6F63756D 
 1287 01ab 65746F6F 		.ascii	"etooth.cydsn\000"
 1287      74682E63 
 1287      7964736E 
 1287      00
 1288              	.LASF18:
 1289 01b8 47656E65 		.ascii	"Generated_Source\\PSoC5\\cymetadata.c\000"
 1289      72617465 
 1289      645F536F 
 1289      75726365 
 1289      5C50536F 
ARM GAS  C:\Users\franf\AppData\Local\Temp\cc4XKwOb.s 			page 25


 1290              		.ident	"GCC: (GNU Tools for ARM Embedded Processors) 5.4.1 20160609 (release) [ARM/embedded-5-bran
