ARM GAS  C:\Users\franf\AppData\Local\Temp\cc3BtTda.s 			page 1


   1              		.syntax unified
   2              		.cpu cortex-m3
   3              		.fpu softvfp
   4              		.eabi_attribute 20, 1
   5              		.eabi_attribute 21, 1
   6              		.eabi_attribute 23, 3
   7              		.eabi_attribute 24, 1
   8              		.eabi_attribute 25, 1
   9              		.eabi_attribute 26, 1
  10              		.eabi_attribute 30, 1
  11              		.eabi_attribute 34, 1
  12              		.eabi_attribute 18, 4
  13              		.thumb
  14              		.syntax unified
  15              		.file	"main.c"
  16              		.text
  17              	.Ltext0:
  18              		.cfi_sections	.debug_frame
  19              		.section	.text.input_data,"ax",%progbits
  20              		.align	2
  21              		.global	input_data
  22              		.thumb
  23              		.thumb_func
  24              		.type	input_data, %function
  25              	input_data:
  26              	.LFB64:
  27              		.file 1 "main.c"
   1:main.c        **** #include "project.h"
   2:main.c        **** #include "stdio.h"
   3:main.c        **** char data;
   4:main.c        **** int row = 0, column = 0;
   5:main.c        **** 
   6:main.c        **** CY_ISR(input_data)
   7:main.c        **** {
  28              		.loc 1 7 0
  29              		.cfi_startproc
  30              		@ args = 0, pretend = 0, frame = 0
  31              		@ frame_needed = 0, uses_anonymous_args = 0
  32 0000 08B5     		push	{r3, lr}
  33              		.cfi_def_cfa_offset 8
  34              		.cfi_offset 3, -8
  35              		.cfi_offset 14, -4
   8:main.c        ****     data = UART_GetChar();
  36              		.loc 1 8 0
  37 0002 FFF7FEFF 		bl	UART_GetChar
  38              	.LVL0:
  39 0006 0B4B     		ldr	r3, .L4
  40 0008 1870     		strb	r0, [r3]
   9:main.c        ****     column += 1;
  41              		.loc 1 9 0
  42 000a 0B4A     		ldr	r2, .L4+4
  43 000c 1368     		ldr	r3, [r2]
  44 000e 0133     		adds	r3, r3, #1
  45 0010 1360     		str	r3, [r2]
  10:main.c        ****     if (column == 15)
  46              		.loc 1 10 0
  47 0012 0F2B     		cmp	r3, #15
ARM GAS  C:\Users\franf\AppData\Local\Temp\cc3BtTda.s 			page 2


  48 0014 04D1     		bne	.L2
  11:main.c        ****     {
  12:main.c        ****         row = 1;
  49              		.loc 1 12 0
  50 0016 1346     		mov	r3, r2
  51 0018 0122     		movs	r2, #1
  52 001a 5A60     		str	r2, [r3, #4]
  13:main.c        ****         column = 0;
  53              		.loc 1 13 0
  54 001c 0022     		movs	r2, #0
  55 001e 1A60     		str	r2, [r3]
  56              	.L2:
  14:main.c        ****     }
  15:main.c        ****     LCD_I2C_setCursor(column,row);
  57              		.loc 1 15 0
  58 0020 054B     		ldr	r3, .L4+4
  59 0022 1979     		ldrb	r1, [r3, #4]	@ zero_extendqisi2
  60 0024 1878     		ldrb	r0, [r3]	@ zero_extendqisi2
  61 0026 FFF7FEFF 		bl	LCD_I2C_setCursor
  62              	.LVL1:
  16:main.c        ****     LCD_I2C_write(data);
  63              		.loc 1 16 0
  64 002a 024B     		ldr	r3, .L4
  65 002c 1878     		ldrb	r0, [r3]	@ zero_extendqisi2
  66 002e FFF7FEFF 		bl	LCD_I2C_write
  67              	.LVL2:
  68 0032 08BD     		pop	{r3, pc}
  69              	.L5:
  70              		.align	2
  71              	.L4:
  72 0034 00000000 		.word	data
  73 0038 00000000 		.word	.LANCHOR0
  74              		.cfi_endproc
  75              	.LFE64:
  76              		.size	input_data, .-input_data
  77              		.section	.text.main,"ax",%progbits
  78              		.align	2
  79              		.global	main
  80              		.thumb
  81              		.thumb_func
  82              		.type	main, %function
  83              	main:
  84              	.LFB65:
  17:main.c        **** }
  18:main.c        **** int main(void)
  19:main.c        **** {
  85              		.loc 1 19 0
  86              		.cfi_startproc
  87              		@ Volatile: function does not return.
  88              		@ args = 0, pretend = 0, frame = 0
  89              		@ frame_needed = 0, uses_anonymous_args = 0
  90 0000 08B5     		push	{r3, lr}
  91              		.cfi_def_cfa_offset 8
  92              		.cfi_offset 3, -8
  93              		.cfi_offset 14, -4
  20:main.c        ****     CyGlobalIntEnable;
  94              		.loc 1 20 0
ARM GAS  C:\Users\franf\AppData\Local\Temp\cc3BtTda.s 			page 3


  95              		.syntax unified
  96              	@ 20 "main.c" 1
  97 0002 62B6     		CPSIE   i
  98              	@ 0 "" 2
  21:main.c        ****     I2C_Start();
  99              		.loc 1 21 0
 100              		.thumb
 101              		.syntax unified
 102 0004 FFF7FEFF 		bl	I2C_Start
 103              	.LVL3:
  22:main.c        ****     LCD_I2C_start();
 104              		.loc 1 22 0
 105 0008 FFF7FEFF 		bl	LCD_I2C_start
 106              	.LVL4:
  23:main.c        ****     UART_Start();
 107              		.loc 1 23 0
 108 000c FFF7FEFF 		bl	UART_Start
 109              	.LVL5:
  24:main.c        ****     isrRX_StartEx(input_data);
 110              		.loc 1 24 0
 111 0010 0148     		ldr	r0, .L9
 112 0012 FFF7FEFF 		bl	isrRX_StartEx
 113              	.LVL6:
 114              	.L7:
 115 0016 FEE7     		b	.L7
 116              	.L10:
 117              		.align	2
 118              	.L9:
 119 0018 00000000 		.word	input_data
 120              		.cfi_endproc
 121              	.LFE65:
 122              		.size	main, .-main
 123              		.global	column
 124              		.global	row
 125              		.comm	data,1,1
 126              		.bss
 127              		.align	2
 128              		.set	.LANCHOR0,. + 0
 129              		.type	column, %object
 130              		.size	column, 4
 131              	column:
 132 0000 00000000 		.space	4
 133              		.type	row, %object
 134              		.size	row, 4
 135              	row:
 136 0004 00000000 		.space	4
 137              		.text
 138              	.Letext0:
 139              		.file 2 "c:\\program files (x86)\\cypress\\psoc creator\\4.4\\psoc creator\\import\\gnu\\arm\\5.4.
 140              		.file 3 "c:\\program files (x86)\\cypress\\psoc creator\\4.4\\psoc creator\\import\\gnu\\arm\\5.4.
 141              		.file 4 "Generated_Source\\PSoC5/core_cm3.h"
 142              		.file 5 "Generated_Source\\PSoC5/UART.h"
 143              		.file 6 "Generated_Source\\PSoC5/LCD_I2C_FUNCS.h"
 144              		.file 7 "Generated_Source\\PSoC5/I2C.h"
 145              		.file 8 "Generated_Source\\PSoC5/isrRX.h"
 146              		.section	.debug_info,"",%progbits
 147              	.Ldebug_info0:
ARM GAS  C:\Users\franf\AppData\Local\Temp\cc3BtTda.s 			page 4


 148 0000 AB010000 		.4byte	0x1ab
 149 0004 0400     		.2byte	0x4
 150 0006 00000000 		.4byte	.Ldebug_abbrev0
 151 000a 04       		.byte	0x4
 152 000b 01       		.uleb128 0x1
 153 000c 6B000000 		.4byte	.LASF26
 154 0010 0C       		.byte	0xc
 155 0011 83010000 		.4byte	.LASF27
 156 0015 D9010000 		.4byte	.LASF28
 157 0019 00000000 		.4byte	.Ldebug_ranges0+0
 158 001d 00000000 		.4byte	0
 159 0021 00000000 		.4byte	.Ldebug_line0
 160 0025 02       		.uleb128 0x2
 161 0026 01       		.byte	0x1
 162 0027 06       		.byte	0x6
 163 0028 C0010000 		.4byte	.LASF0
 164 002c 02       		.uleb128 0x2
 165 002d 01       		.byte	0x1
 166 002e 08       		.byte	0x8
 167 002f 5D000000 		.4byte	.LASF1
 168 0033 02       		.uleb128 0x2
 169 0034 02       		.byte	0x2
 170 0035 05       		.byte	0x5
 171 0036 31010000 		.4byte	.LASF2
 172 003a 02       		.uleb128 0x2
 173 003b 02       		.byte	0x2
 174 003c 07       		.byte	0x7
 175 003d 2A000000 		.4byte	.LASF3
 176 0041 03       		.uleb128 0x3
 177 0042 0E000000 		.4byte	.LASF9
 178 0046 02       		.byte	0x2
 179 0047 3F       		.byte	0x3f
 180 0048 4C000000 		.4byte	0x4c
 181 004c 02       		.uleb128 0x2
 182 004d 04       		.byte	0x4
 183 004e 05       		.byte	0x5
 184 004f AB010000 		.4byte	.LASF4
 185 0053 02       		.uleb128 0x2
 186 0054 04       		.byte	0x4
 187 0055 07       		.byte	0x7
 188 0056 F9000000 		.4byte	.LASF5
 189 005a 02       		.uleb128 0x2
 190 005b 08       		.byte	0x8
 191 005c 05       		.byte	0x5
 192 005d 75010000 		.4byte	.LASF6
 193 0061 02       		.uleb128 0x2
 194 0062 08       		.byte	0x8
 195 0063 07       		.byte	0x7
 196 0064 4D010000 		.4byte	.LASF7
 197 0068 04       		.uleb128 0x4
 198 0069 04       		.byte	0x4
 199 006a 05       		.byte	0x5
 200 006b 696E7400 		.ascii	"int\000"
 201 006f 02       		.uleb128 0x2
 202 0070 04       		.byte	0x4
 203 0071 07       		.byte	0x7
 204 0072 40010000 		.4byte	.LASF8
ARM GAS  C:\Users\franf\AppData\Local\Temp\cc3BtTda.s 			page 5


 205 0076 03       		.uleb128 0x3
 206 0077 64010000 		.4byte	.LASF10
 207 007b 03       		.byte	0x3
 208 007c 2C       		.byte	0x2c
 209 007d 41000000 		.4byte	0x41
 210 0081 02       		.uleb128 0x2
 211 0082 04       		.byte	0x4
 212 0083 04       		.byte	0x4
 213 0084 47000000 		.4byte	.LASF11
 214 0088 02       		.uleb128 0x2
 215 0089 08       		.byte	0x8
 216 008a 04       		.byte	0x4
 217 008b 2A010000 		.4byte	.LASF12
 218 008f 02       		.uleb128 0x2
 219 0090 01       		.byte	0x1
 220 0091 08       		.byte	0x8
 221 0092 8A010000 		.4byte	.LASF13
 222 0096 02       		.uleb128 0x2
 223 0097 08       		.byte	0x8
 224 0098 04       		.byte	0x4
 225 0099 B4010000 		.4byte	.LASF14
 226 009d 02       		.uleb128 0x2
 227 009e 04       		.byte	0x4
 228 009f 07       		.byte	0x7
 229 00a0 6C010000 		.4byte	.LASF15
 230 00a4 05       		.uleb128 0x5
 231 00a5 52000000 		.4byte	.LASF29
 232 00a9 01       		.byte	0x1
 233 00aa 06       		.byte	0x6
 234 00ab 00000000 		.4byte	.LFB64
 235 00af 3C000000 		.4byte	.LFE64-.LFB64
 236 00b3 01       		.uleb128 0x1
 237 00b4 9C       		.byte	0x9c
 238 00b5 D5000000 		.4byte	0xd5
 239 00b9 06       		.uleb128 0x6
 240 00ba 06000000 		.4byte	.LVL0
 241 00be 61010000 		.4byte	0x161
 242 00c2 06       		.uleb128 0x6
 243 00c3 2A000000 		.4byte	.LVL1
 244 00c7 6C010000 		.4byte	0x16c
 245 00cb 06       		.uleb128 0x6
 246 00cc 32000000 		.4byte	.LVL2
 247 00d0 77010000 		.4byte	0x177
 248 00d4 00       		.byte	0
 249 00d5 07       		.uleb128 0x7
 250 00d6 3B010000 		.4byte	.LASF30
 251 00da 01       		.byte	0x1
 252 00db 12       		.byte	0x12
 253 00dc 68000000 		.4byte	0x68
 254 00e0 00000000 		.4byte	.LFB65
 255 00e4 1C000000 		.4byte	.LFE65-.LFB65
 256 00e8 01       		.uleb128 0x1
 257 00e9 9C       		.byte	0x9c
 258 00ea 1D010000 		.4byte	0x11d
 259 00ee 06       		.uleb128 0x6
 260 00ef 08000000 		.4byte	.LVL3
 261 00f3 82010000 		.4byte	0x182
ARM GAS  C:\Users\franf\AppData\Local\Temp\cc3BtTda.s 			page 6


 262 00f7 06       		.uleb128 0x6
 263 00f8 0C000000 		.4byte	.LVL4
 264 00fc 8D010000 		.4byte	0x18d
 265 0100 06       		.uleb128 0x6
 266 0101 10000000 		.4byte	.LVL5
 267 0105 98010000 		.4byte	0x198
 268 0109 08       		.uleb128 0x8
 269 010a 16000000 		.4byte	.LVL6
 270 010e A3010000 		.4byte	0x1a3
 271 0112 09       		.uleb128 0x9
 272 0113 01       		.uleb128 0x1
 273 0114 50       		.byte	0x50
 274 0115 05       		.uleb128 0x5
 275 0116 03       		.byte	0x3
 276 0117 00000000 		.4byte	input_data
 277 011b 00       		.byte	0
 278 011c 00       		.byte	0
 279 011d 0A       		.uleb128 0xa
 280 011e 1D010000 		.4byte	.LASF16
 281 0122 04       		.byte	0x4
 282 0123 1207     		.2byte	0x712
 283 0125 29010000 		.4byte	0x129
 284 0129 0B       		.uleb128 0xb
 285 012a 76000000 		.4byte	0x76
 286 012e 0C       		.uleb128 0xc
 287 012f 4D000000 		.4byte	.LASF17
 288 0133 01       		.byte	0x1
 289 0134 03       		.byte	0x3
 290 0135 8F000000 		.4byte	0x8f
 291 0139 05       		.uleb128 0x5
 292 013a 03       		.byte	0x3
 293 013b 00000000 		.4byte	data
 294 013f 0D       		.uleb128 0xd
 295 0140 726F7700 		.ascii	"row\000"
 296 0144 01       		.byte	0x1
 297 0145 04       		.byte	0x4
 298 0146 68000000 		.4byte	0x68
 299 014a 05       		.uleb128 0x5
 300 014b 03       		.byte	0x3
 301 014c 00000000 		.4byte	row
 302 0150 0C       		.uleb128 0xc
 303 0151 0B010000 		.4byte	.LASF18
 304 0155 01       		.byte	0x1
 305 0156 04       		.byte	0x4
 306 0157 68000000 		.4byte	0x68
 307 015b 05       		.uleb128 0x5
 308 015c 03       		.byte	0x3
 309 015d 00000000 		.4byte	column
 310 0161 0E       		.uleb128 0xe
 311 0162 CC010000 		.4byte	.LASF19
 312 0166 CC010000 		.4byte	.LASF19
 313 016a 05       		.byte	0x5
 314 016b 71       		.byte	0x71
 315 016c 0E       		.uleb128 0xe
 316 016d 18000000 		.4byte	.LASF20
 317 0171 18000000 		.4byte	.LASF20
 318 0175 06       		.byte	0x6
ARM GAS  C:\Users\franf\AppData\Local\Temp\cc3BtTda.s 			page 7


 319 0176 70       		.byte	0x70
 320 0177 0E       		.uleb128 0xe
 321 0178 00000000 		.4byte	.LASF21
 322 017c 00000000 		.4byte	.LASF21
 323 0180 06       		.byte	0x6
 324 0181 72       		.byte	0x72
 325 0182 0E       		.uleb128 0xe
 326 0183 3D000000 		.4byte	.LASF22
 327 0187 3D000000 		.4byte	.LASF22
 328 018b 07       		.byte	0x7
 329 018c 93       		.byte	0x93
 330 018d 0E       		.uleb128 0xe
 331 018e 8F010000 		.4byte	.LASF23
 332 0192 8F010000 		.4byte	.LASF23
 333 0196 06       		.byte	0x6
 334 0197 31       		.byte	0x31
 335 0198 0E       		.uleb128 0xe
 336 0199 12010000 		.4byte	.LASF24
 337 019d 12010000 		.4byte	.LASF24
 338 01a1 05       		.byte	0x5
 339 01a2 54       		.byte	0x54
 340 01a3 0E       		.uleb128 0xe
 341 01a4 9D010000 		.4byte	.LASF25
 342 01a8 9D010000 		.4byte	.LASF25
 343 01ac 08       		.byte	0x8
 344 01ad 18       		.byte	0x18
 345 01ae 00       		.byte	0
 346              		.section	.debug_abbrev,"",%progbits
 347              	.Ldebug_abbrev0:
 348 0000 01       		.uleb128 0x1
 349 0001 11       		.uleb128 0x11
 350 0002 01       		.byte	0x1
 351 0003 25       		.uleb128 0x25
 352 0004 0E       		.uleb128 0xe
 353 0005 13       		.uleb128 0x13
 354 0006 0B       		.uleb128 0xb
 355 0007 03       		.uleb128 0x3
 356 0008 0E       		.uleb128 0xe
 357 0009 1B       		.uleb128 0x1b
 358 000a 0E       		.uleb128 0xe
 359 000b 55       		.uleb128 0x55
 360 000c 17       		.uleb128 0x17
 361 000d 11       		.uleb128 0x11
 362 000e 01       		.uleb128 0x1
 363 000f 10       		.uleb128 0x10
 364 0010 17       		.uleb128 0x17
 365 0011 00       		.byte	0
 366 0012 00       		.byte	0
 367 0013 02       		.uleb128 0x2
 368 0014 24       		.uleb128 0x24
 369 0015 00       		.byte	0
 370 0016 0B       		.uleb128 0xb
 371 0017 0B       		.uleb128 0xb
 372 0018 3E       		.uleb128 0x3e
 373 0019 0B       		.uleb128 0xb
 374 001a 03       		.uleb128 0x3
 375 001b 0E       		.uleb128 0xe
ARM GAS  C:\Users\franf\AppData\Local\Temp\cc3BtTda.s 			page 8


 376 001c 00       		.byte	0
 377 001d 00       		.byte	0
 378 001e 03       		.uleb128 0x3
 379 001f 16       		.uleb128 0x16
 380 0020 00       		.byte	0
 381 0021 03       		.uleb128 0x3
 382 0022 0E       		.uleb128 0xe
 383 0023 3A       		.uleb128 0x3a
 384 0024 0B       		.uleb128 0xb
 385 0025 3B       		.uleb128 0x3b
 386 0026 0B       		.uleb128 0xb
 387 0027 49       		.uleb128 0x49
 388 0028 13       		.uleb128 0x13
 389 0029 00       		.byte	0
 390 002a 00       		.byte	0
 391 002b 04       		.uleb128 0x4
 392 002c 24       		.uleb128 0x24
 393 002d 00       		.byte	0
 394 002e 0B       		.uleb128 0xb
 395 002f 0B       		.uleb128 0xb
 396 0030 3E       		.uleb128 0x3e
 397 0031 0B       		.uleb128 0xb
 398 0032 03       		.uleb128 0x3
 399 0033 08       		.uleb128 0x8
 400 0034 00       		.byte	0
 401 0035 00       		.byte	0
 402 0036 05       		.uleb128 0x5
 403 0037 2E       		.uleb128 0x2e
 404 0038 01       		.byte	0x1
 405 0039 3F       		.uleb128 0x3f
 406 003a 19       		.uleb128 0x19
 407 003b 03       		.uleb128 0x3
 408 003c 0E       		.uleb128 0xe
 409 003d 3A       		.uleb128 0x3a
 410 003e 0B       		.uleb128 0xb
 411 003f 3B       		.uleb128 0x3b
 412 0040 0B       		.uleb128 0xb
 413 0041 27       		.uleb128 0x27
 414 0042 19       		.uleb128 0x19
 415 0043 11       		.uleb128 0x11
 416 0044 01       		.uleb128 0x1
 417 0045 12       		.uleb128 0x12
 418 0046 06       		.uleb128 0x6
 419 0047 40       		.uleb128 0x40
 420 0048 18       		.uleb128 0x18
 421 0049 9742     		.uleb128 0x2117
 422 004b 19       		.uleb128 0x19
 423 004c 01       		.uleb128 0x1
 424 004d 13       		.uleb128 0x13
 425 004e 00       		.byte	0
 426 004f 00       		.byte	0
 427 0050 06       		.uleb128 0x6
 428 0051 898201   		.uleb128 0x4109
 429 0054 00       		.byte	0
 430 0055 11       		.uleb128 0x11
 431 0056 01       		.uleb128 0x1
 432 0057 31       		.uleb128 0x31
ARM GAS  C:\Users\franf\AppData\Local\Temp\cc3BtTda.s 			page 9


 433 0058 13       		.uleb128 0x13
 434 0059 00       		.byte	0
 435 005a 00       		.byte	0
 436 005b 07       		.uleb128 0x7
 437 005c 2E       		.uleb128 0x2e
 438 005d 01       		.byte	0x1
 439 005e 3F       		.uleb128 0x3f
 440 005f 19       		.uleb128 0x19
 441 0060 03       		.uleb128 0x3
 442 0061 0E       		.uleb128 0xe
 443 0062 3A       		.uleb128 0x3a
 444 0063 0B       		.uleb128 0xb
 445 0064 3B       		.uleb128 0x3b
 446 0065 0B       		.uleb128 0xb
 447 0066 27       		.uleb128 0x27
 448 0067 19       		.uleb128 0x19
 449 0068 49       		.uleb128 0x49
 450 0069 13       		.uleb128 0x13
 451 006a 8701     		.uleb128 0x87
 452 006c 19       		.uleb128 0x19
 453 006d 11       		.uleb128 0x11
 454 006e 01       		.uleb128 0x1
 455 006f 12       		.uleb128 0x12
 456 0070 06       		.uleb128 0x6
 457 0071 40       		.uleb128 0x40
 458 0072 18       		.uleb128 0x18
 459 0073 9742     		.uleb128 0x2117
 460 0075 19       		.uleb128 0x19
 461 0076 01       		.uleb128 0x1
 462 0077 13       		.uleb128 0x13
 463 0078 00       		.byte	0
 464 0079 00       		.byte	0
 465 007a 08       		.uleb128 0x8
 466 007b 898201   		.uleb128 0x4109
 467 007e 01       		.byte	0x1
 468 007f 11       		.uleb128 0x11
 469 0080 01       		.uleb128 0x1
 470 0081 31       		.uleb128 0x31
 471 0082 13       		.uleb128 0x13
 472 0083 00       		.byte	0
 473 0084 00       		.byte	0
 474 0085 09       		.uleb128 0x9
 475 0086 8A8201   		.uleb128 0x410a
 476 0089 00       		.byte	0
 477 008a 02       		.uleb128 0x2
 478 008b 18       		.uleb128 0x18
 479 008c 9142     		.uleb128 0x2111
 480 008e 18       		.uleb128 0x18
 481 008f 00       		.byte	0
 482 0090 00       		.byte	0
 483 0091 0A       		.uleb128 0xa
 484 0092 34       		.uleb128 0x34
 485 0093 00       		.byte	0
 486 0094 03       		.uleb128 0x3
 487 0095 0E       		.uleb128 0xe
 488 0096 3A       		.uleb128 0x3a
 489 0097 0B       		.uleb128 0xb
ARM GAS  C:\Users\franf\AppData\Local\Temp\cc3BtTda.s 			page 10


 490 0098 3B       		.uleb128 0x3b
 491 0099 05       		.uleb128 0x5
 492 009a 49       		.uleb128 0x49
 493 009b 13       		.uleb128 0x13
 494 009c 3F       		.uleb128 0x3f
 495 009d 19       		.uleb128 0x19
 496 009e 3C       		.uleb128 0x3c
 497 009f 19       		.uleb128 0x19
 498 00a0 00       		.byte	0
 499 00a1 00       		.byte	0
 500 00a2 0B       		.uleb128 0xb
 501 00a3 35       		.uleb128 0x35
 502 00a4 00       		.byte	0
 503 00a5 49       		.uleb128 0x49
 504 00a6 13       		.uleb128 0x13
 505 00a7 00       		.byte	0
 506 00a8 00       		.byte	0
 507 00a9 0C       		.uleb128 0xc
 508 00aa 34       		.uleb128 0x34
 509 00ab 00       		.byte	0
 510 00ac 03       		.uleb128 0x3
 511 00ad 0E       		.uleb128 0xe
 512 00ae 3A       		.uleb128 0x3a
 513 00af 0B       		.uleb128 0xb
 514 00b0 3B       		.uleb128 0x3b
 515 00b1 0B       		.uleb128 0xb
 516 00b2 49       		.uleb128 0x49
 517 00b3 13       		.uleb128 0x13
 518 00b4 3F       		.uleb128 0x3f
 519 00b5 19       		.uleb128 0x19
 520 00b6 02       		.uleb128 0x2
 521 00b7 18       		.uleb128 0x18
 522 00b8 00       		.byte	0
 523 00b9 00       		.byte	0
 524 00ba 0D       		.uleb128 0xd
 525 00bb 34       		.uleb128 0x34
 526 00bc 00       		.byte	0
 527 00bd 03       		.uleb128 0x3
 528 00be 08       		.uleb128 0x8
 529 00bf 3A       		.uleb128 0x3a
 530 00c0 0B       		.uleb128 0xb
 531 00c1 3B       		.uleb128 0x3b
 532 00c2 0B       		.uleb128 0xb
 533 00c3 49       		.uleb128 0x49
 534 00c4 13       		.uleb128 0x13
 535 00c5 3F       		.uleb128 0x3f
 536 00c6 19       		.uleb128 0x19
 537 00c7 02       		.uleb128 0x2
 538 00c8 18       		.uleb128 0x18
 539 00c9 00       		.byte	0
 540 00ca 00       		.byte	0
 541 00cb 0E       		.uleb128 0xe
 542 00cc 2E       		.uleb128 0x2e
 543 00cd 00       		.byte	0
 544 00ce 3F       		.uleb128 0x3f
 545 00cf 19       		.uleb128 0x19
 546 00d0 3C       		.uleb128 0x3c
ARM GAS  C:\Users\franf\AppData\Local\Temp\cc3BtTda.s 			page 11


 547 00d1 19       		.uleb128 0x19
 548 00d2 6E       		.uleb128 0x6e
 549 00d3 0E       		.uleb128 0xe
 550 00d4 03       		.uleb128 0x3
 551 00d5 0E       		.uleb128 0xe
 552 00d6 3A       		.uleb128 0x3a
 553 00d7 0B       		.uleb128 0xb
 554 00d8 3B       		.uleb128 0x3b
 555 00d9 0B       		.uleb128 0xb
 556 00da 00       		.byte	0
 557 00db 00       		.byte	0
 558 00dc 00       		.byte	0
 559              		.section	.debug_aranges,"",%progbits
 560 0000 24000000 		.4byte	0x24
 561 0004 0200     		.2byte	0x2
 562 0006 00000000 		.4byte	.Ldebug_info0
 563 000a 04       		.byte	0x4
 564 000b 00       		.byte	0
 565 000c 0000     		.2byte	0
 566 000e 0000     		.2byte	0
 567 0010 00000000 		.4byte	.LFB64
 568 0014 3C000000 		.4byte	.LFE64-.LFB64
 569 0018 00000000 		.4byte	.LFB65
 570 001c 1C000000 		.4byte	.LFE65-.LFB65
 571 0020 00000000 		.4byte	0
 572 0024 00000000 		.4byte	0
 573              		.section	.debug_ranges,"",%progbits
 574              	.Ldebug_ranges0:
 575 0000 00000000 		.4byte	.LFB64
 576 0004 3C000000 		.4byte	.LFE64
 577 0008 00000000 		.4byte	.LFB65
 578 000c 1C000000 		.4byte	.LFE65
 579 0010 00000000 		.4byte	0
 580 0014 00000000 		.4byte	0
 581              		.section	.debug_line,"",%progbits
 582              	.Ldebug_line0:
 583 0000 9E010000 		.section	.debug_str,"MS",%progbits,1
 583      02007001 
 583      00000201 
 583      FB0E0D00 
 583      01010101 
 584              	.LASF21:
 585 0000 4C43445F 		.ascii	"LCD_I2C_write\000"
 585      4932435F 
 585      77726974 
 585      6500
 586              	.LASF9:
 587 000e 5F5F696E 		.ascii	"__int32_t\000"
 587      7433325F 
 587      7400
 588              	.LASF20:
 589 0018 4C43445F 		.ascii	"LCD_I2C_setCursor\000"
 589      4932435F 
 589      73657443 
 589      7572736F 
 589      7200
 590              	.LASF3:
ARM GAS  C:\Users\franf\AppData\Local\Temp\cc3BtTda.s 			page 12


 591 002a 73686F72 		.ascii	"short unsigned int\000"
 591      7420756E 
 591      7369676E 
 591      65642069 
 591      6E7400
 592              	.LASF22:
 593 003d 4932435F 		.ascii	"I2C_Start\000"
 593      53746172 
 593      7400
 594              	.LASF11:
 595 0047 666C6F61 		.ascii	"float\000"
 595      7400
 596              	.LASF17:
 597 004d 64617461 		.ascii	"data\000"
 597      00
 598              	.LASF29:
 599 0052 696E7075 		.ascii	"input_data\000"
 599      745F6461 
 599      746100
 600              	.LASF1:
 601 005d 756E7369 		.ascii	"unsigned char\000"
 601      676E6564 
 601      20636861 
 601      7200
 602              	.LASF26:
 603 006b 474E5520 		.ascii	"GNU C11 5.4.1 20160609 (release) [ARM/embedded-5-br"
 603      43313120 
 603      352E342E 
 603      31203230 
 603      31363036 
 604 009e 616E6368 		.ascii	"anch revision 237715] -mcpu=cortex-m3 -mthumb -g -O"
 604      20726576 
 604      6973696F 
 604      6E203233 
 604      37373135 
 605 00d1 67202D66 		.ascii	"g -ffunction-sections -ffat-lto-objects\000"
 605      66756E63 
 605      74696F6E 
 605      2D736563 
 605      74696F6E 
 606              	.LASF5:
 607 00f9 6C6F6E67 		.ascii	"long unsigned int\000"
 607      20756E73 
 607      69676E65 
 607      6420696E 
 607      7400
 608              	.LASF18:
 609 010b 636F6C75 		.ascii	"column\000"
 609      6D6E00
 610              	.LASF24:
 611 0112 55415254 		.ascii	"UART_Start\000"
 611      5F537461 
 611      727400
 612              	.LASF16:
 613 011d 49544D5F 		.ascii	"ITM_RxBuffer\000"
 613      52784275 
 613      66666572 
ARM GAS  C:\Users\franf\AppData\Local\Temp\cc3BtTda.s 			page 13


 613      00
 614              	.LASF12:
 615 012a 646F7562 		.ascii	"double\000"
 615      6C6500
 616              	.LASF2:
 617 0131 73686F72 		.ascii	"short int\000"
 617      7420696E 
 617      7400
 618              	.LASF30:
 619 013b 6D61696E 		.ascii	"main\000"
 619      00
 620              	.LASF8:
 621 0140 756E7369 		.ascii	"unsigned int\000"
 621      676E6564 
 621      20696E74 
 621      00
 622              	.LASF7:
 623 014d 6C6F6E67 		.ascii	"long long unsigned int\000"
 623      206C6F6E 
 623      6720756E 
 623      7369676E 
 623      65642069 
 624              	.LASF10:
 625 0164 696E7433 		.ascii	"int32_t\000"
 625      325F7400 
 626              	.LASF15:
 627 016c 73697A65 		.ascii	"sizetype\000"
 627      74797065 
 627      00
 628              	.LASF6:
 629 0175 6C6F6E67 		.ascii	"long long int\000"
 629      206C6F6E 
 629      6720696E 
 629      7400
 630              	.LASF27:
 631 0183 6D61696E 		.ascii	"main.c\000"
 631      2E6300
 632              	.LASF13:
 633 018a 63686172 		.ascii	"char\000"
 633      00
 634              	.LASF23:
 635 018f 4C43445F 		.ascii	"LCD_I2C_start\000"
 635      4932435F 
 635      73746172 
 635      7400
 636              	.LASF25:
 637 019d 69737252 		.ascii	"isrRX_StartEx\000"
 637      585F5374 
 637      61727445 
 637      7800
 638              	.LASF4:
 639 01ab 6C6F6E67 		.ascii	"long int\000"
 639      20696E74 
 639      00
 640              	.LASF14:
 641 01b4 6C6F6E67 		.ascii	"long double\000"
 641      20646F75 
ARM GAS  C:\Users\franf\AppData\Local\Temp\cc3BtTda.s 			page 14


 641      626C6500 
 642              	.LASF0:
 643 01c0 7369676E 		.ascii	"signed char\000"
 643      65642063 
 643      68617200 
 644              	.LASF19:
 645 01cc 55415254 		.ascii	"UART_GetChar\000"
 645      5F476574 
 645      43686172 
 645      00
 646              	.LASF28:
 647 01d9 433A5C55 		.ascii	"C:\\Users\\franf\\Documents\\PSoC Creator\\lcd\\blu"
 647      73657273 
 647      5C667261 
 647      6E665C44 
 647      6F63756D 
 648 0206 65746F6F 		.ascii	"etooth.cydsn\000"
 648      74682E63 
 648      7964736E 
 648      00
 649              		.ident	"GCC: (GNU Tools for ARM Embedded Processors) 5.4.1 20160609 (release) [ARM/embedded-5-bran
