ARM GAS  C:\Users\franf\AppData\Local\Temp\ccqOS0a0.s 			page 1


   1              		.syntax unified
   2              		.cpu cortex-m3
   3              		.fpu softvfp
   4              		.eabi_attribute 20, 1
   5              		.eabi_attribute 21, 1
   6              		.eabi_attribute 23, 3
   7              		.eabi_attribute 24, 1
   8              		.eabi_attribute 25, 1
   9              		.eabi_attribute 26, 1
  10              		.eabi_attribute 30, 1
  11              		.eabi_attribute 34, 1
  12              		.eabi_attribute 18, 4
  13              		.thumb
  14              		.syntax unified
  15              		.file	"main.c"
  16              		.text
  17              	.Ltext0:
  18              		.cfi_sections	.debug_frame
  19              		.section	.text.input_data,"ax",%progbits
  20              		.align	2
  21              		.global	input_data
  22              		.thumb
  23              		.thumb_func
  24              		.type	input_data, %function
  25              	input_data:
  26              	.LFB63:
  27              		.file 1 "main.c"
   1:main.c        **** #include "project.h"
   2:main.c        **** char data;
   3:main.c        **** int valor = 0;
   4:main.c        **** 
   5:main.c        **** CY_ISR(input_data)
   6:main.c        **** {
  28              		.loc 1 6 0
  29              		.cfi_startproc
  30              		@ args = 0, pretend = 0, frame = 0
  31              		@ frame_needed = 0, uses_anonymous_args = 0
  32 0000 08B5     		push	{r3, lr}
  33              		.cfi_def_cfa_offset 8
  34              		.cfi_offset 3, -8
  35              		.cfi_offset 14, -4
   7:main.c        ****     data = UART_GetChar();
  36              		.loc 1 7 0
  37 0002 FFF7FEFF 		bl	UART_GetChar
  38              	.LVL0:
  39 0006 064B     		ldr	r3, .L5
  40 0008 1870     		strb	r0, [r3]
   8:main.c        ****     if (data =='A')
  41              		.loc 1 8 0
  42 000a 4128     		cmp	r0, #65
  43 000c 02D1     		bne	.L2
   9:main.c        ****     {
  10:main.c        ****         valor = 1 ;
  44              		.loc 1 10 0
  45 000e 0122     		movs	r2, #1
  46 0010 044B     		ldr	r3, .L5+4
  47 0012 1A60     		str	r2, [r3]
ARM GAS  C:\Users\franf\AppData\Local\Temp\ccqOS0a0.s 			page 2


  48              	.L2:
  11:main.c        ****     }
  12:main.c        ****     if (data =='B')
  49              		.loc 1 12 0
  50 0014 4228     		cmp	r0, #66
  51 0016 02D1     		bne	.L1
  13:main.c        ****     {
  14:main.c        ****         valor = 0 ;
  52              		.loc 1 14 0
  53 0018 0022     		movs	r2, #0
  54 001a 024B     		ldr	r3, .L5+4
  55 001c 1A60     		str	r2, [r3]
  56              	.L1:
  57 001e 08BD     		pop	{r3, pc}
  58              	.L6:
  59              		.align	2
  60              	.L5:
  61 0020 00000000 		.word	data
  62 0024 00000000 		.word	.LANCHOR0
  63              		.cfi_endproc
  64              	.LFE63:
  65              		.size	input_data, .-input_data
  66              		.section	.text.main,"ax",%progbits
  67              		.align	2
  68              		.global	main
  69              		.thumb
  70              		.thumb_func
  71              		.type	main, %function
  72              	main:
  73              	.LFB64:
  15:main.c        ****     }
  16:main.c        **** }
  17:main.c        **** int main(void)
  18:main.c        **** {
  74              		.loc 1 18 0
  75              		.cfi_startproc
  76              		@ Volatile: function does not return.
  77              		@ args = 0, pretend = 0, frame = 0
  78              		@ frame_needed = 0, uses_anonymous_args = 0
  79 0000 08B5     		push	{r3, lr}
  80              		.cfi_def_cfa_offset 8
  81              		.cfi_offset 3, -8
  82              		.cfi_offset 14, -4
  19:main.c        ****     CyGlobalIntEnable;
  83              		.loc 1 19 0
  84              		.syntax unified
  85              	@ 19 "main.c" 1
  86 0002 62B6     		CPSIE   i
  87              	@ 0 "" 2
  20:main.c        ****     UART_Start();
  88              		.loc 1 20 0
  89              		.thumb
  90              		.syntax unified
  91 0004 FFF7FEFF 		bl	UART_Start
  92              	.LVL1:
  21:main.c        ****     isrRX_StartEx(input_data);
  93              		.loc 1 21 0
ARM GAS  C:\Users\franf\AppData\Local\Temp\ccqOS0a0.s 			page 3


  94 0008 0348     		ldr	r0, .L10
  95 000a FFF7FEFF 		bl	isrRX_StartEx
  96              	.LVL2:
  97              	.L8:
  22:main.c        ****     for(;;)
  23:main.c        ****     {
  24:main.c        ****         LED_Write(valor);
  98              		.loc 1 24 0 discriminator 1
  99 000e 034B     		ldr	r3, .L10+4
 100 0010 1878     		ldrb	r0, [r3]	@ zero_extendqisi2
 101 0012 FFF7FEFF 		bl	LED_Write
 102              	.LVL3:
 103 0016 FAE7     		b	.L8
 104              	.L11:
 105              		.align	2
 106              	.L10:
 107 0018 00000000 		.word	input_data
 108 001c 00000000 		.word	.LANCHOR0
 109              		.cfi_endproc
 110              	.LFE64:
 111              		.size	main, .-main
 112              		.global	valor
 113              		.comm	data,1,1
 114              		.bss
 115              		.align	2
 116              		.set	.LANCHOR0,. + 0
 117              		.type	valor, %object
 118              		.size	valor, 4
 119              	valor:
 120 0000 00000000 		.space	4
 121              		.text
 122              	.Letext0:
 123              		.file 2 "c:\\program files (x86)\\cypress\\psoc creator\\4.4\\psoc creator\\import\\gnu\\arm\\5.4.
 124              		.file 3 "c:\\program files (x86)\\cypress\\psoc creator\\4.4\\psoc creator\\import\\gnu\\arm\\5.4.
 125              		.file 4 "Generated_Source\\PSoC5/core_cm3.h"
 126              		.file 5 "Generated_Source\\PSoC5/UART.h"
 127              		.file 6 "Generated_Source\\PSoC5/isrRX.h"
 128              		.file 7 "Generated_Source\\PSoC5/LED.h"
 129              		.section	.debug_info,"",%progbits
 130              	.Ldebug_info0:
 131 0000 62010000 		.4byte	0x162
 132 0004 0400     		.2byte	0x4
 133 0006 00000000 		.4byte	.Ldebug_abbrev0
 134 000a 04       		.byte	0x4
 135 000b 01       		.uleb128 0x1
 136 000c 71000000 		.4byte	.LASF23
 137 0010 0C       		.byte	0xc
 138 0011 59000000 		.4byte	.LASF24
 139 0015 00000000 		.4byte	.LASF25
 140 0019 00000000 		.4byte	.Ldebug_ranges0+0
 141 001d 00000000 		.4byte	0
 142 0021 00000000 		.4byte	.Ldebug_line0
 143 0025 02       		.uleb128 0x2
 144 0026 01       		.byte	0x1
 145 0027 06       		.byte	0x6
 146 0028 65000000 		.4byte	.LASF0
 147 002c 02       		.uleb128 0x2
ARM GAS  C:\Users\franf\AppData\Local\Temp\ccqOS0a0.s 			page 4


 148 002d 01       		.byte	0x1
 149 002e 08       		.byte	0x8
 150 002f 48010000 		.4byte	.LASF1
 151 0033 02       		.uleb128 0x2
 152 0034 02       		.byte	0x2
 153 0035 05       		.byte	0x5
 154 0036 C8010000 		.4byte	.LASF2
 155 003a 02       		.uleb128 0x2
 156 003b 02       		.byte	0x2
 157 003c 07       		.byte	0x7
 158 003d 39000000 		.4byte	.LASF3
 159 0041 03       		.uleb128 0x3
 160 0042 AF010000 		.4byte	.LASF9
 161 0046 02       		.byte	0x2
 162 0047 3F       		.byte	0x3f
 163 0048 4C000000 		.4byte	0x4c
 164 004c 02       		.uleb128 0x2
 165 004d 04       		.byte	0x4
 166 004e 05       		.byte	0x5
 167 004f BF010000 		.4byte	.LASF4
 168 0053 02       		.uleb128 0x2
 169 0054 04       		.byte	0x4
 170 0055 07       		.byte	0x7
 171 0056 09010000 		.4byte	.LASF5
 172 005a 02       		.uleb128 0x2
 173 005b 08       		.byte	0x8
 174 005c 05       		.byte	0x5
 175 005d 7D010000 		.4byte	.LASF6
 176 0061 02       		.uleb128 0x2
 177 0062 08       		.byte	0x8
 178 0063 07       		.byte	0x7
 179 0064 1B010000 		.4byte	.LASF7
 180 0068 04       		.uleb128 0x4
 181 0069 04       		.byte	0x4
 182 006a 05       		.byte	0x5
 183 006b 696E7400 		.ascii	"int\000"
 184 006f 02       		.uleb128 0x2
 185 0070 04       		.byte	0x4
 186 0071 07       		.byte	0x7
 187 0072 4C000000 		.4byte	.LASF8
 188 0076 03       		.uleb128 0x3
 189 0077 D2010000 		.4byte	.LASF10
 190 007b 03       		.byte	0x3
 191 007c 2C       		.byte	0x2c
 192 007d 41000000 		.4byte	0x41
 193 0081 02       		.uleb128 0x2
 194 0082 04       		.byte	0x4
 195 0083 04       		.byte	0x4
 196 0084 B9010000 		.4byte	.LASF11
 197 0088 02       		.uleb128 0x2
 198 0089 08       		.byte	0x8
 199 008a 04       		.byte	0x4
 200 008b 76010000 		.4byte	.LASF12
 201 008f 02       		.uleb128 0x2
 202 0090 01       		.byte	0x1
 203 0091 08       		.byte	0x8
 204 0092 56010000 		.4byte	.LASF13
ARM GAS  C:\Users\franf\AppData\Local\Temp\ccqOS0a0.s 			page 5


 205 0096 02       		.uleb128 0x2
 206 0097 08       		.byte	0x8
 207 0098 04       		.byte	0x4
 208 0099 A3010000 		.4byte	.LASF14
 209 009d 02       		.uleb128 0x2
 210 009e 04       		.byte	0x4
 211 009f 07       		.byte	0x7
 212 00a0 DA010000 		.4byte	.LASF15
 213 00a4 05       		.uleb128 0x5
 214 00a5 98010000 		.4byte	.LASF26
 215 00a9 01       		.byte	0x1
 216 00aa 05       		.byte	0x5
 217 00ab 00000000 		.4byte	.LFB63
 218 00af 28000000 		.4byte	.LFE63-.LFB63
 219 00b3 01       		.uleb128 0x1
 220 00b4 9C       		.byte	0x9c
 221 00b5 C3000000 		.4byte	0xc3
 222 00b9 06       		.uleb128 0x6
 223 00ba 06000000 		.4byte	.LVL0
 224 00be 39010000 		.4byte	0x139
 225 00c2 00       		.byte	0
 226 00c3 07       		.uleb128 0x7
 227 00c4 60000000 		.4byte	.LASF27
 228 00c8 01       		.byte	0x1
 229 00c9 11       		.byte	0x11
 230 00ca 68000000 		.4byte	0x68
 231 00ce 00000000 		.4byte	.LFB64
 232 00d2 20000000 		.4byte	.LFE64-.LFB64
 233 00d6 01       		.uleb128 0x1
 234 00d7 9C       		.byte	0x9c
 235 00d8 06010000 		.4byte	0x106
 236 00dc 06       		.uleb128 0x6
 237 00dd 08000000 		.4byte	.LVL1
 238 00e1 44010000 		.4byte	0x144
 239 00e5 08       		.uleb128 0x8
 240 00e6 0E000000 		.4byte	.LVL2
 241 00ea 4F010000 		.4byte	0x14f
 242 00ee FC000000 		.4byte	0xfc
 243 00f2 09       		.uleb128 0x9
 244 00f3 01       		.uleb128 0x1
 245 00f4 50       		.byte	0x50
 246 00f5 05       		.uleb128 0x5
 247 00f6 03       		.byte	0x3
 248 00f7 00000000 		.4byte	input_data
 249 00fb 00       		.byte	0
 250 00fc 06       		.uleb128 0x6
 251 00fd 16000000 		.4byte	.LVL3
 252 0101 5A010000 		.4byte	0x15a
 253 0105 00       		.byte	0
 254 0106 0A       		.uleb128 0xa
 255 0107 8B010000 		.4byte	.LASF16
 256 010b 04       		.byte	0x4
 257 010c 1207     		.2byte	0x712
 258 010e 12010000 		.4byte	0x112
 259 0112 0B       		.uleb128 0xb
 260 0113 76000000 		.4byte	0x76
 261 0117 0C       		.uleb128 0xc
ARM GAS  C:\Users\franf\AppData\Local\Temp\ccqOS0a0.s 			page 6


 262 0118 32010000 		.4byte	.LASF17
 263 011c 01       		.byte	0x1
 264 011d 02       		.byte	0x2
 265 011e 8F000000 		.4byte	0x8f
 266 0122 05       		.uleb128 0x5
 267 0123 03       		.byte	0x3
 268 0124 00000000 		.4byte	data
 269 0128 0C       		.uleb128 0xc
 270 0129 42010000 		.4byte	.LASF18
 271 012d 01       		.byte	0x1
 272 012e 03       		.byte	0x3
 273 012f 68000000 		.4byte	0x68
 274 0133 05       		.uleb128 0x5
 275 0134 03       		.byte	0x3
 276 0135 00000000 		.4byte	valor
 277 0139 0D       		.uleb128 0xd
 278 013a 5B010000 		.4byte	.LASF19
 279 013e 5B010000 		.4byte	.LASF19
 280 0142 05       		.byte	0x5
 281 0143 71       		.byte	0x71
 282 0144 0D       		.uleb128 0xd
 283 0145 37010000 		.4byte	.LASF20
 284 0149 37010000 		.4byte	.LASF20
 285 014d 05       		.byte	0x5
 286 014e 54       		.byte	0x54
 287 014f 0D       		.uleb128 0xd
 288 0150 68010000 		.4byte	.LASF21
 289 0154 68010000 		.4byte	.LASF21
 290 0158 06       		.byte	0x6
 291 0159 18       		.byte	0x18
 292 015a 0D       		.uleb128 0xd
 293 015b FF000000 		.4byte	.LASF22
 294 015f FF000000 		.4byte	.LASF22
 295 0163 07       		.byte	0x7
 296 0164 26       		.byte	0x26
 297 0165 00       		.byte	0
 298              		.section	.debug_abbrev,"",%progbits
 299              	.Ldebug_abbrev0:
 300 0000 01       		.uleb128 0x1
 301 0001 11       		.uleb128 0x11
 302 0002 01       		.byte	0x1
 303 0003 25       		.uleb128 0x25
 304 0004 0E       		.uleb128 0xe
 305 0005 13       		.uleb128 0x13
 306 0006 0B       		.uleb128 0xb
 307 0007 03       		.uleb128 0x3
 308 0008 0E       		.uleb128 0xe
 309 0009 1B       		.uleb128 0x1b
 310 000a 0E       		.uleb128 0xe
 311 000b 55       		.uleb128 0x55
 312 000c 17       		.uleb128 0x17
 313 000d 11       		.uleb128 0x11
 314 000e 01       		.uleb128 0x1
 315 000f 10       		.uleb128 0x10
 316 0010 17       		.uleb128 0x17
 317 0011 00       		.byte	0
 318 0012 00       		.byte	0
ARM GAS  C:\Users\franf\AppData\Local\Temp\ccqOS0a0.s 			page 7


 319 0013 02       		.uleb128 0x2
 320 0014 24       		.uleb128 0x24
 321 0015 00       		.byte	0
 322 0016 0B       		.uleb128 0xb
 323 0017 0B       		.uleb128 0xb
 324 0018 3E       		.uleb128 0x3e
 325 0019 0B       		.uleb128 0xb
 326 001a 03       		.uleb128 0x3
 327 001b 0E       		.uleb128 0xe
 328 001c 00       		.byte	0
 329 001d 00       		.byte	0
 330 001e 03       		.uleb128 0x3
 331 001f 16       		.uleb128 0x16
 332 0020 00       		.byte	0
 333 0021 03       		.uleb128 0x3
 334 0022 0E       		.uleb128 0xe
 335 0023 3A       		.uleb128 0x3a
 336 0024 0B       		.uleb128 0xb
 337 0025 3B       		.uleb128 0x3b
 338 0026 0B       		.uleb128 0xb
 339 0027 49       		.uleb128 0x49
 340 0028 13       		.uleb128 0x13
 341 0029 00       		.byte	0
 342 002a 00       		.byte	0
 343 002b 04       		.uleb128 0x4
 344 002c 24       		.uleb128 0x24
 345 002d 00       		.byte	0
 346 002e 0B       		.uleb128 0xb
 347 002f 0B       		.uleb128 0xb
 348 0030 3E       		.uleb128 0x3e
 349 0031 0B       		.uleb128 0xb
 350 0032 03       		.uleb128 0x3
 351 0033 08       		.uleb128 0x8
 352 0034 00       		.byte	0
 353 0035 00       		.byte	0
 354 0036 05       		.uleb128 0x5
 355 0037 2E       		.uleb128 0x2e
 356 0038 01       		.byte	0x1
 357 0039 3F       		.uleb128 0x3f
 358 003a 19       		.uleb128 0x19
 359 003b 03       		.uleb128 0x3
 360 003c 0E       		.uleb128 0xe
 361 003d 3A       		.uleb128 0x3a
 362 003e 0B       		.uleb128 0xb
 363 003f 3B       		.uleb128 0x3b
 364 0040 0B       		.uleb128 0xb
 365 0041 27       		.uleb128 0x27
 366 0042 19       		.uleb128 0x19
 367 0043 11       		.uleb128 0x11
 368 0044 01       		.uleb128 0x1
 369 0045 12       		.uleb128 0x12
 370 0046 06       		.uleb128 0x6
 371 0047 40       		.uleb128 0x40
 372 0048 18       		.uleb128 0x18
 373 0049 9742     		.uleb128 0x2117
 374 004b 19       		.uleb128 0x19
 375 004c 01       		.uleb128 0x1
ARM GAS  C:\Users\franf\AppData\Local\Temp\ccqOS0a0.s 			page 8


 376 004d 13       		.uleb128 0x13
 377 004e 00       		.byte	0
 378 004f 00       		.byte	0
 379 0050 06       		.uleb128 0x6
 380 0051 898201   		.uleb128 0x4109
 381 0054 00       		.byte	0
 382 0055 11       		.uleb128 0x11
 383 0056 01       		.uleb128 0x1
 384 0057 31       		.uleb128 0x31
 385 0058 13       		.uleb128 0x13
 386 0059 00       		.byte	0
 387 005a 00       		.byte	0
 388 005b 07       		.uleb128 0x7
 389 005c 2E       		.uleb128 0x2e
 390 005d 01       		.byte	0x1
 391 005e 3F       		.uleb128 0x3f
 392 005f 19       		.uleb128 0x19
 393 0060 03       		.uleb128 0x3
 394 0061 0E       		.uleb128 0xe
 395 0062 3A       		.uleb128 0x3a
 396 0063 0B       		.uleb128 0xb
 397 0064 3B       		.uleb128 0x3b
 398 0065 0B       		.uleb128 0xb
 399 0066 27       		.uleb128 0x27
 400 0067 19       		.uleb128 0x19
 401 0068 49       		.uleb128 0x49
 402 0069 13       		.uleb128 0x13
 403 006a 8701     		.uleb128 0x87
 404 006c 19       		.uleb128 0x19
 405 006d 11       		.uleb128 0x11
 406 006e 01       		.uleb128 0x1
 407 006f 12       		.uleb128 0x12
 408 0070 06       		.uleb128 0x6
 409 0071 40       		.uleb128 0x40
 410 0072 18       		.uleb128 0x18
 411 0073 9742     		.uleb128 0x2117
 412 0075 19       		.uleb128 0x19
 413 0076 01       		.uleb128 0x1
 414 0077 13       		.uleb128 0x13
 415 0078 00       		.byte	0
 416 0079 00       		.byte	0
 417 007a 08       		.uleb128 0x8
 418 007b 898201   		.uleb128 0x4109
 419 007e 01       		.byte	0x1
 420 007f 11       		.uleb128 0x11
 421 0080 01       		.uleb128 0x1
 422 0081 31       		.uleb128 0x31
 423 0082 13       		.uleb128 0x13
 424 0083 01       		.uleb128 0x1
 425 0084 13       		.uleb128 0x13
 426 0085 00       		.byte	0
 427 0086 00       		.byte	0
 428 0087 09       		.uleb128 0x9
 429 0088 8A8201   		.uleb128 0x410a
 430 008b 00       		.byte	0
 431 008c 02       		.uleb128 0x2
 432 008d 18       		.uleb128 0x18
ARM GAS  C:\Users\franf\AppData\Local\Temp\ccqOS0a0.s 			page 9


 433 008e 9142     		.uleb128 0x2111
 434 0090 18       		.uleb128 0x18
 435 0091 00       		.byte	0
 436 0092 00       		.byte	0
 437 0093 0A       		.uleb128 0xa
 438 0094 34       		.uleb128 0x34
 439 0095 00       		.byte	0
 440 0096 03       		.uleb128 0x3
 441 0097 0E       		.uleb128 0xe
 442 0098 3A       		.uleb128 0x3a
 443 0099 0B       		.uleb128 0xb
 444 009a 3B       		.uleb128 0x3b
 445 009b 05       		.uleb128 0x5
 446 009c 49       		.uleb128 0x49
 447 009d 13       		.uleb128 0x13
 448 009e 3F       		.uleb128 0x3f
 449 009f 19       		.uleb128 0x19
 450 00a0 3C       		.uleb128 0x3c
 451 00a1 19       		.uleb128 0x19
 452 00a2 00       		.byte	0
 453 00a3 00       		.byte	0
 454 00a4 0B       		.uleb128 0xb
 455 00a5 35       		.uleb128 0x35
 456 00a6 00       		.byte	0
 457 00a7 49       		.uleb128 0x49
 458 00a8 13       		.uleb128 0x13
 459 00a9 00       		.byte	0
 460 00aa 00       		.byte	0
 461 00ab 0C       		.uleb128 0xc
 462 00ac 34       		.uleb128 0x34
 463 00ad 00       		.byte	0
 464 00ae 03       		.uleb128 0x3
 465 00af 0E       		.uleb128 0xe
 466 00b0 3A       		.uleb128 0x3a
 467 00b1 0B       		.uleb128 0xb
 468 00b2 3B       		.uleb128 0x3b
 469 00b3 0B       		.uleb128 0xb
 470 00b4 49       		.uleb128 0x49
 471 00b5 13       		.uleb128 0x13
 472 00b6 3F       		.uleb128 0x3f
 473 00b7 19       		.uleb128 0x19
 474 00b8 02       		.uleb128 0x2
 475 00b9 18       		.uleb128 0x18
 476 00ba 00       		.byte	0
 477 00bb 00       		.byte	0
 478 00bc 0D       		.uleb128 0xd
 479 00bd 2E       		.uleb128 0x2e
 480 00be 00       		.byte	0
 481 00bf 3F       		.uleb128 0x3f
 482 00c0 19       		.uleb128 0x19
 483 00c1 3C       		.uleb128 0x3c
 484 00c2 19       		.uleb128 0x19
 485 00c3 6E       		.uleb128 0x6e
 486 00c4 0E       		.uleb128 0xe
 487 00c5 03       		.uleb128 0x3
 488 00c6 0E       		.uleb128 0xe
 489 00c7 3A       		.uleb128 0x3a
ARM GAS  C:\Users\franf\AppData\Local\Temp\ccqOS0a0.s 			page 10


 490 00c8 0B       		.uleb128 0xb
 491 00c9 3B       		.uleb128 0x3b
 492 00ca 0B       		.uleb128 0xb
 493 00cb 00       		.byte	0
 494 00cc 00       		.byte	0
 495 00cd 00       		.byte	0
 496              		.section	.debug_aranges,"",%progbits
 497 0000 24000000 		.4byte	0x24
 498 0004 0200     		.2byte	0x2
 499 0006 00000000 		.4byte	.Ldebug_info0
 500 000a 04       		.byte	0x4
 501 000b 00       		.byte	0
 502 000c 0000     		.2byte	0
 503 000e 0000     		.2byte	0
 504 0010 00000000 		.4byte	.LFB63
 505 0014 28000000 		.4byte	.LFE63-.LFB63
 506 0018 00000000 		.4byte	.LFB64
 507 001c 20000000 		.4byte	.LFE64-.LFB64
 508 0020 00000000 		.4byte	0
 509 0024 00000000 		.4byte	0
 510              		.section	.debug_ranges,"",%progbits
 511              	.Ldebug_ranges0:
 512 0000 00000000 		.4byte	.LFB63
 513 0004 28000000 		.4byte	.LFE63
 514 0008 00000000 		.4byte	.LFB64
 515 000c 20000000 		.4byte	.LFE64
 516 0010 00000000 		.4byte	0
 517 0014 00000000 		.4byte	0
 518              		.section	.debug_line,"",%progbits
 519              	.Ldebug_line0:
 520 0000 8C010000 		.section	.debug_str,"MS",%progbits,1
 520      02005D01 
 520      00000201 
 520      FB0E0D00 
 520      01010101 
 521              	.LASF25:
 522 0000 433A5C55 		.ascii	"C:\\Users\\franf\\Documents\\PSoC Creator\\lcd\\led"
 522      73657273 
 522      5C667261 
 522      6E665C44 
 522      6F63756D 
 523 002d 5F626C75 		.ascii	"_blue.cydsn\000"
 523      652E6379 
 523      64736E00 
 524              	.LASF3:
 525 0039 73686F72 		.ascii	"short unsigned int\000"
 525      7420756E 
 525      7369676E 
 525      65642069 
 525      6E7400
 526              	.LASF8:
 527 004c 756E7369 		.ascii	"unsigned int\000"
 527      676E6564 
 527      20696E74 
 527      00
 528              	.LASF24:
 529 0059 6D61696E 		.ascii	"main.c\000"
ARM GAS  C:\Users\franf\AppData\Local\Temp\ccqOS0a0.s 			page 11


 529      2E6300
 530              	.LASF27:
 531 0060 6D61696E 		.ascii	"main\000"
 531      00
 532              	.LASF0:
 533 0065 7369676E 		.ascii	"signed char\000"
 533      65642063 
 533      68617200 
 534              	.LASF23:
 535 0071 474E5520 		.ascii	"GNU C11 5.4.1 20160609 (release) [ARM/embedded-5-br"
 535      43313120 
 535      352E342E 
 535      31203230 
 535      31363036 
 536 00a4 616E6368 		.ascii	"anch revision 237715] -mcpu=cortex-m3 -mthumb -g -O"
 536      20726576 
 536      6973696F 
 536      6E203233 
 536      37373135 
 537 00d7 67202D66 		.ascii	"g -ffunction-sections -ffat-lto-objects\000"
 537      66756E63 
 537      74696F6E 
 537      2D736563 
 537      74696F6E 
 538              	.LASF22:
 539 00ff 4C45445F 		.ascii	"LED_Write\000"
 539      57726974 
 539      6500
 540              	.LASF5:
 541 0109 6C6F6E67 		.ascii	"long unsigned int\000"
 541      20756E73 
 541      69676E65 
 541      6420696E 
 541      7400
 542              	.LASF7:
 543 011b 6C6F6E67 		.ascii	"long long unsigned int\000"
 543      206C6F6E 
 543      6720756E 
 543      7369676E 
 543      65642069 
 544              	.LASF17:
 545 0132 64617461 		.ascii	"data\000"
 545      00
 546              	.LASF20:
 547 0137 55415254 		.ascii	"UART_Start\000"
 547      5F537461 
 547      727400
 548              	.LASF18:
 549 0142 76616C6F 		.ascii	"valor\000"
 549      7200
 550              	.LASF1:
 551 0148 756E7369 		.ascii	"unsigned char\000"
 551      676E6564 
 551      20636861 
 551      7200
 552              	.LASF13:
 553 0156 63686172 		.ascii	"char\000"
ARM GAS  C:\Users\franf\AppData\Local\Temp\ccqOS0a0.s 			page 12


 553      00
 554              	.LASF19:
 555 015b 55415254 		.ascii	"UART_GetChar\000"
 555      5F476574 
 555      43686172 
 555      00
 556              	.LASF21:
 557 0168 69737252 		.ascii	"isrRX_StartEx\000"
 557      585F5374 
 557      61727445 
 557      7800
 558              	.LASF12:
 559 0176 646F7562 		.ascii	"double\000"
 559      6C6500
 560              	.LASF6:
 561 017d 6C6F6E67 		.ascii	"long long int\000"
 561      206C6F6E 
 561      6720696E 
 561      7400
 562              	.LASF16:
 563 018b 49544D5F 		.ascii	"ITM_RxBuffer\000"
 563      52784275 
 563      66666572 
 563      00
 564              	.LASF26:
 565 0198 696E7075 		.ascii	"input_data\000"
 565      745F6461 
 565      746100
 566              	.LASF14:
 567 01a3 6C6F6E67 		.ascii	"long double\000"
 567      20646F75 
 567      626C6500 
 568              	.LASF9:
 569 01af 5F5F696E 		.ascii	"__int32_t\000"
 569      7433325F 
 569      7400
 570              	.LASF11:
 571 01b9 666C6F61 		.ascii	"float\000"
 571      7400
 572              	.LASF4:
 573 01bf 6C6F6E67 		.ascii	"long int\000"
 573      20696E74 
 573      00
 574              	.LASF2:
 575 01c8 73686F72 		.ascii	"short int\000"
 575      7420696E 
 575      7400
 576              	.LASF10:
 577 01d2 696E7433 		.ascii	"int32_t\000"
 577      325F7400 
 578              	.LASF15:
 579 01da 73697A65 		.ascii	"sizetype\000"
 579      74797065 
 579      00
 580              		.ident	"GCC: (GNU Tools for ARM Embedded Processors) 5.4.1 20160609 (release) [ARM/embedded-5-bran
