ARM GAS  C:\Users\franf\AppData\Local\Temp\cczeeIdT.s 			page 1


   1              		.syntax unified
   2              		.cpu cortex-m3
   3              		.fpu softvfp
   4              		.eabi_attribute 20, 1
   5              		.eabi_attribute 21, 1
   6              		.eabi_attribute 23, 3
   7              		.eabi_attribute 24, 1
   8              		.eabi_attribute 25, 1
   9              		.eabi_attribute 26, 1
  10              		.eabi_attribute 30, 1
  11              		.eabi_attribute 34, 1
  12              		.eabi_attribute 18, 4
  13              		.thumb
  14              		.syntax unified
  15              		.file	"cymetadata.c"
  16              		.text
  17              	.Ltext0:
  18              		.cfi_sections	.debug_frame
  19              		.global	cy_metadata
  20              		.global	cy_meta_flashprotect
  21              		.global	cy_meta_wonvl
  22              		.global	cy_meta_custnvl
  23              		.global	cy_meta_configecc
  24              		.section	.cyconfigecc,"a",%progbits
  25              		.align	2
  26              		.type	cy_meta_configecc, %object
  27              		.size	cy_meta_configecc, 1180
  28              	cy_meta_configecc:
  29 0000 01       		.byte	1
  30 0001 4F       		.byte	79
  31 0002 00       		.byte	0
  32 0003 40       		.byte	64
  33 0004 01       		.byte	1
  34 0005 52       		.byte	82
  35 0006 00       		.byte	0
  36 0007 40       		.byte	64
  37 0008 01       		.byte	1
  38 0009 64       		.byte	100
  39 000a 00       		.byte	0
  40 000b 40       		.byte	64
  41 000c 02       		.byte	2
  42 000d 65       		.byte	101
  43 000e 00       		.byte	0
  44 000f 40       		.byte	64
  45 0010 01       		.byte	1
  46 0011 03       		.byte	3
  47 0012 01       		.byte	1
  48 0013 40       		.byte	64
  49 0014 01       		.byte	1
  50 0015 05       		.byte	5
  51 0016 01       		.byte	1
  52 0017 40       		.byte	64
  53 0018 01       		.byte	1
  54 0019 07       		.byte	7
  55 001a 01       		.byte	1
  56 001b 40       		.byte	64
  57 001c 53       		.byte	83
ARM GAS  C:\Users\franf\AppData\Local\Temp\cczeeIdT.s 			page 2


  58 001d 08       		.byte	8
  59 001e 01       		.byte	1
  60 001f 40       		.byte	64
  61 0020 38       		.byte	56
  62 0021 09       		.byte	9
  63 0022 01       		.byte	1
  64 0023 40       		.byte	64
  65 0024 04       		.byte	4
  66 0025 0B       		.byte	11
  67 0026 01       		.byte	1
  68 0027 40       		.byte	64
  69 0028 01       		.byte	1
  70 0029 0D       		.byte	13
  71 002a 01       		.byte	1
  72 002b 40       		.byte	64
  73 002c 04       		.byte	4
  74 002d 15       		.byte	21
  75 002e 01       		.byte	1
  76 002f 40       		.byte	64
  77 0030 4D       		.byte	77
  78 0031 18       		.byte	24
  79 0032 01       		.byte	1
  80 0033 40       		.byte	64
  81 0034 38       		.byte	56
  82 0035 19       		.byte	25
  83 0036 01       		.byte	1
  84 0037 40       		.byte	64
  85 0038 08       		.byte	8
  86 0039 1A       		.byte	26
  87 003a 01       		.byte	1
  88 003b 40       		.byte	64
  89 003c 52       		.byte	82
  90 003d 1B       		.byte	27
  91 003e 01       		.byte	1
  92 003f 40       		.byte	64
  93 0040 02       		.byte	2
  94 0041 40       		.byte	64
  95 0042 01       		.byte	1
  96 0043 40       		.byte	64
  97 0044 03       		.byte	3
  98 0045 41       		.byte	65
  99 0046 01       		.byte	1
 100 0047 40       		.byte	64
 101 0048 07       		.byte	7
 102 0049 42       		.byte	66
 103 004a 01       		.byte	1
 104 004b 40       		.byte	64
 105 004c 04       		.byte	4
 106 004d 43       		.byte	67
 107 004e 01       		.byte	1
 108 004f 40       		.byte	64
 109 0050 04       		.byte	4
 110 0051 45       		.byte	69
 111 0052 01       		.byte	1
 112 0053 40       		.byte	64
 113 0054 03       		.byte	3
 114 0055 46       		.byte	70
ARM GAS  C:\Users\franf\AppData\Local\Temp\cczeeIdT.s 			page 3


 115 0056 01       		.byte	1
 116 0057 40       		.byte	64
 117 0058 01       		.byte	1
 118 0059 48       		.byte	72
 119 005a 01       		.byte	1
 120 005b 40       		.byte	64
 121 005c 12       		.byte	18
 122 005d 49       		.byte	73
 123 005e 01       		.byte	1
 124 005f 40       		.byte	64
 125 0060 06       		.byte	6
 126 0061 4C       		.byte	76
 127 0062 01       		.byte	1
 128 0063 40       		.byte	64
 129 0064 0D       		.byte	13
 130 0065 4D       		.byte	77
 131 0066 01       		.byte	1
 132 0067 40       		.byte	64
 133 0068 04       		.byte	4
 134 0069 50       		.byte	80
 135 006a 01       		.byte	1
 136 006b 40       		.byte	64
 137 006c 02       		.byte	2
 138 006d 51       		.byte	81
 139 006e 01       		.byte	1
 140 006f 40       		.byte	64
 141 0070 0A       		.byte	10
 142 0071 4B       		.byte	75
 143 0072 11       		.byte	17
 144 0073 02       		.byte	2
 145 0074 89       		.byte	-119
 146 0075 0F       		.byte	15
 147 0076 88       		.byte	-120
 148 0077 38       		.byte	56
 149 0078 8B       		.byte	-117
 150 0079 72       		.byte	114
 151 007a E6       		.byte	-26
 152 007b 02       		.byte	2
 153 007c EE       		.byte	-18
 154 007d 01       		.byte	1
 155 007e E2       		.byte	-30
 156 007f 80       		.byte	-128
 157 0080 00       		.byte	0
 158 0081 10       		.byte	16
 159 0082 01       		.byte	1
 160 0083 03       		.byte	3
 161 0084 02       		.byte	2
 162 0085 40       		.byte	64
 163 0086 04       		.byte	4
 164 0087 10       		.byte	16
 165 0088 05       		.byte	5
 166 0089 04       		.byte	4
 167 008a 06       		.byte	6
 168 008b AC       		.byte	-84
 169 008c 08       		.byte	8
 170 008d 09       		.byte	9
 171 008e 0A       		.byte	10
ARM GAS  C:\Users\franf\AppData\Local\Temp\cczeeIdT.s 			page 4


 172 008f D0       		.byte	-48
 173 0090 0B       		.byte	11
 174 0091 04       		.byte	4
 175 0092 0E       		.byte	14
 176 0093 20       		.byte	32
 177 0094 11       		.byte	17
 178 0095 02       		.byte	2
 179 0096 13       		.byte	19
 180 0097 01       		.byte	1
 181 0098 14       		.byte	20
 182 0099 DC       		.byte	-36
 183 009a 15       		.byte	21
 184 009b 04       		.byte	4
 185 009c 16       		.byte	22
 186 009d 22       		.byte	34
 187 009e 18       		.byte	24
 188 009f 0C       		.byte	12
 189 00a0 1A       		.byte	26
 190 00a1 71       		.byte	113
 191 00a2 1D       		.byte	29
 192 00a3 01       		.byte	1
 193 00a4 1E       		.byte	30
 194 00a5 03       		.byte	3
 195 00a6 1F       		.byte	31
 196 00a7 02       		.byte	2
 197 00a8 21       		.byte	33
 198 00a9 08       		.byte	8
 199 00aa 25       		.byte	37
 200 00ab 03       		.byte	3
 201 00ac 28       		.byte	40
 202 00ad 14       		.byte	20
 203 00ae 31       		.byte	49
 204 00af 03       		.byte	3
 205 00b0 33       		.byte	51
 206 00b1 0C       		.byte	12
 207 00b2 34       		.byte	52
 208 00b3 E0       		.byte	-32
 209 00b4 36       		.byte	54
 210 00b5 1F       		.byte	31
 211 00b6 39       		.byte	57
 212 00b7 08       		.byte	8
 213 00b8 3A       		.byte	58
 214 00b9 20       		.byte	32
 215 00ba 58       		.byte	88
 216 00bb 04       		.byte	4
 217 00bc 59       		.byte	89
 218 00bd 04       		.byte	4
 219 00be 5C       		.byte	92
 220 00bf 11       		.byte	17
 221 00c0 5F       		.byte	95
 222 00c1 01       		.byte	1
 223 00c2 82       		.byte	-126
 224 00c3 15       		.byte	21
 225 00c4 84       		.byte	-124
 226 00c5 13       		.byte	19
 227 00c6 85       		.byte	-123
 228 00c7 01       		.byte	1
ARM GAS  C:\Users\franf\AppData\Local\Temp\cczeeIdT.s 			page 5


 229 00c8 86       		.byte	-122
 230 00c9 0C       		.byte	12
 231 00ca 87       		.byte	-121
 232 00cb 06       		.byte	6
 233 00cc 89       		.byte	-119
 234 00cd 01       		.byte	1
 235 00ce 8A       		.byte	-118
 236 00cf 08       		.byte	8
 237 00d0 8B       		.byte	-117
 238 00d1 0E       		.byte	14
 239 00d2 8F       		.byte	-113
 240 00d3 03       		.byte	3
 241 00d4 94       		.byte	-108
 242 00d5 13       		.byte	19
 243 00d6 95       		.byte	-107
 244 00d7 0C       		.byte	12
 245 00d8 96       		.byte	-106
 246 00d9 04       		.byte	4
 247 00da 97       		.byte	-105
 248 00db 03       		.byte	3
 249 00dc 98       		.byte	-104
 250 00dd 20       		.byte	32
 251 00de 9B       		.byte	-101
 252 00df 0C       		.byte	12
 253 00e0 A3       		.byte	-93
 254 00e1 08       		.byte	8
 255 00e2 A4       		.byte	-92
 256 00e3 03       		.byte	3
 257 00e4 A6       		.byte	-90
 258 00e5 14       		.byte	20
 259 00e6 A8       		.byte	-88
 260 00e7 0A       		.byte	10
 261 00e8 AA       		.byte	-86
 262 00e9 14       		.byte	20
 263 00ea B0       		.byte	-80
 264 00eb 10       		.byte	16
 265 00ec B2       		.byte	-78
 266 00ed 20       		.byte	32
 267 00ee B3       		.byte	-77
 268 00ef 0F       		.byte	15
 269 00f0 B4       		.byte	-76
 270 00f1 0F       		.byte	15
 271 00f2 BA       		.byte	-70
 272 00f3 20       		.byte	32
 273 00f4 BB       		.byte	-69
 274 00f5 08       		.byte	8
 275 00f6 BE       		.byte	-66
 276 00f7 05       		.byte	5
 277 00f8 C0       		.byte	-64
 278 00f9 21       		.byte	33
 279 00fa C1       		.byte	-63
 280 00fb 06       		.byte	6
 281 00fc C5       		.byte	-59
 282 00fd EC       		.byte	-20
 283 00fe C6       		.byte	-58
 284 00ff B0       		.byte	-80
 285 0100 C7       		.byte	-57
ARM GAS  C:\Users\franf\AppData\Local\Temp\cczeeIdT.s 			page 6


 286 0101 0E       		.byte	14
 287 0102 C8       		.byte	-56
 288 0103 1B       		.byte	27
 289 0104 C9       		.byte	-55
 290 0105 FF       		.byte	-1
 291 0106 CA       		.byte	-54
 292 0107 FF       		.byte	-1
 293 0108 CB       		.byte	-53
 294 0109 FF       		.byte	-1
 295 010a CE       		.byte	-50
 296 010b F0       		.byte	-16
 297 010c CF       		.byte	-49
 298 010d 44       		.byte	68
 299 010e D0       		.byte	-48
 300 010f 0C       		.byte	12
 301 0110 D4       		.byte	-44
 302 0111 01       		.byte	1
 303 0112 D8       		.byte	-40
 304 0113 04       		.byte	4
 305 0114 D9       		.byte	-39
 306 0115 04       		.byte	4
 307 0116 DA       		.byte	-38
 308 0117 04       		.byte	4
 309 0118 DB       		.byte	-37
 310 0119 04       		.byte	4
 311 011a DC       		.byte	-36
 312 011b 11       		.byte	17
 313 011c DD       		.byte	-35
 314 011d 11       		.byte	17
 315 011e DF       		.byte	-33
 316 011f 01       		.byte	1
 317 0120 E6       		.byte	-26
 318 0121 C0       		.byte	-64
 319 0122 EA       		.byte	-22
 320 0123 40       		.byte	64
 321 0124 EB       		.byte	-21
 322 0125 02       		.byte	2
 323 0126 00       		.byte	0
 324 0127 14       		.byte	20
 325 0128 03       		.byte	3
 326 0129 80       		.byte	-128
 327 012a 04       		.byte	4
 328 012b 94       		.byte	-108
 329 012c 05       		.byte	5
 330 012d 02       		.byte	2
 331 012e 0B       		.byte	11
 332 012f 28       		.byte	40
 333 0130 0D       		.byte	13
 334 0131 08       		.byte	8
 335 0132 0E       		.byte	14
 336 0133 09       		.byte	9
 337 0134 10       		.byte	16
 338 0135 30       		.byte	48
 339 0136 12       		.byte	18
 340 0137 08       		.byte	8
 341 0138 15       		.byte	21
 342 0139 20       		.byte	32
ARM GAS  C:\Users\franf\AppData\Local\Temp\cczeeIdT.s 			page 7


 343 013a 18       		.byte	24
 344 013b 04       		.byte	4
 345 013c 19       		.byte	25
 346 013d 04       		.byte	4
 347 013e 1A       		.byte	26
 348 013f 40       		.byte	64
 349 0140 1E       		.byte	30
 350 0141 09       		.byte	9
 351 0142 1F       		.byte	31
 352 0143 10       		.byte	16
 353 0144 21       		.byte	33
 354 0145 08       		.byte	8
 355 0146 22       		.byte	34
 356 0147 08       		.byte	8
 357 0148 23       		.byte	35
 358 0149 10       		.byte	16
 359 014a 24       		.byte	36
 360 014b 10       		.byte	16
 361 014c 25       		.byte	37
 362 014d 02       		.byte	2
 363 014e 26       		.byte	38
 364 014f 01       		.byte	1
 365 0150 27       		.byte	39
 366 0151 10       		.byte	16
 367 0152 29       		.byte	41
 368 0153 02       		.byte	2
 369 0154 2F       		.byte	47
 370 0155 A0       		.byte	-96
 371 0156 31       		.byte	49
 372 0157 08       		.byte	8
 373 0158 33       		.byte	51
 374 0159 10       		.byte	16
 375 015a 35       		.byte	53
 376 015b 40       		.byte	64
 377 015c 36       		.byte	54
 378 015d 05       		.byte	5
 379 015e 38       		.byte	56
 380 015f 84       		.byte	-124
 381 0160 3B       		.byte	59
 382 0161 20       		.byte	32
 383 0162 3C       		.byte	60
 384 0163 04       		.byte	4
 385 0164 3F       		.byte	63
 386 0165 11       		.byte	17
 387 0166 40       		.byte	64
 388 0167 04       		.byte	4
 389 0168 43       		.byte	67
 390 0169 80       		.byte	-128
 391 016a 48       		.byte	72
 392 016b 20       		.byte	32
 393 016c 49       		.byte	73
 394 016d 01       		.byte	1
 395 016e 4B       		.byte	75
 396 016f 20       		.byte	32
 397 0170 51       		.byte	81
 398 0171 10       		.byte	16
 399 0172 53       		.byte	83
ARM GAS  C:\Users\franf\AppData\Local\Temp\cczeeIdT.s 			page 8


 400 0173 04       		.byte	4
 401 0174 58       		.byte	88
 402 0175 10       		.byte	16
 403 0176 59       		.byte	89
 404 0177 05       		.byte	5
 405 0178 5A       		.byte	90
 406 0179 40       		.byte	64
 407 017a 68       		.byte	104
 408 017b 01       		.byte	1
 409 017c 88       		.byte	-120
 410 017d 01       		.byte	1
 411 017e 97       		.byte	-105
 412 017f 40       		.byte	64
 413 0180 A4       		.byte	-92
 414 0181 01       		.byte	1
 415 0182 C0       		.byte	-64
 416 0183 FE       		.byte	-2
 417 0184 C2       		.byte	-62
 418 0185 E6       		.byte	-26
 419 0186 C4       		.byte	-60
 420 0187 46       		.byte	70
 421 0188 CA       		.byte	-54
 422 0189 C1       		.byte	-63
 423 018a CC       		.byte	-52
 424 018b D6       		.byte	-42
 425 018c CE       		.byte	-50
 426 018d EE       		.byte	-18
 427 018e D0       		.byte	-48
 428 018f 0C       		.byte	12
 429 0190 D2       		.byte	-46
 430 0191 04       		.byte	4
 431 0192 D6       		.byte	-42
 432 0193 0F       		.byte	15
 433 0194 E2       		.byte	-30
 434 0195 80       		.byte	-128
 435 0196 84       		.byte	-124
 436 0197 01       		.byte	1
 437 0198 97       		.byte	-105
 438 0199 40       		.byte	64
 439 019a E4       		.byte	-28
 440 019b 08       		.byte	8
 441 019c EE       		.byte	-18
 442 019d 01       		.byte	1
 443 019e 87       		.byte	-121
 444 019f 40       		.byte	64
 445 01a0 E0       		.byte	-32
 446 01a1 08       		.byte	8
 447 01a2 E4       		.byte	-28
 448 01a3 01       		.byte	1
 449 01a4 EA       		.byte	-22
 450 01a5 05       		.byte	5
 451 01a6 EE       		.byte	-18
 452 01a7 02       		.byte	2
 453 01a8 02       		.byte	2
 454 01a9 08       		.byte	8
 455 01aa 03       		.byte	3
 456 01ab 01       		.byte	1
ARM GAS  C:\Users\franf\AppData\Local\Temp\cczeeIdT.s 			page 9


 457 01ac 05       		.byte	5
 458 01ad 06       		.byte	6
 459 01ae 06       		.byte	6
 460 01af 08       		.byte	8
 461 01b0 07       		.byte	7
 462 01b1 01       		.byte	1
 463 01b2 09       		.byte	9
 464 01b3 01       		.byte	1
 465 01b4 0A       		.byte	10
 466 01b5 30       		.byte	48
 467 01b6 0B       		.byte	11
 468 01b7 06       		.byte	6
 469 01b8 0C       		.byte	12
 470 01b9 31       		.byte	49
 471 01ba 0D       		.byte	13
 472 01bb 04       		.byte	4
 473 01bc 0E       		.byte	14
 474 01bd 06       		.byte	6
 475 01be 10       		.byte	16
 476 01bf 07       		.byte	7
 477 01c0 11       		.byte	17
 478 01c1 07       		.byte	7
 479 01c2 15       		.byte	21
 480 01c3 06       		.byte	6
 481 01c4 16       		.byte	22
 482 01c5 30       		.byte	48
 483 01c6 17       		.byte	23
 484 01c7 01       		.byte	1
 485 01c8 19       		.byte	25
 486 01c9 06       		.byte	6
 487 01ca 1A       		.byte	26
 488 01cb 30       		.byte	48
 489 01cc 1C       		.byte	28
 490 01cd 07       		.byte	7
 491 01ce 20       		.byte	32
 492 01cf 24       		.byte	36
 493 01d0 21       		.byte	33
 494 01d1 08       		.byte	8
 495 01d2 22       		.byte	34
 496 01d3 01       		.byte	1
 497 01d4 24       		.byte	36
 498 01d5 30       		.byte	48
 499 01d6 25       		.byte	37
 500 01d7 02       		.byte	2
 501 01d8 28       		.byte	40
 502 01d9 30       		.byte	48
 503 01da 29       		.byte	41
 504 01db 08       		.byte	8
 505 01dc 2C       		.byte	44
 506 01dd 12       		.byte	18
 507 01de 2D       		.byte	45
 508 01df 08       		.byte	8
 509 01e0 2E       		.byte	46
 510 01e1 41       		.byte	65
 511 01e2 30       		.byte	48
 512 01e3 07       		.byte	7
 513 01e4 32       		.byte	50
ARM GAS  C:\Users\franf\AppData\Local\Temp\cczeeIdT.s 			page 10


 514 01e5 08       		.byte	8
 515 01e6 33       		.byte	51
 516 01e7 08       		.byte	8
 517 01e8 34       		.byte	52
 518 01e9 40       		.byte	64
 519 01ea 35       		.byte	53
 520 01eb 07       		.byte	7
 521 01ec 36       		.byte	54
 522 01ed 30       		.byte	48
 523 01ee 3B       		.byte	59
 524 01ef 20       		.byte	32
 525 01f0 3E       		.byte	62
 526 01f1 04       		.byte	4
 527 01f2 54       		.byte	84
 528 01f3 18       		.byte	24
 529 01f4 56       		.byte	86
 530 01f5 04       		.byte	4
 531 01f6 58       		.byte	88
 532 01f7 04       		.byte	4
 533 01f8 59       		.byte	89
 534 01f9 04       		.byte	4
 535 01fa 5B       		.byte	91
 536 01fb 04       		.byte	4
 537 01fc 5C       		.byte	92
 538 01fd 11       		.byte	17
 539 01fe 5D       		.byte	93
 540 01ff 10       		.byte	16
 541 0200 5F       		.byte	95
 542 0201 01       		.byte	1
 543 0202 85       		.byte	-123
 544 0203 06       		.byte	6
 545 0204 89       		.byte	-119
 546 0205 06       		.byte	6
 547 0206 8F       		.byte	-113
 548 0207 02       		.byte	2
 549 0208 91       		.byte	-111
 550 0209 01       		.byte	1
 551 020a 95       		.byte	-107
 552 020b 04       		.byte	4
 553 020c 9B       		.byte	-101
 554 020d 01       		.byte	1
 555 020e A5       		.byte	-91
 556 020f 01       		.byte	1
 557 0210 AB       		.byte	-85
 558 0211 01       		.byte	1
 559 0212 B1       		.byte	-79
 560 0213 01       		.byte	1
 561 0214 B3       		.byte	-77
 562 0215 06       		.byte	6
 563 0216 B9       		.byte	-71
 564 0217 0A       		.byte	10
 565 0218 BB       		.byte	-69
 566 0219 20       		.byte	32
 567 021a BF       		.byte	-65
 568 021b 04       		.byte	4
 569 021c C0       		.byte	-64
 570 021d 03       		.byte	3
ARM GAS  C:\Users\franf\AppData\Local\Temp\cczeeIdT.s 			page 11


 571 021e C5       		.byte	-59
 572 021f 40       		.byte	64
 573 0220 C9       		.byte	-55
 574 0221 FF       		.byte	-1
 575 0222 CA       		.byte	-54
 576 0223 07       		.byte	7
 577 0224 CB       		.byte	-53
 578 0225 FF       		.byte	-1
 579 0226 CC       		.byte	-52
 580 0227 40       		.byte	64
 581 0228 CD       		.byte	-51
 582 0229 20       		.byte	32
 583 022a CE       		.byte	-50
 584 022b F0       		.byte	-16
 585 022c CF       		.byte	-49
 586 022d 05       		.byte	5
 587 022e D0       		.byte	-48
 588 022f 08       		.byte	8
 589 0230 D9       		.byte	-39
 590 0231 04       		.byte	4
 591 0232 DA       		.byte	-38
 592 0233 04       		.byte	4
 593 0234 DC       		.byte	-36
 594 0235 10       		.byte	16
 595 0236 DD       		.byte	-35
 596 0237 01       		.byte	1
 597 0238 DF       		.byte	-33
 598 0239 01       		.byte	1
 599 023a E0       		.byte	-32
 600 023b 40       		.byte	64
 601 023c E1       		.byte	-31
 602 023d A8       		.byte	-88
 603 023e E2       		.byte	-30
 604 023f 40       		.byte	64
 605 0240 E3       		.byte	-29
 606 0241 20       		.byte	32
 607 0242 04       		.byte	4
 608 0243 40       		.byte	64
 609 0244 05       		.byte	5
 610 0245 08       		.byte	8
 611 0246 07       		.byte	7
 612 0247 84       		.byte	-124
 613 0248 0F       		.byte	15
 614 0249 99       		.byte	-103
 615 024a 14       		.byte	20
 616 024b 80       		.byte	-128
 617 024c 15       		.byte	21
 618 024d 20       		.byte	32
 619 024e 16       		.byte	22
 620 024f 22       		.byte	34
 621 0250 1C       		.byte	28
 622 0251 48       		.byte	72
 623 0252 1E       		.byte	30
 624 0253 02       		.byte	2
 625 0254 1F       		.byte	31
 626 0255 04       		.byte	4
 627 0256 21       		.byte	33
ARM GAS  C:\Users\franf\AppData\Local\Temp\cczeeIdT.s 			page 12


 628 0257 14       		.byte	20
 629 0258 23       		.byte	35
 630 0259 80       		.byte	-128
 631 025a 25       		.byte	37
 632 025b 20       		.byte	32
 633 025c 26       		.byte	38
 634 025d 08       		.byte	8
 635 025e 27       		.byte	39
 636 025f 04       		.byte	4
 637 0260 28       		.byte	40
 638 0261 40       		.byte	64
 639 0262 29       		.byte	41
 640 0263 20       		.byte	32
 641 0264 2B       		.byte	43
 642 0265 54       		.byte	84
 643 0266 2C       		.byte	44
 644 0267 68       		.byte	104
 645 0268 2E       		.byte	46
 646 0269 40       		.byte	64
 647 026a 31       		.byte	49
 648 026b 28       		.byte	40
 649 026c 33       		.byte	51
 650 026d 01       		.byte	1
 651 026e 37       		.byte	55
 652 026f 25       		.byte	37
 653 0270 38       		.byte	56
 654 0271 84       		.byte	-124
 655 0272 3B       		.byte	59
 656 0273 20       		.byte	32
 657 0274 3C       		.byte	60
 658 0275 80       		.byte	-128
 659 0276 3D       		.byte	61
 660 0277 01       		.byte	1
 661 0278 3E       		.byte	62
 662 0279 20       		.byte	32
 663 027a 3F       		.byte	63
 664 027b 28       		.byte	40
 665 027c 40       		.byte	64
 666 027d 80       		.byte	-128
 667 027e 41       		.byte	65
 668 027f 06       		.byte	6
 669 0280 49       		.byte	73
 670 0281 02       		.byte	2
 671 0282 50       		.byte	80
 672 0283 40       		.byte	64
 673 0284 53       		.byte	83
 674 0285 80       		.byte	-128
 675 0286 5E       		.byte	94
 676 0287 02       		.byte	2
 677 0288 64       		.byte	100
 678 0289 01       		.byte	1
 679 028a 67       		.byte	103
 680 028b 48       		.byte	72
 681 028c 89       		.byte	-119
 682 028d 01       		.byte	1
 683 028e 8A       		.byte	-118
 684 028f 08       		.byte	8
ARM GAS  C:\Users\franf\AppData\Local\Temp\cczeeIdT.s 			page 13


 685 0290 90       		.byte	-112
 686 0291 04       		.byte	4
 687 0292 92       		.byte	-110
 688 0293 01       		.byte	1
 689 0294 93       		.byte	-109
 690 0295 20       		.byte	32
 691 0296 94       		.byte	-108
 692 0297 80       		.byte	-128
 693 0298 97       		.byte	-105
 694 0299 41       		.byte	65
 695 029a 9D       		.byte	-99
 696 029b 42       		.byte	66
 697 029c A1       		.byte	-95
 698 029d 0A       		.byte	10
 699 029e A7       		.byte	-89
 700 029f A0       		.byte	-96
 701 02a0 C0       		.byte	-64
 702 02a1 F0       		.byte	-16
 703 02a2 C2       		.byte	-62
 704 02a3 F0       		.byte	-16
 705 02a4 C4       		.byte	-60
 706 02a5 F0       		.byte	-16
 707 02a6 CA       		.byte	-54
 708 02a7 F6       		.byte	-10
 709 02a8 CC       		.byte	-52
 710 02a9 E7       		.byte	-25
 711 02aa CE       		.byte	-50
 712 02ab FE       		.byte	-2
 713 02ac D0       		.byte	-48
 714 02ad 02       		.byte	2
 715 02ae D6       		.byte	-42
 716 02af 80       		.byte	-128
 717 02b0 D8       		.byte	-40
 718 02b1 B0       		.byte	-80
 719 02b2 05       		.byte	5
 720 02b3 01       		.byte	1
 721 02b4 09       		.byte	9
 722 02b5 01       		.byte	1
 723 02b6 15       		.byte	21
 724 02b7 01       		.byte	1
 725 02b8 19       		.byte	25
 726 02b9 01       		.byte	1
 727 02ba 33       		.byte	51
 728 02bb 01       		.byte	1
 729 02bc 3F       		.byte	63
 730 02bd 04       		.byte	4
 731 02be 59       		.byte	89
 732 02bf 04       		.byte	4
 733 02c0 5F       		.byte	95
 734 02c1 01       		.byte	1
 735 02c2 04       		.byte	4
 736 02c3 41       		.byte	65
 737 02c4 06       		.byte	6
 738 02c5 84       		.byte	-124
 739 02c6 07       		.byte	7
 740 02c7 20       		.byte	32
 741 02c8 0D       		.byte	13
ARM GAS  C:\Users\franf\AppData\Local\Temp\cczeeIdT.s 			page 14


 742 02c9 12       		.byte	18
 743 02ca 0E       		.byte	14
 744 02cb 01       		.byte	1
 745 02cc 0F       		.byte	15
 746 02cd 10       		.byte	16
 747 02ce 14       		.byte	20
 748 02cf 20       		.byte	32
 749 02d0 16       		.byte	22
 750 02d1 02       		.byte	2
 751 02d2 17       		.byte	23
 752 02d3 16       		.byte	22
 753 02d4 1D       		.byte	29
 754 02d5 B0       		.byte	-80
 755 02d6 1E       		.byte	30
 756 02d7 10       		.byte	16
 757 02d8 20       		.byte	32
 758 02d9 10       		.byte	16
 759 02da 24       		.byte	36
 760 02db 0A       		.byte	10
 761 02dc 25       		.byte	37
 762 02dd 48       		.byte	72
 763 02de 2C       		.byte	44
 764 02df 20       		.byte	32
 765 02e0 2D       		.byte	45
 766 02e1 51       		.byte	81
 767 02e2 31       		.byte	49
 768 02e3 10       		.byte	16
 769 02e4 33       		.byte	51
 770 02e5 14       		.byte	20
 771 02e6 35       		.byte	53
 772 02e7 40       		.byte	64
 773 02e8 36       		.byte	54
 774 02e9 08       		.byte	8
 775 02ea 37       		.byte	55
 776 02eb 22       		.byte	34
 777 02ec 38       		.byte	56
 778 02ed 08       		.byte	8
 779 02ee 39       		.byte	57
 780 02ef 30       		.byte	48
 781 02f0 3A       		.byte	58
 782 02f1 10       		.byte	16
 783 02f2 3C       		.byte	60
 784 02f3 09       		.byte	9
 785 02f4 3D       		.byte	61
 786 02f5 80       		.byte	-128
 787 02f6 3E       		.byte	62
 788 02f7 20       		.byte	32
 789 02f8 45       		.byte	69
 790 02f9 A0       		.byte	-96
 791 02fa 46       		.byte	70
 792 02fb 10       		.byte	16
 793 02fc 4C       		.byte	76
 794 02fd 01       		.byte	1
 795 02fe 4D       		.byte	77
 796 02ff 09       		.byte	9
 797 0300 4E       		.byte	78
 798 0301 08       		.byte	8
ARM GAS  C:\Users\franf\AppData\Local\Temp\cczeeIdT.s 			page 15


 799 0302 4F       		.byte	79
 800 0303 10       		.byte	16
 801 0304 5C       		.byte	92
 802 0305 10       		.byte	16
 803 0306 65       		.byte	101
 804 0307 10       		.byte	16
 805 0308 66       		.byte	102
 806 0309 20       		.byte	32
 807 030a 6C       		.byte	108
 808 030b 08       		.byte	8
 809 030c 6E       		.byte	110
 810 030d 40       		.byte	64
 811 030e 6F       		.byte	111
 812 030f 20       		.byte	32
 813 0310 74       		.byte	116
 814 0311 60       		.byte	96
 815 0312 76       		.byte	118
 816 0313 04       		.byte	4
 817 0314 77       		.byte	119
 818 0315 20       		.byte	32
 819 0316 82       		.byte	-126
 820 0317 10       		.byte	16
 821 0318 84       		.byte	-124
 822 0319 41       		.byte	65
 823 031a 85       		.byte	-123
 824 031b 08       		.byte	8
 825 031c 87       		.byte	-121
 826 031d 20       		.byte	32
 827 031e 88       		.byte	-120
 828 031f 40       		.byte	64
 829 0320 89       		.byte	-119
 830 0321 40       		.byte	64
 831 0322 8A       		.byte	-118
 832 0323 82       		.byte	-126
 833 0324 8C       		.byte	-116
 834 0325 2C       		.byte	44
 835 0326 8D       		.byte	-115
 836 0327 60       		.byte	96
 837 0328 8F       		.byte	-113
 838 0329 03       		.byte	3
 839 032a 90       		.byte	-112
 840 032b 40       		.byte	64
 841 032c 91       		.byte	-111
 842 032d 20       		.byte	32
 843 032e 92       		.byte	-110
 844 032f 01       		.byte	1
 845 0330 96       		.byte	-106
 846 0331 40       		.byte	64
 847 0332 97       		.byte	-105
 848 0333 11       		.byte	17
 849 0334 9B       		.byte	-101
 850 0335 04       		.byte	4
 851 0336 9C       		.byte	-100
 852 0337 41       		.byte	65
 853 0338 9D       		.byte	-99
 854 0339 68       		.byte	104
 855 033a 9E       		.byte	-98
ARM GAS  C:\Users\franf\AppData\Local\Temp\cczeeIdT.s 			page 16


 856 033b 22       		.byte	34
 857 033c 9F       		.byte	-97
 858 033d 20       		.byte	32
 859 033e A0       		.byte	-96
 860 033f 04       		.byte	4
 861 0340 A1       		.byte	-95
 862 0341 02       		.byte	2
 863 0342 A2       		.byte	-94
 864 0343 08       		.byte	8
 865 0344 A4       		.byte	-92
 866 0345 68       		.byte	104
 867 0346 A7       		.byte	-89
 868 0347 20       		.byte	32
 869 0348 B1       		.byte	-79
 870 0349 10       		.byte	16
 871 034a B3       		.byte	-77
 872 034b 01       		.byte	1
 873 034c C0       		.byte	-64
 874 034d F0       		.byte	-16
 875 034e C2       		.byte	-62
 876 034f F0       		.byte	-16
 877 0350 C4       		.byte	-60
 878 0351 F0       		.byte	-16
 879 0352 CA       		.byte	-54
 880 0353 F0       		.byte	-16
 881 0354 CC       		.byte	-52
 882 0355 F6       		.byte	-10
 883 0356 CE       		.byte	-50
 884 0357 F6       		.byte	-10
 885 0358 D0       		.byte	-48
 886 0359 70       		.byte	112
 887 035a D2       		.byte	-46
 888 035b 30       		.byte	48
 889 035c D6       		.byte	-42
 890 035d 20       		.byte	32
 891 035e E0       		.byte	-32
 892 035f 09       		.byte	9
 893 0360 E4       		.byte	-28
 894 0361 01       		.byte	1
 895 0362 EA       		.byte	-22
 896 0363 05       		.byte	5
 897 0364 EE       		.byte	-18
 898 0365 02       		.byte	2
 899 0366 30       		.byte	48
 900 0367 10       		.byte	16
 901 0368 CC       		.byte	-52
 902 0369 10       		.byte	16
 903 036a 84       		.byte	-124
 904 036b 10       		.byte	16
 905 036c 9C       		.byte	-100
 906 036d 10       		.byte	16
 907 036e E6       		.byte	-26
 908 036f 40       		.byte	64
 909 0370 3E       		.byte	62
 910 0371 10       		.byte	16
 911 0372 5B       		.byte	91
 912 0373 02       		.byte	2
ARM GAS  C:\Users\franf\AppData\Local\Temp\cczeeIdT.s 			page 17


 913 0374 9B       		.byte	-101
 914 0375 02       		.byte	2
 915 0376 AB       		.byte	-85
 916 0377 02       		.byte	2
 917 0378 CE       		.byte	-50
 918 0379 20       		.byte	32
 919 037a D6       		.byte	-42
 920 037b 40       		.byte	64
 921 037c EE       		.byte	-18
 922 037d 80       		.byte	-128
 923 037e 60       		.byte	96
 924 037f 20       		.byte	32
 925 0380 88       		.byte	-120
 926 0381 20       		.byte	32
 927 0382 96       		.byte	-106
 928 0383 10       		.byte	16
 929 0384 D8       		.byte	-40
 930 0385 40       		.byte	64
 931 0386 03       		.byte	3
 932 0387 40       		.byte	64
 933 0388 58       		.byte	88
 934 0389 40       		.byte	64
 935 038a C0       		.byte	-64
 936 038b 08       		.byte	8
 937 038c D4       		.byte	-44
 938 038d 01       		.byte	1
 939 038e 84       		.byte	-124
 940 038f 40       		.byte	64
 941 0390 9C       		.byte	-100
 942 0391 40       		.byte	64
 943 0392 AB       		.byte	-85
 944 0393 40       		.byte	64
 945 0394 96       		.byte	-106
 946 0395 10       		.byte	16
 947 0396 12       		.byte	18
 948 0397 20       		.byte	32
 949 0398 16       		.byte	22
 950 0399 40       		.byte	64
 951 039a 7B       		.byte	123
 952 039b 02       		.byte	2
 953 039c 7E       		.byte	126
 954 039d 01       		.byte	1
 955 039e 82       		.byte	-126
 956 039f 20       		.byte	32
 957 03a0 86       		.byte	-122
 958 03a1 40       		.byte	64
 959 03a2 92       		.byte	-110
 960 03a3 02       		.byte	2
 961 03a4 A3       		.byte	-93
 962 03a5 02       		.byte	2
 963 03a6 AA       		.byte	-86
 964 03a7 10       		.byte	16
 965 03a8 AB       		.byte	-85
 966 03a9 02       		.byte	2
 967 03aa AE       		.byte	-82
 968 03ab 01       		.byte	1
 969 03ac C4       		.byte	-60
ARM GAS  C:\Users\franf\AppData\Local\Temp\cczeeIdT.s 			page 18


 970 03ad 30       		.byte	48
 971 03ae DC       		.byte	-36
 972 03af 80       		.byte	-128
 973 03b0 DE       		.byte	-34
 974 03b1 20       		.byte	32
 975 03b2 E0       		.byte	-32
 976 03b3 10       		.byte	16
 977 03b4 E4       		.byte	-28
 978 03b5 80       		.byte	-128
 979 03b6 EA       		.byte	-22
 980 03b7 A0       		.byte	-96
 981 03b8 EE       		.byte	-18
 982 03b9 40       		.byte	64
 983 03ba 13       		.byte	19
 984 03bb 28       		.byte	40
 985 03bc 14       		.byte	20
 986 03bd 80       		.byte	-128
 987 03be 7B       		.byte	123
 988 03bf 10       		.byte	16
 989 03c0 7F       		.byte	127
 990 03c1 40       		.byte	64
 991 03c2 C4       		.byte	-60
 992 03c3 0E       		.byte	14
 993 03c4 DE       		.byte	-34
 994 03c5 03       		.byte	3
 995 03c6 10       		.byte	16
 996 03c7 40       		.byte	64
 997 03c8 71       		.byte	113
 998 03c9 02       		.byte	2
 999 03ca 81       		.byte	-127
 1000 03cb 02       		.byte	2
 1001 03cc 83       		.byte	-125
 1002 03cd 10       		.byte	16
 1003 03ce 87       		.byte	-121
 1004 03cf 40       		.byte	64
 1005 03d0 88       		.byte	-120
 1006 03d1 40       		.byte	64
 1007 03d2 97       		.byte	-105
 1008 03d3 80       		.byte	-128
 1009 03d4 A7       		.byte	-89
 1010 03d5 10       		.byte	16
 1011 03d6 AB       		.byte	-85
 1012 03d7 28       		.byte	40
 1013 03d8 AC       		.byte	-84
 1014 03d9 80       		.byte	-128
 1015 03da C4       		.byte	-60
 1016 03db 08       		.byte	8
 1017 03dc DC       		.byte	-36
 1018 03dd 01       		.byte	1
 1019 03de E2       		.byte	-30
 1020 03df 01       		.byte	1
 1021 03e0 00       		.byte	0
 1022 03e1 02       		.byte	2
 1023 03e2 0C       		.byte	12
 1024 03e3 02       		.byte	2
 1025 03e4 10       		.byte	16
 1026 03e5 02       		.byte	2
ARM GAS  C:\Users\franf\AppData\Local\Temp\cczeeIdT.s 			page 19


 1027 03e6 1C       		.byte	28
 1028 03e7 02       		.byte	2
 1029 03e8 00       		.byte	0
 1030 03e9 03       		.byte	3
 1031 03ea 03       		.byte	3
 1032 03eb C0       		.byte	-64
 1033 03ec 02       		.byte	2
 1034 03ed 80       		.byte	-128
 1035 03ee 00       		.byte	0
 1036 03ef 00       		.byte	0
 1037 03f0 43       		.byte	67
 1038 03f1 00       		.byte	0
 1039 03f2 00       		.byte	0
 1040 03f3 00       		.byte	0
 1041 03f4 08       		.byte	8
 1042 03f5 10       		.byte	16
 1043 03f6 00       		.byte	0
 1044 03f7 00       		.byte	0
 1045 03f8 0C       		.byte	12
 1046 03f9 00       		.byte	0
 1047 03fa 00       		.byte	0
 1048 03fb 04       		.byte	4
 1049 03fc 04       		.byte	4
 1050 03fd 27       		.byte	39
 1051 03fe 00       		.byte	0
 1052 03ff 18       		.byte	24
 1053 0400 03       		.byte	3
 1054 0401 00       		.byte	0
 1055 0402 20       		.byte	32
 1056 0403 40       		.byte	64
 1057 0404 02       		.byte	2
 1058 0405 3C       		.byte	60
 1059 0406 40       		.byte	64
 1060 0407 02       		.byte	2
 1061 0408 00       		.byte	0
 1062 0409 00       		.byte	0
 1063 040a 03       		.byte	3
 1064 040b 23       		.byte	35
 1065 040c 0F       		.byte	15
 1066 040d 18       		.byte	24
 1067 040e 00       		.byte	0
 1068 040f 00       		.byte	0
 1069 0410 10       		.byte	16
 1070 0411 04       		.byte	4
 1071 0412 00       		.byte	0
 1072 0413 00       		.byte	0
 1073 0414 0C       		.byte	12
 1074 0415 00       		.byte	0
 1075 0416 03       		.byte	3
 1076 0417 40       		.byte	64
 1077 0418 0F       		.byte	15
 1078 0419 08       		.byte	8
 1079 041a 00       		.byte	0
 1080 041b 00       		.byte	0
 1081 041c 03       		.byte	3
 1082 041d 3F       		.byte	63
 1083 041e 0C       		.byte	12
ARM GAS  C:\Users\franf\AppData\Local\Temp\cczeeIdT.s 			page 20


 1084 041f 00       		.byte	0
 1085 0420 01       		.byte	1
 1086 0421 1C       		.byte	28
 1087 0422 40       		.byte	64
 1088 0423 21       		.byte	33
 1089 0424 00       		.byte	0
 1090 0425 00       		.byte	0
 1091 0426 10       		.byte	16
 1092 0427 40       		.byte	64
 1093 0428 0F       		.byte	15
 1094 0429 1F       		.byte	31
 1095 042a 60       		.byte	96
 1096 042b 38       		.byte	56
 1097 042c 00       		.byte	0
 1098 042d 00       		.byte	0
 1099 042e 20       		.byte	32
 1100 042f 20       		.byte	32
 1101 0430 00       		.byte	0
 1102 0431 00       		.byte	0
 1103 0432 44       		.byte	68
 1104 0433 04       		.byte	4
 1105 0434 26       		.byte	38
 1106 0435 03       		.byte	3
 1107 0436 05       		.byte	5
 1108 0437 00       		.byte	0
 1109 0438 01       		.byte	1
 1110 0439 CE       		.byte	-50
 1111 043a 00       		.byte	0
 1112 043b 00       		.byte	0
 1113 043c 03       		.byte	3
 1114 043d FF       		.byte	-1
 1115 043e FF       		.byte	-1
 1116 043f FF       		.byte	-1
 1117 0440 62       		.byte	98
 1118 0441 A0       		.byte	-96
 1119 0442 F0       		.byte	-16
 1120 0443 41       		.byte	65
 1121 0444 0C       		.byte	12
 1122 0445 00       		.byte	0
 1123 0446 00       		.byte	0
 1124 0447 00       		.byte	0
 1125 0448 00       		.byte	0
 1126 0449 00       		.byte	0
 1127 044a 02       		.byte	2
 1128 044b 11       		.byte	17
 1129 044c 04       		.byte	4
 1130 044d 04       		.byte	4
 1131 044e 04       		.byte	4
 1132 044f 04       		.byte	4
 1133 0450 11       		.byte	17
 1134 0451 11       		.byte	17
 1135 0452 00       		.byte	0
 1136 0453 01       		.byte	1
 1137 0454 00       		.byte	0
 1138 0455 00       		.byte	0
 1139 0456 00       		.byte	0
 1140 0457 00       		.byte	0
ARM GAS  C:\Users\franf\AppData\Local\Temp\cczeeIdT.s 			page 21


 1141 0458 00       		.byte	0
 1142 0459 00       		.byte	0
 1143 045a 40       		.byte	64
 1144 045b 02       		.byte	2
 1145 045c 00       		.byte	0
 1146 045d 10       		.byte	16
 1147 045e 30       		.byte	48
 1148 045f 10       		.byte	16
 1149 0460 00       		.byte	0
 1150 0461 10       		.byte	16
 1151 0462 10       		.byte	16
 1152 0463 12       		.byte	18
 1153 0464 00       		.byte	0
 1154 0465 00       		.byte	0
 1155 0466 00       		.byte	0
 1156 0467 00       		.byte	0
 1157 0468 00       		.byte	0
 1158 0469 00       		.byte	0
 1159 046a 00       		.byte	0
 1160 046b 00       		.byte	0
 1161 046c 00       		.byte	0
 1162 046d 00       		.byte	0
 1163 046e 00       		.byte	0
 1164 046f 00       		.byte	0
 1165 0470 00       		.byte	0
 1166 0471 00       		.byte	0
 1167 0472 00       		.byte	0
 1168 0473 00       		.byte	0
 1169 0474 83       		.byte	-125
 1170 0475 00       		.byte	0
 1171 0476 40       		.byte	64
 1172 0477 80       		.byte	-128
 1173 0478 83       		.byte	-125
 1174 0479 00       		.byte	0
 1175 047a 83       		.byte	-125
 1176 047b 00       		.byte	0
 1177 047c 00       		.byte	0
 1178 047d 00       		.byte	0
 1179 047e 00       		.byte	0
 1180 047f 00       		.byte	0
 1181 0480 00       		.byte	0
 1182 0481 0B       		.byte	11
 1183 0482 0B       		.byte	11
 1184 0483 00       		.byte	0
 1185 0484 00       		.byte	0
 1186 0485 00       		.byte	0
 1187 0486 00       		.byte	0
 1188 0487 00       		.byte	0
 1189 0488 01       		.byte	1
 1190 0489 03       		.byte	3
 1191 048a 02       		.byte	2
 1192 048b 00       		.byte	0
 1193 048c 02       		.byte	2
 1194 048d 00       		.byte	0
 1195 048e 00       		.byte	0
 1196 048f 00       		.byte	0
 1197 0490 80       		.byte	-128
ARM GAS  C:\Users\franf\AppData\Local\Temp\cczeeIdT.s 			page 22


 1198 0491 00       		.byte	0
 1199 0492 00       		.byte	0
 1200 0493 90       		.byte	-112
 1201 0494 10       		.byte	16
 1202 0495 00       		.byte	0
 1203 0496 00       		.byte	0
 1204 0497 00       		.byte	0
 1205 0498 00       		.byte	0
 1206 0499 00       		.byte	0
 1207 049a 00       		.byte	0
 1208 049b 00       		.byte	0
 1209              		.section	.cywolatch,"a",%progbits
 1210              		.align	2
 1211              		.type	cy_meta_wonvl, %object
 1212              		.size	cy_meta_wonvl, 4
 1213              	cy_meta_wonvl:
 1214 0000 BC       		.byte	-68
 1215 0001 90       		.byte	-112
 1216 0002 AC       		.byte	-84
 1217 0003 AF       		.byte	-81
 1218              		.section	.cycustnvl,"a",%progbits
 1219              		.align	2
 1220              		.type	cy_meta_custnvl, %object
 1221              		.size	cy_meta_custnvl, 4
 1222              	cy_meta_custnvl:
 1223 0000 00       		.byte	0
 1224 0001 00       		.byte	0
 1225 0002 40       		.byte	64
 1226 0003 05       		.byte	5
 1227              		.section	.cymeta,"a",%progbits
 1228              		.align	2
 1229              		.type	cy_metadata, %object
 1230              		.size	cy_metadata, 12
 1231              	cy_metadata:
 1232 0000 00       		.byte	0
 1233 0001 01       		.byte	1
 1234 0002 2E       		.byte	46
 1235 0003 16       		.byte	22
 1236 0004 10       		.byte	16
 1237 0005 69       		.byte	105
 1238 0006 00       		.byte	0
 1239 0007 01       		.byte	1
 1240 0008 00       		.byte	0
 1241 0009 00       		.byte	0
 1242 000a 00       		.byte	0
 1243 000b 00       		.byte	0
 1244              		.section	.cyflashprotect,"a",%progbits
 1245              		.align	2
 1246              		.type	cy_meta_flashprotect, %object
 1247              		.size	cy_meta_flashprotect, 256
 1248              	cy_meta_flashprotect:
 1249 0000 00000000 		.space	256
 1249      00000000 
 1249      00000000 
 1249      00000000 
 1249      00000000 
 1250              		.text
ARM GAS  C:\Users\franf\AppData\Local\Temp\cczeeIdT.s 			page 23


 1251              	.Letext0:
 1252              		.file 1 "c:\\program files (x86)\\cypress\\psoc creator\\4.4\\psoc creator\\import\\gnu\\arm\\5.4.
 1253              		.file 2 "c:\\program files (x86)\\cypress\\psoc creator\\4.4\\psoc creator\\import\\gnu\\arm\\5.4.
 1254              		.file 3 "Generated_Source\\PSoC5\\cymetadata.c"
 1255              		.section	.debug_info,"",%progbits
 1256              	.Ldebug_info0:
 1257 0000 32010000 		.4byte	0x132
 1258 0004 0400     		.2byte	0x4
 1259 0006 00000000 		.4byte	.Ldebug_abbrev0
 1260 000a 04       		.byte	0x4
 1261 000b 01       		.uleb128 0x1
 1262 000c 5C000000 		.4byte	.LASF17
 1263 0010 0C       		.byte	0xc
 1264 0011 B6010000 		.4byte	.LASF18
 1265 0015 0A000000 		.4byte	.LASF19
 1266 0019 00000000 		.4byte	.Ldebug_line0
 1267 001d 02       		.uleb128 0x2
 1268 001e 01       		.byte	0x1
 1269 001f 06       		.byte	0x6
 1270 0020 AA010000 		.4byte	.LASF0
 1271 0024 03       		.uleb128 0x3
 1272 0025 00000000 		.4byte	.LASF9
 1273 0029 01       		.byte	0x1
 1274 002a 1D       		.byte	0x1d
 1275 002b 2F000000 		.4byte	0x2f
 1276 002f 02       		.uleb128 0x2
 1277 0030 01       		.byte	0x1
 1278 0031 08       		.byte	0x8
 1279 0032 4E000000 		.4byte	.LASF1
 1280 0036 02       		.uleb128 0x2
 1281 0037 02       		.byte	0x2
 1282 0038 05       		.byte	0x5
 1283 0039 97010000 		.4byte	.LASF2
 1284 003d 02       		.uleb128 0x2
 1285 003e 02       		.byte	0x2
 1286 003f 07       		.byte	0x7
 1287 0040 FC000000 		.4byte	.LASF3
 1288 0044 02       		.uleb128 0x2
 1289 0045 04       		.byte	0x4
 1290 0046 05       		.byte	0x5
 1291 0047 A1010000 		.4byte	.LASF4
 1292 004b 02       		.uleb128 0x2
 1293 004c 04       		.byte	0x4
 1294 004d 07       		.byte	0x7
 1295 004e EA000000 		.4byte	.LASF5
 1296 0052 02       		.uleb128 0x2
 1297 0053 08       		.byte	0x8
 1298 0054 05       		.byte	0x5
 1299 0055 89010000 		.4byte	.LASF6
 1300 0059 02       		.uleb128 0x2
 1301 005a 08       		.byte	0x8
 1302 005b 07       		.byte	0x7
 1303 005c 3E010000 		.4byte	.LASF7
 1304 0060 04       		.uleb128 0x4
 1305 0061 04       		.byte	0x4
 1306 0062 05       		.byte	0x5
 1307 0063 696E7400 		.ascii	"int\000"
ARM GAS  C:\Users\franf\AppData\Local\Temp\cczeeIdT.s 			page 24


 1308 0067 02       		.uleb128 0x2
 1309 0068 04       		.byte	0x4
 1310 0069 07       		.byte	0x7
 1311 006a 31010000 		.4byte	.LASF8
 1312 006e 03       		.uleb128 0x3
 1313 006f 55010000 		.4byte	.LASF10
 1314 0073 02       		.byte	0x2
 1315 0074 18       		.byte	0x18
 1316 0075 24000000 		.4byte	0x24
 1317 0079 05       		.uleb128 0x5
 1318 007a 91000000 		.4byte	0x91
 1319 007e 8A000000 		.4byte	0x8a
 1320 0082 06       		.uleb128 0x6
 1321 0083 8A000000 		.4byte	0x8a
 1322 0087 9B04     		.2byte	0x49b
 1323 0089 00       		.byte	0
 1324 008a 02       		.uleb128 0x2
 1325 008b 04       		.byte	0x4
 1326 008c 07       		.byte	0x7
 1327 008d 80010000 		.4byte	.LASF11
 1328 0091 07       		.uleb128 0x7
 1329 0092 6E000000 		.4byte	0x6e
 1330 0096 08       		.uleb128 0x8
 1331 0097 1F010000 		.4byte	.LASF12
 1332 009b 03       		.byte	0x3
 1333 009c 1F       		.byte	0x1f
 1334 009d A7000000 		.4byte	0xa7
 1335 00a1 05       		.uleb128 0x5
 1336 00a2 03       		.byte	0x3
 1337 00a3 00000000 		.4byte	cy_meta_configecc
 1338 00a7 07       		.uleb128 0x7
 1339 00a8 79000000 		.4byte	0x79
 1340 00ac 05       		.uleb128 0x5
 1341 00ad 91000000 		.4byte	0x91
 1342 00b1 BC000000 		.4byte	0xbc
 1343 00b5 09       		.uleb128 0x9
 1344 00b6 8A000000 		.4byte	0x8a
 1345 00ba 03       		.byte	0x3
 1346 00bb 00       		.byte	0
 1347 00bc 08       		.uleb128 0x8
 1348 00bd 0F010000 		.4byte	.LASF13
 1349 00c1 03       		.byte	0x3
 1350 00c2 C0       		.byte	0xc0
 1351 00c3 CD000000 		.4byte	0xcd
 1352 00c7 05       		.uleb128 0x5
 1353 00c8 03       		.byte	0x3
 1354 00c9 00000000 		.4byte	cy_meta_custnvl
 1355 00cd 07       		.uleb128 0x7
 1356 00ce AC000000 		.4byte	0xac
 1357 00d2 08       		.uleb128 0x8
 1358 00d3 72010000 		.4byte	.LASF14
 1359 00d7 03       		.byte	0x3
 1360 00d8 CE       		.byte	0xce
 1361 00d9 E3000000 		.4byte	0xe3
 1362 00dd 05       		.uleb128 0x5
 1363 00de 03       		.byte	0x3
 1364 00df 00000000 		.4byte	cy_meta_wonvl
ARM GAS  C:\Users\franf\AppData\Local\Temp\cczeeIdT.s 			page 25


 1365 00e3 07       		.uleb128 0x7
 1366 00e4 AC000000 		.4byte	0xac
 1367 00e8 05       		.uleb128 0x5
 1368 00e9 91000000 		.4byte	0x91
 1369 00ed F8000000 		.4byte	0xf8
 1370 00f1 09       		.uleb128 0x9
 1371 00f2 8A000000 		.4byte	0x8a
 1372 00f6 FF       		.byte	0xff
 1373 00f7 00       		.byte	0
 1374 00f8 08       		.uleb128 0x8
 1375 00f9 5D010000 		.4byte	.LASF15
 1376 00fd 03       		.byte	0x3
 1377 00fe DC       		.byte	0xdc
 1378 00ff 09010000 		.4byte	0x109
 1379 0103 05       		.uleb128 0x5
 1380 0104 03       		.byte	0x3
 1381 0105 00000000 		.4byte	cy_meta_flashprotect
 1382 0109 07       		.uleb128 0x7
 1383 010a E8000000 		.4byte	0xe8
 1384 010e 05       		.uleb128 0x5
 1385 010f 91000000 		.4byte	0x91
 1386 0113 1E010000 		.4byte	0x11e
 1387 0117 09       		.uleb128 0x9
 1388 0118 8A000000 		.4byte	0x8a
 1389 011c 0B       		.byte	0xb
 1390 011d 00       		.byte	0
 1391 011e 0A       		.uleb128 0xa
 1392 011f 42000000 		.4byte	.LASF16
 1393 0123 03       		.byte	0x3
 1394 0124 0901     		.2byte	0x109
 1395 0126 30010000 		.4byte	0x130
 1396 012a 05       		.uleb128 0x5
 1397 012b 03       		.byte	0x3
 1398 012c 00000000 		.4byte	cy_metadata
 1399 0130 07       		.uleb128 0x7
 1400 0131 0E010000 		.4byte	0x10e
 1401 0135 00       		.byte	0
 1402              		.section	.debug_abbrev,"",%progbits
 1403              	.Ldebug_abbrev0:
 1404 0000 01       		.uleb128 0x1
 1405 0001 11       		.uleb128 0x11
 1406 0002 01       		.byte	0x1
 1407 0003 25       		.uleb128 0x25
 1408 0004 0E       		.uleb128 0xe
 1409 0005 13       		.uleb128 0x13
 1410 0006 0B       		.uleb128 0xb
 1411 0007 03       		.uleb128 0x3
 1412 0008 0E       		.uleb128 0xe
 1413 0009 1B       		.uleb128 0x1b
 1414 000a 0E       		.uleb128 0xe
 1415 000b 10       		.uleb128 0x10
 1416 000c 17       		.uleb128 0x17
 1417 000d 00       		.byte	0
 1418 000e 00       		.byte	0
 1419 000f 02       		.uleb128 0x2
 1420 0010 24       		.uleb128 0x24
 1421 0011 00       		.byte	0
ARM GAS  C:\Users\franf\AppData\Local\Temp\cczeeIdT.s 			page 26


 1422 0012 0B       		.uleb128 0xb
 1423 0013 0B       		.uleb128 0xb
 1424 0014 3E       		.uleb128 0x3e
 1425 0015 0B       		.uleb128 0xb
 1426 0016 03       		.uleb128 0x3
 1427 0017 0E       		.uleb128 0xe
 1428 0018 00       		.byte	0
 1429 0019 00       		.byte	0
 1430 001a 03       		.uleb128 0x3
 1431 001b 16       		.uleb128 0x16
 1432 001c 00       		.byte	0
 1433 001d 03       		.uleb128 0x3
 1434 001e 0E       		.uleb128 0xe
 1435 001f 3A       		.uleb128 0x3a
 1436 0020 0B       		.uleb128 0xb
 1437 0021 3B       		.uleb128 0x3b
 1438 0022 0B       		.uleb128 0xb
 1439 0023 49       		.uleb128 0x49
 1440 0024 13       		.uleb128 0x13
 1441 0025 00       		.byte	0
 1442 0026 00       		.byte	0
 1443 0027 04       		.uleb128 0x4
 1444 0028 24       		.uleb128 0x24
 1445 0029 00       		.byte	0
 1446 002a 0B       		.uleb128 0xb
 1447 002b 0B       		.uleb128 0xb
 1448 002c 3E       		.uleb128 0x3e
 1449 002d 0B       		.uleb128 0xb
 1450 002e 03       		.uleb128 0x3
 1451 002f 08       		.uleb128 0x8
 1452 0030 00       		.byte	0
 1453 0031 00       		.byte	0
 1454 0032 05       		.uleb128 0x5
 1455 0033 01       		.uleb128 0x1
 1456 0034 01       		.byte	0x1
 1457 0035 49       		.uleb128 0x49
 1458 0036 13       		.uleb128 0x13
 1459 0037 01       		.uleb128 0x1
 1460 0038 13       		.uleb128 0x13
 1461 0039 00       		.byte	0
 1462 003a 00       		.byte	0
 1463 003b 06       		.uleb128 0x6
 1464 003c 21       		.uleb128 0x21
 1465 003d 00       		.byte	0
 1466 003e 49       		.uleb128 0x49
 1467 003f 13       		.uleb128 0x13
 1468 0040 2F       		.uleb128 0x2f
 1469 0041 05       		.uleb128 0x5
 1470 0042 00       		.byte	0
 1471 0043 00       		.byte	0
 1472 0044 07       		.uleb128 0x7
 1473 0045 26       		.uleb128 0x26
 1474 0046 00       		.byte	0
 1475 0047 49       		.uleb128 0x49
 1476 0048 13       		.uleb128 0x13
 1477 0049 00       		.byte	0
 1478 004a 00       		.byte	0
ARM GAS  C:\Users\franf\AppData\Local\Temp\cczeeIdT.s 			page 27


 1479 004b 08       		.uleb128 0x8
 1480 004c 34       		.uleb128 0x34
 1481 004d 00       		.byte	0
 1482 004e 03       		.uleb128 0x3
 1483 004f 0E       		.uleb128 0xe
 1484 0050 3A       		.uleb128 0x3a
 1485 0051 0B       		.uleb128 0xb
 1486 0052 3B       		.uleb128 0x3b
 1487 0053 0B       		.uleb128 0xb
 1488 0054 49       		.uleb128 0x49
 1489 0055 13       		.uleb128 0x13
 1490 0056 3F       		.uleb128 0x3f
 1491 0057 19       		.uleb128 0x19
 1492 0058 02       		.uleb128 0x2
 1493 0059 18       		.uleb128 0x18
 1494 005a 00       		.byte	0
 1495 005b 00       		.byte	0
 1496 005c 09       		.uleb128 0x9
 1497 005d 21       		.uleb128 0x21
 1498 005e 00       		.byte	0
 1499 005f 49       		.uleb128 0x49
 1500 0060 13       		.uleb128 0x13
 1501 0061 2F       		.uleb128 0x2f
 1502 0062 0B       		.uleb128 0xb
 1503 0063 00       		.byte	0
 1504 0064 00       		.byte	0
 1505 0065 0A       		.uleb128 0xa
 1506 0066 34       		.uleb128 0x34
 1507 0067 00       		.byte	0
 1508 0068 03       		.uleb128 0x3
 1509 0069 0E       		.uleb128 0xe
 1510 006a 3A       		.uleb128 0x3a
 1511 006b 0B       		.uleb128 0xb
 1512 006c 3B       		.uleb128 0x3b
 1513 006d 05       		.uleb128 0x5
 1514 006e 49       		.uleb128 0x49
 1515 006f 13       		.uleb128 0x13
 1516 0070 3F       		.uleb128 0x3f
 1517 0071 19       		.uleb128 0x19
 1518 0072 02       		.uleb128 0x2
 1519 0073 18       		.uleb128 0x18
 1520 0074 00       		.byte	0
 1521 0075 00       		.byte	0
 1522 0076 00       		.byte	0
 1523              		.section	.debug_aranges,"",%progbits
 1524 0000 14000000 		.4byte	0x14
 1525 0004 0200     		.2byte	0x2
 1526 0006 00000000 		.4byte	.Ldebug_info0
 1527 000a 04       		.byte	0x4
 1528 000b 00       		.byte	0
 1529 000c 0000     		.2byte	0
 1530 000e 0000     		.2byte	0
 1531 0010 00000000 		.4byte	0
 1532 0014 00000000 		.4byte	0
 1533              		.section	.debug_line,"",%progbits
 1534              	.Ldebug_line0:
 1535 0000 3D010000 		.section	.debug_str,"MS",%progbits,1
ARM GAS  C:\Users\franf\AppData\Local\Temp\cczeeIdT.s 			page 28


 1535      02003701 
 1535      00000201 
 1535      FB0E0D00 
 1535      01010101 
 1536              	.LASF9:
 1537 0000 5F5F7569 		.ascii	"__uint8_t\000"
 1537      6E74385F 
 1537      7400
 1538              	.LASF19:
 1539 000a 433A5C55 		.ascii	"C:\\Users\\franf\\Documents\\PSoC Creator\\i2c_lcd\\"
 1539      73657273 
 1539      5C667261 
 1539      6E665C44 
 1539      6F63756D 
 1540 0038 6C63642E 		.ascii	"lcd.cydsn\000"
 1540      63796473 
 1540      6E00
 1541              	.LASF16:
 1542 0042 63795F6D 		.ascii	"cy_metadata\000"
 1542      65746164 
 1542      61746100 
 1543              	.LASF1:
 1544 004e 756E7369 		.ascii	"unsigned char\000"
 1544      676E6564 
 1544      20636861 
 1544      7200
 1545              	.LASF17:
 1546 005c 474E5520 		.ascii	"GNU C11 5.4.1 20160609 (release) [ARM/embedded-5-br"
 1546      43313120 
 1546      352E342E 
 1546      31203230 
 1546      31363036 
 1547 008f 616E6368 		.ascii	"anch revision 237715] -mcpu=cortex-m3 -mthumb -g -O"
 1547      20726576 
 1547      6973696F 
 1547      6E203233 
 1547      37373135 
 1548 00c2 67202D66 		.ascii	"g -ffunction-sections -ffat-lto-objects\000"
 1548      66756E63 
 1548      74696F6E 
 1548      2D736563 
 1548      74696F6E 
 1549              	.LASF5:
 1550 00ea 6C6F6E67 		.ascii	"long unsigned int\000"
 1550      20756E73 
 1550      69676E65 
 1550      6420696E 
 1550      7400
 1551              	.LASF3:
 1552 00fc 73686F72 		.ascii	"short unsigned int\000"
 1552      7420756E 
 1552      7369676E 
 1552      65642069 
 1552      6E7400
 1553              	.LASF13:
 1554 010f 63795F6D 		.ascii	"cy_meta_custnvl\000"
 1554      6574615F 
ARM GAS  C:\Users\franf\AppData\Local\Temp\cczeeIdT.s 			page 29


 1554      63757374 
 1554      6E766C00 
 1555              	.LASF12:
 1556 011f 63795F6D 		.ascii	"cy_meta_configecc\000"
 1556      6574615F 
 1556      636F6E66 
 1556      69676563 
 1556      6300
 1557              	.LASF8:
 1558 0131 756E7369 		.ascii	"unsigned int\000"
 1558      676E6564 
 1558      20696E74 
 1558      00
 1559              	.LASF7:
 1560 013e 6C6F6E67 		.ascii	"long long unsigned int\000"
 1560      206C6F6E 
 1560      6720756E 
 1560      7369676E 
 1560      65642069 
 1561              	.LASF10:
 1562 0155 75696E74 		.ascii	"uint8_t\000"
 1562      385F7400 
 1563              	.LASF15:
 1564 015d 63795F6D 		.ascii	"cy_meta_flashprotect\000"
 1564      6574615F 
 1564      666C6173 
 1564      6870726F 
 1564      74656374 
 1565              	.LASF14:
 1566 0172 63795F6D 		.ascii	"cy_meta_wonvl\000"
 1566      6574615F 
 1566      776F6E76 
 1566      6C00
 1567              	.LASF11:
 1568 0180 73697A65 		.ascii	"sizetype\000"
 1568      74797065 
 1568      00
 1569              	.LASF6:
 1570 0189 6C6F6E67 		.ascii	"long long int\000"
 1570      206C6F6E 
 1570      6720696E 
 1570      7400
 1571              	.LASF2:
 1572 0197 73686F72 		.ascii	"short int\000"
 1572      7420696E 
 1572      7400
 1573              	.LASF4:
 1574 01a1 6C6F6E67 		.ascii	"long int\000"
 1574      20696E74 
 1574      00
 1575              	.LASF0:
 1576 01aa 7369676E 		.ascii	"signed char\000"
 1576      65642063 
 1576      68617200 
 1577              	.LASF18:
 1578 01b6 47656E65 		.ascii	"Generated_Source\\PSoC5\\cymetadata.c\000"
 1578      72617465 
ARM GAS  C:\Users\franf\AppData\Local\Temp\cczeeIdT.s 			page 30


 1578      645F536F 
 1578      75726365 
 1578      5C50536F 
 1579              		.ident	"GCC: (GNU Tools for ARM Embedded Processors) 5.4.1 20160609 (release) [ARM/embedded-5-bran
