ARM GAS  C:\Users\franf\AppData\Local\Temp\ccqaSsIg.s 			page 1


   1              		.syntax unified
   2              		.cpu cortex-m3
   3              		.fpu softvfp
   4              		.eabi_attribute 20, 1
   5              		.eabi_attribute 21, 1
   6              		.eabi_attribute 23, 3
   7              		.eabi_attribute 24, 1
   8              		.eabi_attribute 25, 1
   9              		.eabi_attribute 26, 1
  10              		.eabi_attribute 30, 1
  11              		.eabi_attribute 34, 1
  12              		.eabi_attribute 18, 4
  13              		.thumb
  14              		.syntax unified
  15              		.file	"cymetadata.c"
  16              		.text
  17              	.Ltext0:
  18              		.cfi_sections	.debug_frame
  19              		.global	cy_metadata
  20              		.global	cy_meta_flashprotect
  21              		.global	cy_meta_wonvl
  22              		.global	cy_meta_custnvl
  23              		.global	cy_meta_configecc
  24              		.section	.cyconfigecc,"a",%progbits
  25              		.align	2
  26              		.type	cy_meta_configecc, %object
  27              		.size	cy_meta_configecc, 180
  28              	cy_meta_configecc:
  29 0000 02       		.byte	2
  30 0001 52       		.byte	82
  31 0002 00       		.byte	0
  32 0003 40       		.byte	64
  33 0004 03       		.byte	3
  34 0005 0B       		.byte	11
  35 0006 01       		.byte	1
  36 0007 40       		.byte	64
  37 0008 1A       		.byte	26
  38 0009 0C       		.byte	12
  39 000a 01       		.byte	1
  40 000b 40       		.byte	64
  41 000c 15       		.byte	21
  42 000d 0D       		.byte	13
  43 000e 01       		.byte	1
  44 000f 40       		.byte	64
  45 0010 09       		.byte	9
  46 0011 45       		.byte	69
  47 0012 01       		.byte	1
  48 0013 40       		.byte	64
  49 0014 03       		.byte	3
  50 0015 46       		.byte	70
  51 0016 01       		.byte	1
  52 0017 40       		.byte	64
  53 0018 02       		.byte	2
  54 0019 50       		.byte	80
  55 001a 01       		.byte	1
  56 001b 40       		.byte	64
  57 001c 10       		.byte	16
ARM GAS  C:\Users\franf\AppData\Local\Temp\ccqaSsIg.s 			page 2


  58 001d 30       		.byte	48
  59 001e 11       		.byte	17
  60 001f 20       		.byte	32
  61 0020 AE       		.byte	-82
  62 0021 01       		.byte	1
  63 0022 B4       		.byte	-76
  64 0023 02       		.byte	2
  65 0024 E8       		.byte	-24
  66 0025 08       		.byte	8
  67 0026 83       		.byte	-125
  68 0027 04       		.byte	4
  69 0028 88       		.byte	-120
  70 0029 26       		.byte	38
  71 002a 8A       		.byte	-118
  72 002b D9       		.byte	-39
  73 002c 8C       		.byte	-116
  74 002d AD       		.byte	-83
  75 002e 8E       		.byte	-114
  76 002f 12       		.byte	18
  77 0030 8F       		.byte	-113
  78 0031 03       		.byte	3
  79 0032 96       		.byte	-106
  80 0033 40       		.byte	64
  81 0034 97       		.byte	-105
  82 0035 01       		.byte	1
  83 0036 98       		.byte	-104
  84 0037 0A       		.byte	10
  85 0038 9A       		.byte	-102
  86 0039 05       		.byte	5
  87 003a 9D       		.byte	-99
  88 003b 04       		.byte	4
  89 003c 9E       		.byte	-98
  90 003d 10       		.byte	16
  91 003e 9F       		.byte	-97
  92 003f 08       		.byte	8
  93 0040 A9       		.byte	-87
  94 0041 02       		.byte	2
  95 0042 AF       		.byte	-81
  96 0043 10       		.byte	16
  97 0044 B0       		.byte	-80
  98 0045 03       		.byte	3
  99 0046 B1       		.byte	-79
 100 0047 08       		.byte	8
 101 0048 B2       		.byte	-78
 102 0049 C0       		.byte	-64
 103 004a B3       		.byte	-77
 104 004b 03       		.byte	3
 105 004c B4       		.byte	-76
 106 004d 0C       		.byte	12
 107 004e B5       		.byte	-75
 108 004f 04       		.byte	4
 109 0050 B6       		.byte	-74
 110 0051 30       		.byte	48
 111 0052 B7       		.byte	-73
 112 0053 10       		.byte	16
 113 0054 D8       		.byte	-40
 114 0055 04       		.byte	4
ARM GAS  C:\Users\franf\AppData\Local\Temp\ccqaSsIg.s 			page 3


 115 0056 D9       		.byte	-39
 116 0057 04       		.byte	4
 117 0058 DF       		.byte	-33
 118 0059 01       		.byte	1
 119 005a 00       		.byte	0
 120 005b 40       		.byte	64
 121 005c 01       		.byte	1
 122 005d 20       		.byte	32
 123 005e 09       		.byte	9
 124 005f 20       		.byte	32
 125 0060 0A       		.byte	10
 126 0061 11       		.byte	17
 127 0062 18       		.byte	24
 128 0063 40       		.byte	64
 129 0064 19       		.byte	25
 130 0065 20       		.byte	32
 131 0066 1A       		.byte	26
 132 0067 11       		.byte	17
 133 0068 21       		.byte	33
 134 0069 A9       		.byte	-87
 135 006a 28       		.byte	40
 136 006b 02       		.byte	2
 137 006c 29       		.byte	41
 138 006d 20       		.byte	32
 139 006e 31       		.byte	49
 140 006f 88       		.byte	-120
 141 0070 38       		.byte	56
 142 0071 40       		.byte	64
 143 0072 39       		.byte	57
 144 0073 02       		.byte	2
 145 0074 82       		.byte	-126
 146 0075 10       		.byte	16
 147 0076 85       		.byte	-123
 148 0077 08       		.byte	8
 149 0078 C0       		.byte	-64
 150 0079 03       		.byte	3
 151 007a C2       		.byte	-62
 152 007b 07       		.byte	7
 153 007c CA       		.byte	-54
 154 007d 0C       		.byte	12
 155 007e CC       		.byte	-52
 156 007f 0A       		.byte	10
 157 0080 CE       		.byte	-50
 158 0081 09       		.byte	9
 159 0082 E0       		.byte	-32
 160 0083 03       		.byte	3
 161 0084 01       		.byte	1
 162 0085 20       		.byte	32
 163 0086 52       		.byte	82
 164 0087 40       		.byte	64
 165 0088 66       		.byte	102
 166 0089 84       		.byte	-124
 167 008a 82       		.byte	-126
 168 008b 04       		.byte	4
 169 008c 86       		.byte	-122
 170 008d 80       		.byte	-128
 171 008e C0       		.byte	-64
ARM GAS  C:\Users\franf\AppData\Local\Temp\ccqaSsIg.s 			page 4


 172 008f 02       		.byte	2
 173 0090 D4       		.byte	-44
 174 0091 04       		.byte	4
 175 0092 D6       		.byte	-42
 176 0093 01       		.byte	1
 177 0094 D8       		.byte	-40
 178 0095 01       		.byte	1
 179 0096 AE       		.byte	-82
 180 0097 40       		.byte	64
 181 0098 B5       		.byte	-75
 182 0099 20       		.byte	32
 183 009a EA       		.byte	-22
 184 009b 08       		.byte	8
 185 009c 00       		.byte	0
 186 009d 01       		.byte	1
 187 009e 0E       		.byte	14
 188 009f 01       		.byte	1
 189 00a0 00       		.byte	0
 190 00a1 0B       		.byte	11
 191 00a2 0B       		.byte	11
 192 00a3 00       		.byte	0
 193 00a4 00       		.byte	0
 194 00a5 00       		.byte	0
 195 00a6 00       		.byte	0
 196 00a7 00       		.byte	0
 197 00a8 04       		.byte	4
 198 00a9 00       		.byte	0
 199 00aa 00       		.byte	0
 200 00ab 3C       		.byte	60
 201 00ac 38       		.byte	56
 202 00ad 00       		.byte	0
 203 00ae 38       		.byte	56
 204 00af 00       		.byte	0
 205 00b0 00       		.byte	0
 206 00b1 00       		.byte	0
 207 00b2 00       		.byte	0
 208 00b3 00       		.byte	0
 209              		.section	.cywolatch,"a",%progbits
 210              		.align	2
 211              		.type	cy_meta_wonvl, %object
 212              		.size	cy_meta_wonvl, 4
 213              	cy_meta_wonvl:
 214 0000 BC       		.byte	-68
 215 0001 90       		.byte	-112
 216 0002 AC       		.byte	-84
 217 0003 AF       		.byte	-81
 218              		.section	.cycustnvl,"a",%progbits
 219              		.align	2
 220              		.type	cy_meta_custnvl, %object
 221              		.size	cy_meta_custnvl, 4
 222              	cy_meta_custnvl:
 223 0000 00       		.byte	0
 224 0001 00       		.byte	0
 225 0002 40       		.byte	64
 226 0003 05       		.byte	5
 227              		.section	.cymeta,"a",%progbits
 228              		.align	2
ARM GAS  C:\Users\franf\AppData\Local\Temp\ccqaSsIg.s 			page 5


 229              		.type	cy_metadata, %object
 230              		.size	cy_metadata, 12
 231              	cy_metadata:
 232 0000 00       		.byte	0
 233 0001 01       		.byte	1
 234 0002 2E       		.byte	46
 235 0003 16       		.byte	22
 236 0004 10       		.byte	16
 237 0005 69       		.byte	105
 238 0006 00       		.byte	0
 239 0007 01       		.byte	1
 240 0008 00       		.byte	0
 241 0009 00       		.byte	0
 242 000a 00       		.byte	0
 243 000b 00       		.byte	0
 244              		.section	.cyflashprotect,"a",%progbits
 245              		.align	2
 246              		.type	cy_meta_flashprotect, %object
 247              		.size	cy_meta_flashprotect, 256
 248              	cy_meta_flashprotect:
 249 0000 00000000 		.space	256
 249      00000000 
 249      00000000 
 249      00000000 
 249      00000000 
 250              		.text
 251              	.Letext0:
 252              		.file 1 "c:\\program files (x86)\\cypress\\psoc creator\\4.4\\psoc creator\\import\\gnu\\arm\\5.4.
 253              		.file 2 "c:\\program files (x86)\\cypress\\psoc creator\\4.4\\psoc creator\\import\\gnu\\arm\\5.4.
 254              		.file 3 "Generated_Source\\PSoC5\\cymetadata.c"
 255              		.section	.debug_info,"",%progbits
 256              	.Ldebug_info0:
 257 0000 30010000 		.4byte	0x130
 258 0004 0400     		.2byte	0x4
 259 0006 00000000 		.4byte	.Ldebug_abbrev0
 260 000a 04       		.byte	0x4
 261 000b 01       		.uleb128 0x1
 262 000c 6D000000 		.4byte	.LASF17
 263 0010 0C       		.byte	0xc
 264 0011 C7010000 		.4byte	.LASF18
 265 0015 16000000 		.4byte	.LASF19
 266 0019 00000000 		.4byte	.Ldebug_line0
 267 001d 02       		.uleb128 0x2
 268 001e 01       		.byte	0x1
 269 001f 06       		.byte	0x6
 270 0020 BB010000 		.4byte	.LASF0
 271 0024 03       		.uleb128 0x3
 272 0025 00000000 		.4byte	.LASF9
 273 0029 01       		.byte	0x1
 274 002a 1D       		.byte	0x1d
 275 002b 2F000000 		.4byte	0x2f
 276 002f 02       		.uleb128 0x2
 277 0030 01       		.byte	0x1
 278 0031 08       		.byte	0x8
 279 0032 5F000000 		.4byte	.LASF1
 280 0036 02       		.uleb128 0x2
 281 0037 02       		.byte	0x2
ARM GAS  C:\Users\franf\AppData\Local\Temp\ccqaSsIg.s 			page 6


 282 0038 05       		.byte	0x5
 283 0039 A8010000 		.4byte	.LASF2
 284 003d 02       		.uleb128 0x2
 285 003e 02       		.byte	0x2
 286 003f 07       		.byte	0x7
 287 0040 0D010000 		.4byte	.LASF3
 288 0044 02       		.uleb128 0x2
 289 0045 04       		.byte	0x4
 290 0046 05       		.byte	0x5
 291 0047 B2010000 		.4byte	.LASF4
 292 004b 02       		.uleb128 0x2
 293 004c 04       		.byte	0x4
 294 004d 07       		.byte	0x7
 295 004e FB000000 		.4byte	.LASF5
 296 0052 02       		.uleb128 0x2
 297 0053 08       		.byte	0x8
 298 0054 05       		.byte	0x5
 299 0055 9A010000 		.4byte	.LASF6
 300 0059 02       		.uleb128 0x2
 301 005a 08       		.byte	0x8
 302 005b 07       		.byte	0x7
 303 005c 4F010000 		.4byte	.LASF7
 304 0060 04       		.uleb128 0x4
 305 0061 04       		.byte	0x4
 306 0062 05       		.byte	0x5
 307 0063 696E7400 		.ascii	"int\000"
 308 0067 02       		.uleb128 0x2
 309 0068 04       		.byte	0x4
 310 0069 07       		.byte	0x7
 311 006a 42010000 		.4byte	.LASF8
 312 006e 03       		.uleb128 0x3
 313 006f 66010000 		.4byte	.LASF10
 314 0073 02       		.byte	0x2
 315 0074 18       		.byte	0x18
 316 0075 24000000 		.4byte	0x24
 317 0079 05       		.uleb128 0x5
 318 007a 90000000 		.4byte	0x90
 319 007e 89000000 		.4byte	0x89
 320 0082 06       		.uleb128 0x6
 321 0083 89000000 		.4byte	0x89
 322 0087 B3       		.byte	0xb3
 323 0088 00       		.byte	0
 324 0089 02       		.uleb128 0x2
 325 008a 04       		.byte	0x4
 326 008b 07       		.byte	0x7
 327 008c 91010000 		.4byte	.LASF11
 328 0090 07       		.uleb128 0x7
 329 0091 6E000000 		.4byte	0x6e
 330 0095 08       		.uleb128 0x8
 331 0096 30010000 		.4byte	.LASF12
 332 009a 03       		.byte	0x3
 333 009b 1F       		.byte	0x1f
 334 009c A6000000 		.4byte	0xa6
 335 00a0 05       		.uleb128 0x5
 336 00a1 03       		.byte	0x3
 337 00a2 00000000 		.4byte	cy_meta_configecc
 338 00a6 07       		.uleb128 0x7
ARM GAS  C:\Users\franf\AppData\Local\Temp\ccqaSsIg.s 			page 7


 339 00a7 79000000 		.4byte	0x79
 340 00ab 05       		.uleb128 0x5
 341 00ac 90000000 		.4byte	0x90
 342 00b0 BB000000 		.4byte	0xbb
 343 00b4 06       		.uleb128 0x6
 344 00b5 89000000 		.4byte	0x89
 345 00b9 03       		.byte	0x3
 346 00ba 00       		.byte	0
 347 00bb 08       		.uleb128 0x8
 348 00bc 20010000 		.4byte	.LASF13
 349 00c0 03       		.byte	0x3
 350 00c1 43       		.byte	0x43
 351 00c2 CC000000 		.4byte	0xcc
 352 00c6 05       		.uleb128 0x5
 353 00c7 03       		.byte	0x3
 354 00c8 00000000 		.4byte	cy_meta_custnvl
 355 00cc 07       		.uleb128 0x7
 356 00cd AB000000 		.4byte	0xab
 357 00d1 08       		.uleb128 0x8
 358 00d2 83010000 		.4byte	.LASF14
 359 00d6 03       		.byte	0x3
 360 00d7 51       		.byte	0x51
 361 00d8 E2000000 		.4byte	0xe2
 362 00dc 05       		.uleb128 0x5
 363 00dd 03       		.byte	0x3
 364 00de 00000000 		.4byte	cy_meta_wonvl
 365 00e2 07       		.uleb128 0x7
 366 00e3 AB000000 		.4byte	0xab
 367 00e7 05       		.uleb128 0x5
 368 00e8 90000000 		.4byte	0x90
 369 00ec F7000000 		.4byte	0xf7
 370 00f0 06       		.uleb128 0x6
 371 00f1 89000000 		.4byte	0x89
 372 00f5 FF       		.byte	0xff
 373 00f6 00       		.byte	0
 374 00f7 08       		.uleb128 0x8
 375 00f8 6E010000 		.4byte	.LASF15
 376 00fc 03       		.byte	0x3
 377 00fd 5F       		.byte	0x5f
 378 00fe 08010000 		.4byte	0x108
 379 0102 05       		.uleb128 0x5
 380 0103 03       		.byte	0x3
 381 0104 00000000 		.4byte	cy_meta_flashprotect
 382 0108 07       		.uleb128 0x7
 383 0109 E7000000 		.4byte	0xe7
 384 010d 05       		.uleb128 0x5
 385 010e 90000000 		.4byte	0x90
 386 0112 1D010000 		.4byte	0x11d
 387 0116 06       		.uleb128 0x6
 388 0117 89000000 		.4byte	0x89
 389 011b 0B       		.byte	0xb
 390 011c 00       		.byte	0
 391 011d 08       		.uleb128 0x8
 392 011e 0A000000 		.4byte	.LASF16
 393 0122 03       		.byte	0x3
 394 0123 8C       		.byte	0x8c
 395 0124 2E010000 		.4byte	0x12e
ARM GAS  C:\Users\franf\AppData\Local\Temp\ccqaSsIg.s 			page 8


 396 0128 05       		.uleb128 0x5
 397 0129 03       		.byte	0x3
 398 012a 00000000 		.4byte	cy_metadata
 399 012e 07       		.uleb128 0x7
 400 012f 0D010000 		.4byte	0x10d
 401 0133 00       		.byte	0
 402              		.section	.debug_abbrev,"",%progbits
 403              	.Ldebug_abbrev0:
 404 0000 01       		.uleb128 0x1
 405 0001 11       		.uleb128 0x11
 406 0002 01       		.byte	0x1
 407 0003 25       		.uleb128 0x25
 408 0004 0E       		.uleb128 0xe
 409 0005 13       		.uleb128 0x13
 410 0006 0B       		.uleb128 0xb
 411 0007 03       		.uleb128 0x3
 412 0008 0E       		.uleb128 0xe
 413 0009 1B       		.uleb128 0x1b
 414 000a 0E       		.uleb128 0xe
 415 000b 10       		.uleb128 0x10
 416 000c 17       		.uleb128 0x17
 417 000d 00       		.byte	0
 418 000e 00       		.byte	0
 419 000f 02       		.uleb128 0x2
 420 0010 24       		.uleb128 0x24
 421 0011 00       		.byte	0
 422 0012 0B       		.uleb128 0xb
 423 0013 0B       		.uleb128 0xb
 424 0014 3E       		.uleb128 0x3e
 425 0015 0B       		.uleb128 0xb
 426 0016 03       		.uleb128 0x3
 427 0017 0E       		.uleb128 0xe
 428 0018 00       		.byte	0
 429 0019 00       		.byte	0
 430 001a 03       		.uleb128 0x3
 431 001b 16       		.uleb128 0x16
 432 001c 00       		.byte	0
 433 001d 03       		.uleb128 0x3
 434 001e 0E       		.uleb128 0xe
 435 001f 3A       		.uleb128 0x3a
 436 0020 0B       		.uleb128 0xb
 437 0021 3B       		.uleb128 0x3b
 438 0022 0B       		.uleb128 0xb
 439 0023 49       		.uleb128 0x49
 440 0024 13       		.uleb128 0x13
 441 0025 00       		.byte	0
 442 0026 00       		.byte	0
 443 0027 04       		.uleb128 0x4
 444 0028 24       		.uleb128 0x24
 445 0029 00       		.byte	0
 446 002a 0B       		.uleb128 0xb
 447 002b 0B       		.uleb128 0xb
 448 002c 3E       		.uleb128 0x3e
 449 002d 0B       		.uleb128 0xb
 450 002e 03       		.uleb128 0x3
 451 002f 08       		.uleb128 0x8
 452 0030 00       		.byte	0
ARM GAS  C:\Users\franf\AppData\Local\Temp\ccqaSsIg.s 			page 9


 453 0031 00       		.byte	0
 454 0032 05       		.uleb128 0x5
 455 0033 01       		.uleb128 0x1
 456 0034 01       		.byte	0x1
 457 0035 49       		.uleb128 0x49
 458 0036 13       		.uleb128 0x13
 459 0037 01       		.uleb128 0x1
 460 0038 13       		.uleb128 0x13
 461 0039 00       		.byte	0
 462 003a 00       		.byte	0
 463 003b 06       		.uleb128 0x6
 464 003c 21       		.uleb128 0x21
 465 003d 00       		.byte	0
 466 003e 49       		.uleb128 0x49
 467 003f 13       		.uleb128 0x13
 468 0040 2F       		.uleb128 0x2f
 469 0041 0B       		.uleb128 0xb
 470 0042 00       		.byte	0
 471 0043 00       		.byte	0
 472 0044 07       		.uleb128 0x7
 473 0045 26       		.uleb128 0x26
 474 0046 00       		.byte	0
 475 0047 49       		.uleb128 0x49
 476 0048 13       		.uleb128 0x13
 477 0049 00       		.byte	0
 478 004a 00       		.byte	0
 479 004b 08       		.uleb128 0x8
 480 004c 34       		.uleb128 0x34
 481 004d 00       		.byte	0
 482 004e 03       		.uleb128 0x3
 483 004f 0E       		.uleb128 0xe
 484 0050 3A       		.uleb128 0x3a
 485 0051 0B       		.uleb128 0xb
 486 0052 3B       		.uleb128 0x3b
 487 0053 0B       		.uleb128 0xb
 488 0054 49       		.uleb128 0x49
 489 0055 13       		.uleb128 0x13
 490 0056 3F       		.uleb128 0x3f
 491 0057 19       		.uleb128 0x19
 492 0058 02       		.uleb128 0x2
 493 0059 18       		.uleb128 0x18
 494 005a 00       		.byte	0
 495 005b 00       		.byte	0
 496 005c 00       		.byte	0
 497              		.section	.debug_aranges,"",%progbits
 498 0000 14000000 		.4byte	0x14
 499 0004 0200     		.2byte	0x2
 500 0006 00000000 		.4byte	.Ldebug_info0
 501 000a 04       		.byte	0x4
 502 000b 00       		.byte	0
 503 000c 0000     		.2byte	0
 504 000e 0000     		.2byte	0
 505 0010 00000000 		.4byte	0
 506 0014 00000000 		.4byte	0
 507              		.section	.debug_line,"",%progbits
 508              	.Ldebug_line0:
 509 0000 3D010000 		.section	.debug_str,"MS",%progbits,1
ARM GAS  C:\Users\franf\AppData\Local\Temp\ccqaSsIg.s 			page 10


 509      02003701 
 509      00000201 
 509      FB0E0D00 
 509      01010101 
 510              	.LASF9:
 511 0000 5F5F7569 		.ascii	"__uint8_t\000"
 511      6E74385F 
 511      7400
 512              	.LASF16:
 513 000a 63795F6D 		.ascii	"cy_metadata\000"
 513      65746164 
 513      61746100 
 514              	.LASF19:
 515 0016 433A5C55 		.ascii	"C:\\Users\\franf\\Documents\\PSoC Creator\\trabajo_"
 515      73657273 
 515      5C667261 
 515      6E665C44 
 515      6F63756D 
 516 0044 70726163 		.ascii	"practico_6\\problema1.cydsn\000"
 516      7469636F 
 516      5F365C70 
 516      726F626C 
 516      656D6131 
 517              	.LASF1:
 518 005f 756E7369 		.ascii	"unsigned char\000"
 518      676E6564 
 518      20636861 
 518      7200
 519              	.LASF17:
 520 006d 474E5520 		.ascii	"GNU C11 5.4.1 20160609 (release) [ARM/embedded-5-br"
 520      43313120 
 520      352E342E 
 520      31203230 
 520      31363036 
 521 00a0 616E6368 		.ascii	"anch revision 237715] -mcpu=cortex-m3 -mthumb -g -O"
 521      20726576 
 521      6973696F 
 521      6E203233 
 521      37373135 
 522 00d3 67202D66 		.ascii	"g -ffunction-sections -ffat-lto-objects\000"
 522      66756E63 
 522      74696F6E 
 522      2D736563 
 522      74696F6E 
 523              	.LASF5:
 524 00fb 6C6F6E67 		.ascii	"long unsigned int\000"
 524      20756E73 
 524      69676E65 
 524      6420696E 
 524      7400
 525              	.LASF3:
 526 010d 73686F72 		.ascii	"short unsigned int\000"
 526      7420756E 
 526      7369676E 
 526      65642069 
 526      6E7400
 527              	.LASF13:
ARM GAS  C:\Users\franf\AppData\Local\Temp\ccqaSsIg.s 			page 11


 528 0120 63795F6D 		.ascii	"cy_meta_custnvl\000"
 528      6574615F 
 528      63757374 
 528      6E766C00 
 529              	.LASF12:
 530 0130 63795F6D 		.ascii	"cy_meta_configecc\000"
 530      6574615F 
 530      636F6E66 
 530      69676563 
 530      6300
 531              	.LASF8:
 532 0142 756E7369 		.ascii	"unsigned int\000"
 532      676E6564 
 532      20696E74 
 532      00
 533              	.LASF7:
 534 014f 6C6F6E67 		.ascii	"long long unsigned int\000"
 534      206C6F6E 
 534      6720756E 
 534      7369676E 
 534      65642069 
 535              	.LASF10:
 536 0166 75696E74 		.ascii	"uint8_t\000"
 536      385F7400 
 537              	.LASF15:
 538 016e 63795F6D 		.ascii	"cy_meta_flashprotect\000"
 538      6574615F 
 538      666C6173 
 538      6870726F 
 538      74656374 
 539              	.LASF14:
 540 0183 63795F6D 		.ascii	"cy_meta_wonvl\000"
 540      6574615F 
 540      776F6E76 
 540      6C00
 541              	.LASF11:
 542 0191 73697A65 		.ascii	"sizetype\000"
 542      74797065 
 542      00
 543              	.LASF6:
 544 019a 6C6F6E67 		.ascii	"long long int\000"
 544      206C6F6E 
 544      6720696E 
 544      7400
 545              	.LASF2:
 546 01a8 73686F72 		.ascii	"short int\000"
 546      7420696E 
 546      7400
 547              	.LASF4:
 548 01b2 6C6F6E67 		.ascii	"long int\000"
 548      20696E74 
 548      00
 549              	.LASF0:
 550 01bb 7369676E 		.ascii	"signed char\000"
 550      65642063 
 550      68617200 
 551              	.LASF18:
ARM GAS  C:\Users\franf\AppData\Local\Temp\ccqaSsIg.s 			page 12


 552 01c7 47656E65 		.ascii	"Generated_Source\\PSoC5\\cymetadata.c\000"
 552      72617465 
 552      645F536F 
 552      75726365 
 552      5C50536F 
 553              		.ident	"GCC: (GNU Tools for ARM Embedded Processors) 5.4.1 20160609 (release) [ARM/embedded-5-bran
